[ 2018-05-24T16:57:09+08:00 ] 127.0.0.1 /
INFO: [ app_init ] --START--
INFO: Run Behavior\BuildLiteBehavior [ RunTime:0.000044s ]
INFO: [ app_init ] --END-- [ RunTime:0.012642s ]
INFO: [ app_begin ] --START--
INFO: Run Behavior\ReadHtmlCacheBehavior [ RunTime:0.012759s ]
INFO: [ app_begin ] --END-- [ RunTime:0.012867s ]
NOTIC: [8] A session had already been started - ignoring session_start() F:\www\Zt\Dbshop\ThinkPHP\Common\functions.php 第 1263 行.
SQL: SHOW COLUMNS FROM `tb_goods` [ RunTime:0.0126s ]
SQL: SELECT * FROM `tb_goods` ORDER BY createtime asc LIMIT 8   [ RunTime:0.0019s ]
SQL: SHOW COLUMNS FROM `tb_banner` [ RunTime:0.0050s ]
SQL: SELECT * FROM `tb_banner`  [ RunTime:0.0002s ]
INFO: [ view_parse ] --START--
INFO: [ template_filter ] --START--
INFO: Run Behavior\ContentReplaceBehavior [ RunTime:0.000106s ]
INFO: [ template_filter ] --END-- [ RunTime:0.000209s ]
NOTIC: [8] Undefined index: type F:\www\Zt\Dbshop\Application\Runtime\Cache\Home\2a94b8bda04ff446dcedd42276fc99ee.php 第 46 行.
INFO: Run Behavior\ParseTemplateBehavior [ RunTime:0.094843s ]
INFO: [ view_parse ] --END-- [ RunTime:0.094959s ]
INFO: [ view_filter ] --START--
INFO: Run Behavior\WriteHtmlCacheBehavior [ RunTime:0.008065s ]
INFO: [ view_filter ] --END-- [ RunTime:0.008160s ]
INFO: [ app_end ] --START--
INFO: Run Behavior\ShowPageTraceBehavior [ RunTime:0.007178s ]
INFO: [ app_end ] --END-- [ RunTime:0.007275s ]

[ 2018-05-24T17:04:12+08:00 ] 127.0.0.1 /Home/images/p114912775.jpg
INFO: [ app_init ] --START--
INFO: Run Behavior\BuildLiteBehavior [ RunTime:0.000023s ]
INFO: [ app_init ] --END-- [ RunTime:0.000353s ]

[ 2018-05-24T17:04:12+08:00 ] 127.0.0.1 /Home/images/file-1524122635-0.jpg
INFO: [ app_init ] --START--
INFO: Run Behavior\BuildLiteBehavior [ RunTime:0.000071s ]
INFO: [ app_init ] --END-- [ RunTime:0.001710s ]

[ 2018-05-24T17:06:58+08:00 ] 127.0.0.1 /Home/images/file-1524122635-0.jpg
INFO: [ app_init ] --START--
INFO: Run Behavior\BuildLiteBehavior [ RunTime:0.000028s ]
INFO: [ app_init ] --END-- [ RunTime:0.000428s ]

[ 2018-05-24T17:06:58+08:00 ] 127.0.0.1 /Home/images/p114912775.jpg
INFO: [ app_init ] --START--
INFO: Run Behavior\BuildLiteBehavior [ RunTime:0.000024s ]
INFO: [ app_init ] --END-- [ RunTime:0.000427s ]

[ 2018-05-24T17:07:00+08:00 ] 127.0.0.1 /Home/images/p114912775.jpg
INFO: [ app_init ] --START--
INFO: Run Behavior\BuildLiteBehavior [ RunTime:0.000020s ]
INFO: [ app_init ] --END-- [ RunTime:0.000384s ]

[ 2018-05-24T17:07:00+08:00 ] 127.0.0.1 /Home/images/file-1524122635-0.jpg
INFO: [ app_init ] --START--
INFO: Run Behavior\BuildLiteBehavior [ RunTime:0.000020s ]
INFO: [ app_init ] --END-- [ RunTime:0.000359s ]

[ 2018-05-24T17:07:01+08:00 ] 127.0.0.1 /Home/images/p114912775.jpg
INFO: [ app_init ] --START--
INFO: Run Behavior\BuildLiteBehavior [ RunTime:0.000020s ]
INFO: [ app_init ] --END-- [ RunTime:0.000394s ]

[ 2018-05-24T17:07:01+08:00 ] 127.0.0.1 /Home/images/file-1524122635-0.jpg
INFO: [ app_init ] --START--
INFO: Run Behavior\BuildLiteBehavior [ RunTime:0.000136s ]
INFO: [ app_init ] --END-- [ RunTime:0.002276s ]

[ 2018-05-24T17:07:01+08:00 ] 127.0.0.1 /Home/images/file-1524122635-0.jpg
INFO: [ app_init ] --START--
INFO: Run Behavior\BuildLiteBehavior [ RunTime:0.000043s ]
INFO: [ app_init ] --END-- [ RunTime:0.000642s ]

[ 2018-05-24T17:07:01+08:00 ] 127.0.0.1 /Home/images/p114912775.jpg
INFO: [ app_init ] --START--
INFO: Run Behavior\BuildLiteBehavior [ RunTime:0.000021s ]
INFO: [ app_init ] --END-- [ RunTime:0.000345s ]

[ 2018-05-24T17:07:02+08:00 ] 127.0.0.1 /Home/images/p114912775.jpg
INFO: [ app_init ] --START--
INFO: Run Behavior\BuildLiteBehavior [ RunTime:0.000020s ]
INFO: [ app_init ] --END-- [ RunTime:0.000308s ]

[ 2018-05-24T17:07:02+08:00 ] 127.0.0.1 /Home/images/file-1524122635-0.jpg
INFO: [ app_init ] --START--
INFO: Run Behavior\BuildLiteBehavior [ RunTime:0.000020s ]
INFO: [ app_init ] --END-- [ RunTime:0.000338s ]

[ 2018-05-24T17:07:02+08:00 ] 127.0.0.1 /Home/images/file-1524122635-0.jpg
INFO: [ app_init ] --START--
INFO: Run Behavior\BuildLiteBehavior [ RunTime:0.000054s ]
INFO: [ app_init ] --END-- [ RunTime:0.001092s ]

[ 2018-05-24T17:07:02+08:00 ] 127.0.0.1 /Home/images/p114912775.jpg
INFO: [ app_init ] --START--
INFO: Run Behavior\BuildLiteBehavior [ RunTime:0.000020s ]
INFO: [ app_init ] --END-- [ RunTime:0.000320s ]

[ 2018-05-24T17:07:02+08:00 ] 127.0.0.1 /Home/images/p114912775.jpg
INFO: [ app_init ] --START--
INFO: Run Behavior\BuildLiteBehavior [ RunTime:0.000019s ]
INFO: [ app_init ] --END-- [ RunTime:0.000342s ]

[ 2018-05-24T17:07:02+08:00 ] 127.0.0.1 /Home/images/file-1524122635-0.jpg
INFO: [ app_init ] --START--
INFO: Run Behavior\BuildLiteBehavior [ RunTime:0.000042s ]
INFO: [ app_init ] --END-- [ RunTime:0.000360s ]

[ 2018-05-24T17:07:02+08:00 ] 127.0.0.1 /Home/images/file-1524122635-0.jpg
INFO: [ app_init ] --START--
INFO: Run Behavior\BuildLiteBehavior [ RunTime:0.000021s ]
INFO: [ app_init ] --END-- [ RunTime:0.000340s ]

[ 2018-05-24T17:07:02+08:00 ] 127.0.0.1 /Home/images/p114912775.jpg
INFO: [ app_init ] --START--
INFO: Run Behavior\BuildLiteBehavior [ RunTime:0.000022s ]
INFO: [ app_init ] --END-- [ RunTime:0.000369s ]

[ 2018-05-24T17:08:00+08:00 ] 127.0.0.1 /Home/images/file-1524122635-0.jpg
INFO: [ app_init ] --START--
INFO: Run Behavior\BuildLiteBehavior [ RunTime:0.000023s ]
INFO: [ app_init ] --END-- [ RunTime:0.000366s ]

[ 2018-05-24T17:08:00+08:00 ] 127.0.0.1 /Home/images/p114912775.jpg
INFO: [ app_init ] --START--
INFO: Run Behavior\BuildLiteBehavior [ RunTime:0.000021s ]
INFO: [ app_init ] --END-- [ RunTime:0.000356s ]

[ 2018-05-24T17:09:38+08:00 ] 127.0.0.1 /Home/images/file-1524122635-0.jpg
INFO: [ app_init ] --START--
INFO: Run Behavior\BuildLiteBehavior [ RunTime:0.000021s ]
INFO: [ app_init ] --END-- [ RunTime:0.000467s ]

[ 2018-05-24T17:09:38+08:00 ] 127.0.0.1 /Home/images/p114912775.jpg
INFO: [ app_init ] --START--
INFO: Run Behavior\BuildLiteBehavior [ RunTime:0.000021s ]
INFO: [ app_init ] --END-- [ RunTime:0.000368s ]

[ 2018-05-24T17:17:56+08:00 ] 127.0.0.1 //Home/images/p114912775.jpg
INFO: [ app_init ] --START--
INFO: Run Behavior\BuildLiteBehavior [ RunTime:0.000021s ]
INFO: [ app_init ] --END-- [ RunTime:0.000372s ]

[ 2018-05-24T17:17:56+08:00 ] 127.0.0.1 //Home/images/file-1524122635-0.jpg
INFO: [ app_init ] --START--
INFO: Run Behavior\BuildLiteBehavior [ RunTime:0.000020s ]
INFO: [ app_init ] --END-- [ RunTime:0.000360s ]

