[ 2018-06-02T18:38:07+08:00 ] 127.0.0.1 /index.php/Home/Index/info/id/5.html
INFO: [ app_init ] --START--
INFO: Run Behavior\BuildLiteBehavior [ RunTime:0.000021s ]
INFO: [ app_init ] --END-- [ RunTime:0.000454s ]
INFO: [ app_begin ] --START--
INFO: Run Behavior\ReadHtmlCacheBehavior [ RunTime:0.000346s ]
INFO: [ app_begin ] --END-- [ RunTime:0.000447s ]
NOTIC: [8] A session had already been started - ignoring session_start() F:\www\Zt\Dbshop\ThinkPHP\Common\functions.php 第 1263 行.
SQL: SHOW COLUMNS FROM `tb_goods` [ RunTime:0.0007s ]
SQL: SELECT * FROM `tb_goods` WHERE `id` = 5 LIMIT 1   [ RunTime:0.0004s ]
INFO: [ view_parse ] --START--
INFO: [ template_filter ] --START--
INFO: Run Behavior\ContentReplaceBehavior [ RunTime:0.000069s ]
INFO: [ template_filter ] --END-- [ RunTime:0.000166s ]
INFO: Run Behavior\ParseTemplateBehavior [ RunTime:0.029919s ]
INFO: [ view_parse ] --END-- [ RunTime:0.030030s ]
INFO: [ view_filter ] --START--
INFO: Run Behavior\WriteHtmlCacheBehavior [ RunTime:0.002439s ]
INFO: [ view_filter ] --END-- [ RunTime:0.002528s ]
INFO: [ app_end ] --START--
INFO: Run Behavior\ShowPageTraceBehavior [ RunTime:0.000365s ]
INFO: [ app_end ] --END-- [ RunTime:0.000466s ]

[ 2018-06-02T18:38:07+08:00 ] 127.0.0.1 /index.php/Home/Index/info/id/5.html
INFO: [ app_init ] --START--
INFO: Run Behavior\BuildLiteBehavior [ RunTime:0.000021s ]
INFO: [ app_init ] --END-- [ RunTime:0.000332s ]
INFO: [ app_begin ] --START--
INFO: Run Behavior\ReadHtmlCacheBehavior [ RunTime:0.001341s ]
INFO: [ app_begin ] --END-- [ RunTime:0.001566s ]
NOTIC: [8] A session had already been started - ignoring session_start() F:\www\Zt\Dbshop\ThinkPHP\Common\functions.php 第 1263 行.
SQL: SHOW COLUMNS FROM `tb_goods` [ RunTime:0.0006s ]
SQL: SELECT * FROM `tb_goods` WHERE `id` = 5 LIMIT 1   [ RunTime:0.0002s ]
INFO: [ view_parse ] --START--
INFO: [ template_filter ] --START--
INFO: Run Behavior\ContentReplaceBehavior [ RunTime:0.000080s ]
INFO: [ template_filter ] --END-- [ RunTime:0.000174s ]
INFO: Run Behavior\ParseTemplateBehavior [ RunTime:0.006875s ]
INFO: [ view_parse ] --END-- [ RunTime:0.006971s ]
INFO: [ view_filter ] --START--
INFO: Run Behavior\WriteHtmlCacheBehavior [ RunTime:0.000188s ]
INFO: [ view_filter ] --END-- [ RunTime:0.000272s ]
INFO: [ app_end ] --START--
INFO: Run Behavior\ShowPageTraceBehavior [ RunTime:0.000399s ]
INFO: [ app_end ] --END-- [ RunTime:0.000497s ]

[ 2018-06-02T18:38:08+08:00 ] 127.0.0.1 /index.php/Home/Index/info/id/5.html
INFO: [ app_init ] --START--
INFO: Run Behavior\BuildLiteBehavior [ RunTime:0.000023s ]
INFO: [ app_init ] --END-- [ RunTime:0.000396s ]
INFO: [ app_begin ] --START--
INFO: Run Behavior\ReadHtmlCacheBehavior [ RunTime:0.000475s ]
INFO: [ app_begin ] --END-- [ RunTime:0.000645s ]
NOTIC: [8] A session had already been started - ignoring session_start() F:\www\Zt\Dbshop\ThinkPHP\Common\functions.php 第 1263 行.
SQL: SHOW COLUMNS FROM `tb_goods` [ RunTime:0.0007s ]
SQL: SELECT * FROM `tb_goods` WHERE `id` = 5 LIMIT 1   [ RunTime:0.0003s ]
INFO: [ view_parse ] --START--
INFO: [ template_filter ] --START--
INFO: Run Behavior\ContentReplaceBehavior [ RunTime:0.000075s ]
INFO: [ template_filter ] --END-- [ RunTime:0.000255s ]
INFO: Run Behavior\ParseTemplateBehavior [ RunTime:0.015631s ]
INFO: [ view_parse ] --END-- [ RunTime:0.015750s ]
INFO: [ view_filter ] --START--
INFO: Run Behavior\WriteHtmlCacheBehavior [ RunTime:0.000217s ]
INFO: [ view_filter ] --END-- [ RunTime:0.000302s ]
INFO: [ app_end ] --START--
INFO: Run Behavior\ShowPageTraceBehavior [ RunTime:0.000431s ]
INFO: [ app_end ] --END-- [ RunTime:0.000528s ]

[ 2018-06-02T18:38:09+08:00 ] 127.0.0.1 /index.php/Home/order/ordertmp.html
INFO: [ app_init ] --START--
INFO: Run Behavior\BuildLiteBehavior [ RunTime:0.000026s ]
INFO: [ app_init ] --END-- [ RunTime:0.000360s ]
INFO: [ app_begin ] --START--
INFO: Run Behavior\ReadHtmlCacheBehavior [ RunTime:0.000371s ]
INFO: [ app_begin ] --END-- [ RunTime:0.000455s ]
NOTIC: [8] A session had already been started - ignoring session_start() F:\www\Zt\Dbshop\ThinkPHP\Common\functions.php 第 1263 行.
NOTIC: [8] Undefined variable: goods_id F:\www\Zt\Dbshop\Application\Home\Controller\OrderController.class.php 第 45 行.
ERR: 1146:Table 'db_shop.tb_order_tmp' doesn't exist
 [ SQL语句 ] : SHOW COLUMNS FROM `tb_order_tmp`
ERR: 1146:Table 'db_shop.tb_order_tmp' doesn't exist
 [ SQL语句 ] : SHOW COLUMNS FROM `tb_order_tmp`

[ 2018-06-02T18:38:10+08:00 ] 127.0.0.1 /index.php/Home/Cart/cartlist.html
INFO: [ app_init ] --START--
INFO: Run Behavior\BuildLiteBehavior [ RunTime:0.000022s ]
INFO: [ app_init ] --END-- [ RunTime:0.000418s ]
INFO: [ app_begin ] --START--
INFO: Run Behavior\ReadHtmlCacheBehavior [ RunTime:0.000331s ]
INFO: [ app_begin ] --END-- [ RunTime:0.000414s ]
NOTIC: [8] A session had already been started - ignoring session_start() F:\www\Zt\Dbshop\ThinkPHP\Common\functions.php 第 1263 行.
SQL: SHOW COLUMNS FROM `tb_cart` [ RunTime:0.0006s ]
ERR: 1062:Duplicate entry '5-1' for key 'user_goods'
 [ SQL语句 ] : INSERT INTO `tb_cart` (`image`,`goods_id`,`goods_name`,`goods_price`,`goods_num`,`user_id`,`createtime`) VALUES ('./Uploads/2018-05-24/5b06837350b9a.jpg','5','wanfan','50','1','1','2018-06-02,18:38:10')
ERR: 1062:Duplicate entry '5-1' for key 'user_goods'
 [ SQL语句 ] : INSERT INTO `tb_cart` (`image`,`goods_id`,`goods_name`,`goods_price`,`goods_num`,`user_id`,`createtime`) VALUES ('./Uploads/2018-05-24/5b06837350b9a.jpg','5','wanfan','50','1','1','2018-06-02,18:38:10')

[ 2018-06-02T18:38:33+08:00 ] 127.0.0.1 /
INFO: [ app_init ] --START--
INFO: Run Behavior\BuildLiteBehavior [ RunTime:0.000024s ]
INFO: [ app_init ] --END-- [ RunTime:0.000368s ]
INFO: [ app_begin ] --START--
INFO: Run Behavior\ReadHtmlCacheBehavior [ RunTime:0.000484s ]
INFO: [ app_begin ] --END-- [ RunTime:0.000614s ]
NOTIC: [8] A session had already been started - ignoring session_start() F:\www\Zt\Dbshop\ThinkPHP\Common\functions.php 第 1263 行.
SQL: SHOW COLUMNS FROM `tb_goods` [ RunTime:0.0005s ]
SQL: SELECT * FROM `tb_goods` ORDER BY createtime asc LIMIT 8   [ RunTime:0.0003s ]
SQL: SHOW COLUMNS FROM `tb_tags` [ RunTime:0.0016s ]
SQL: SELECT * FROM `tb_tags` WHERE `id` = 1 LIMIT 1   [ RunTime:0.0003s ]
SQL: SELECT * FROM `tb_tags` WHERE `id` = 2 LIMIT 1   [ RunTime:0.0002s ]
SQL: SELECT * FROM `tb_tags` WHERE `id` = 1 LIMIT 1   [ RunTime:0.0002s ]
SQL: SELECT * FROM `tb_tags` WHERE `id` = 2 LIMIT 1   [ RunTime:0.0002s ]
SQL: SELECT * FROM `tb_tags` WHERE `id` = 1 LIMIT 1   [ RunTime:0.0002s ]
SQL: SELECT * FROM `tb_tags` WHERE `id` = 2 LIMIT 1   [ RunTime:0.0002s ]
SQL: SELECT * FROM `tb_tags` WHERE `id` = 2 LIMIT 1   [ RunTime:0.0002s ]
SQL: SHOW COLUMNS FROM `tb_banner` [ RunTime:0.0004s ]
NOTIC: [8] Undefined variable: cache F:\www\Zt\Dbshop\Application\Home\Model\BannerModel.class.php 第 7 行.
SQL: SELECT * FROM `tb_banner`  [ RunTime:0.0003s ]
INFO: [ view_parse ] --START--
INFO: [ template_filter ] --START--
INFO: Run Behavior\ContentReplaceBehavior [ RunTime:0.000093s ]
INFO: [ template_filter ] --END-- [ RunTime:0.000236s ]
INFO: Run Behavior\ParseTemplateBehavior [ RunTime:0.013860s ]
INFO: [ view_parse ] --END-- [ RunTime:0.013993s ]
INFO: [ view_filter ] --START--
INFO: Run Behavior\WriteHtmlCacheBehavior [ RunTime:0.000249s ]
INFO: [ view_filter ] --END-- [ RunTime:0.000337s ]
INFO: [ app_end ] --START--
INFO: Run Behavior\ShowPageTraceBehavior [ RunTime:0.000361s ]
INFO: [ app_end ] --END-- [ RunTime:0.000461s ]

[ 2018-06-02T18:38:38+08:00 ] 127.0.0.1 /
INFO: [ app_init ] --START--
INFO: Run Behavior\BuildLiteBehavior [ RunTime:0.000019s ]
INFO: [ app_init ] --END-- [ RunTime:0.000323s ]
INFO: [ app_begin ] --START--
INFO: Run Behavior\ReadHtmlCacheBehavior [ RunTime:0.000509s ]
INFO: [ app_begin ] --END-- [ RunTime:0.000675s ]
NOTIC: [8] A session had already been started - ignoring session_start() F:\www\Zt\Dbshop\ThinkPHP\Common\functions.php 第 1263 行.
SQL: SHOW COLUMNS FROM `tb_goods` [ RunTime:0.0006s ]
SQL: SELECT * FROM `tb_goods` ORDER BY createtime asc LIMIT 8   [ RunTime:0.0002s ]
SQL: SHOW COLUMNS FROM `tb_tags` [ RunTime:0.0007s ]
SQL: SELECT * FROM `tb_tags` WHERE `id` = 1 LIMIT 1   [ RunTime:0.0010s ]
SQL: SELECT * FROM `tb_tags` WHERE `id` = 2 LIMIT 1   [ RunTime:0.0020s ]
SQL: SELECT * FROM `tb_tags` WHERE `id` = 1 LIMIT 1   [ RunTime:0.0004s ]
SQL: SELECT * FROM `tb_tags` WHERE `id` = 2 LIMIT 1   [ RunTime:0.0002s ]
SQL: SELECT * FROM `tb_tags` WHERE `id` = 1 LIMIT 1   [ RunTime:0.0002s ]
SQL: SELECT * FROM `tb_tags` WHERE `id` = 2 LIMIT 1   [ RunTime:0.0002s ]
SQL: SELECT * FROM `tb_tags` WHERE `id` = 2 LIMIT 1   [ RunTime:0.0002s ]
SQL: SHOW COLUMNS FROM `tb_banner` [ RunTime:0.0004s ]
NOTIC: [8] Undefined variable: cache F:\www\Zt\Dbshop\Application\Home\Model\BannerModel.class.php 第 7 行.
SQL: SELECT * FROM `tb_banner`  [ RunTime:0.0003s ]
INFO: [ view_parse ] --START--
INFO: [ template_filter ] --START--
INFO: Run Behavior\ContentReplaceBehavior [ RunTime:0.000077s ]
INFO: [ template_filter ] --END-- [ RunTime:0.000183s ]
INFO: Run Behavior\ParseTemplateBehavior [ RunTime:0.013454s ]
INFO: [ view_parse ] --END-- [ RunTime:0.013672s ]
INFO: [ view_filter ] --START--
INFO: Run Behavior\WriteHtmlCacheBehavior [ RunTime:0.000259s ]
INFO: [ view_filter ] --END-- [ RunTime:0.000343s ]
INFO: [ app_end ] --START--
INFO: Run Behavior\ShowPageTraceBehavior [ RunTime:0.000651s ]
INFO: [ app_end ] --END-- [ RunTime:0.000768s ]

[ 2018-06-02T18:38:39+08:00 ] 127.0.0.1 /
INFO: [ app_init ] --START--
INFO: Run Behavior\BuildLiteBehavior [ RunTime:0.000054s ]
INFO: [ app_init ] --END-- [ RunTime:0.000507s ]
INFO: [ app_begin ] --START--
INFO: Run Behavior\ReadHtmlCacheBehavior [ RunTime:0.000465s ]
INFO: [ app_begin ] --END-- [ RunTime:0.000594s ]
NOTIC: [8] A session had already been started - ignoring session_start() F:\www\Zt\Dbshop\ThinkPHP\Common\functions.php 第 1263 行.
SQL: SHOW COLUMNS FROM `tb_goods` [ RunTime:0.0004s ]
SQL: SELECT * FROM `tb_goods` ORDER BY createtime asc LIMIT 8   [ RunTime:0.0003s ]
SQL: SHOW COLUMNS FROM `tb_tags` [ RunTime:0.0004s ]
SQL: SELECT * FROM `tb_tags` WHERE `id` = 1 LIMIT 1   [ RunTime:0.0002s ]
SQL: SELECT * FROM `tb_tags` WHERE `id` = 2 LIMIT 1   [ RunTime:0.0002s ]
SQL: SELECT * FROM `tb_tags` WHERE `id` = 1 LIMIT 1   [ RunTime:0.0002s ]
SQL: SELECT * FROM `tb_tags` WHERE `id` = 2 LIMIT 1   [ RunTime:0.0002s ]
SQL: SELECT * FROM `tb_tags` WHERE `id` = 1 LIMIT 1   [ RunTime:0.0002s ]
SQL: SELECT * FROM `tb_tags` WHERE `id` = 2 LIMIT 1   [ RunTime:0.0002s ]
SQL: SELECT * FROM `tb_tags` WHERE `id` = 2 LIMIT 1   [ RunTime:0.0002s ]
SQL: SHOW COLUMNS FROM `tb_banner` [ RunTime:0.0004s ]
NOTIC: [8] Undefined variable: cache F:\www\Zt\Dbshop\Application\Home\Model\BannerModel.class.php 第 7 行.
SQL: SELECT * FROM `tb_banner`  [ RunTime:0.0022s ]
INFO: [ view_parse ] --START--
INFO: [ template_filter ] --START--
INFO: Run Behavior\ContentReplaceBehavior [ RunTime:0.000095s ]
INFO: [ template_filter ] --END-- [ RunTime:0.000219s ]
INFO: Run Behavior\ParseTemplateBehavior [ RunTime:0.012356s ]
INFO: [ view_parse ] --END-- [ RunTime:0.012529s ]
INFO: [ view_filter ] --START--
INFO: Run Behavior\WriteHtmlCacheBehavior [ RunTime:0.001569s ]
INFO: [ view_filter ] --END-- [ RunTime:0.001737s ]
INFO: [ app_end ] --START--
INFO: Run Behavior\ShowPageTraceBehavior [ RunTime:0.000607s ]
INFO: [ app_end ] --END-- [ RunTime:0.000774s ]

[ 2018-06-02T18:38:39+08:00 ] 127.0.0.1 /index.php/Home/Index/info/id/7.html
INFO: [ app_init ] --START--
INFO: Run Behavior\BuildLiteBehavior [ RunTime:0.000020s ]
INFO: [ app_init ] --END-- [ RunTime:0.000326s ]
INFO: [ app_begin ] --START--
INFO: Run Behavior\ReadHtmlCacheBehavior [ RunTime:0.000446s ]
INFO: [ app_begin ] --END-- [ RunTime:0.000547s ]
NOTIC: [8] A session had already been started - ignoring session_start() F:\www\Zt\Dbshop\ThinkPHP\Common\functions.php 第 1263 行.
SQL: SHOW COLUMNS FROM `tb_goods` [ RunTime:0.0005s ]
SQL: SELECT * FROM `tb_goods` WHERE `id` = 7 LIMIT 1   [ RunTime:0.0002s ]
INFO: [ view_parse ] --START--
INFO: [ template_filter ] --START--
INFO: Run Behavior\ContentReplaceBehavior [ RunTime:0.000076s ]
INFO: [ template_filter ] --END-- [ RunTime:0.000175s ]
INFO: Run Behavior\ParseTemplateBehavior [ RunTime:0.014112s ]
INFO: [ view_parse ] --END-- [ RunTime:0.014207s ]
INFO: [ view_filter ] --START--
INFO: Run Behavior\WriteHtmlCacheBehavior [ RunTime:0.000187s ]
INFO: [ view_filter ] --END-- [ RunTime:0.000273s ]
INFO: [ app_end ] --START--
INFO: Run Behavior\ShowPageTraceBehavior [ RunTime:0.000490s ]
INFO: [ app_end ] --END-- [ RunTime:0.000591s ]

[ 2018-06-02T18:38:41+08:00 ] 127.0.0.1 /index.php/Home/Cart/cartlist.html
INFO: [ app_init ] --START--
INFO: Run Behavior\BuildLiteBehavior [ RunTime:0.000022s ]
INFO: [ app_init ] --END-- [ RunTime:0.000375s ]
INFO: [ app_begin ] --START--
INFO: Run Behavior\ReadHtmlCacheBehavior [ RunTime:0.000348s ]
INFO: [ app_begin ] --END-- [ RunTime:0.000447s ]
NOTIC: [8] A session had already been started - ignoring session_start() F:\www\Zt\Dbshop\ThinkPHP\Common\functions.php 第 1263 行.
SQL: SHOW COLUMNS FROM `tb_cart` [ RunTime:0.0005s ]
ERR: 1062:Duplicate entry '7-1' for key 'user_goods'
 [ SQL语句 ] : INSERT INTO `tb_cart` (`image`,`goods_id`,`goods_name`,`goods_price`,`goods_num`,`user_id`,`createtime`) VALUES ('./Uploads/2018-05-26/5b09048eb07d6.jpg','7','书包','69','1','1','2018-06-02,18:38:41')
ERR: 1062:Duplicate entry '7-1' for key 'user_goods'
 [ SQL语句 ] : INSERT INTO `tb_cart` (`image`,`goods_id`,`goods_name`,`goods_price`,`goods_num`,`user_id`,`createtime`) VALUES ('./Uploads/2018-05-26/5b09048eb07d6.jpg','7','书包','69','1','1','2018-06-02,18:38:41')

[ 2018-06-02T18:38:43+08:00 ] 127.0.0.1 /index.php/Home/Cart/cartlist.html
INFO: [ app_init ] --START--
INFO: Run Behavior\BuildLiteBehavior [ RunTime:0.000023s ]
INFO: [ app_init ] --END-- [ RunTime:0.000453s ]
INFO: [ app_begin ] --START--
INFO: Run Behavior\ReadHtmlCacheBehavior [ RunTime:0.000375s ]
INFO: [ app_begin ] --END-- [ RunTime:0.000461s ]
NOTIC: [8] A session had already been started - ignoring session_start() F:\www\Zt\Dbshop\ThinkPHP\Common\functions.php 第 1263 行.
SQL: SHOW COLUMNS FROM `tb_cart` [ RunTime:0.0005s ]
ERR: 1062:Duplicate entry '7-1' for key 'user_goods'
 [ SQL语句 ] : INSERT INTO `tb_cart` (`image`,`goods_id`,`goods_name`,`goods_price`,`goods_num`,`user_id`,`createtime`) VALUES ('./Uploads/2018-05-26/5b09048eb07d6.jpg','7','书包','69','1','1','2018-06-02,18:38:43')
ERR: 1062:Duplicate entry '7-1' for key 'user_goods'
 [ SQL语句 ] : INSERT INTO `tb_cart` (`image`,`goods_id`,`goods_name`,`goods_price`,`goods_num`,`user_id`,`createtime`) VALUES ('./Uploads/2018-05-26/5b09048eb07d6.jpg','7','书包','69','1','1','2018-06-02,18:38:43')

[ 2018-06-02T18:39:10+08:00 ] 127.0.0.1 /index.php/Home/Cart/cartlist.html
INFO: [ app_init ] --START--
INFO: Run Behavior\BuildLiteBehavior [ RunTime:0.000020s ]
INFO: [ app_init ] --END-- [ RunTime:0.000359s ]
INFO: [ app_begin ] --START--
INFO: Run Behavior\ReadHtmlCacheBehavior [ RunTime:0.000432s ]
INFO: [ app_begin ] --END-- [ RunTime:0.000514s ]
NOTIC: [8] A session had already been started - ignoring session_start() F:\www\Zt\Dbshop\ThinkPHP\Common\functions.php 第 1263 行.
SQL: SHOW COLUMNS FROM `tb_cart` [ RunTime:0.0006s ]
ERR: 1062:Duplicate entry '7-1' for key 'user_goods'
 [ SQL语句 ] : INSERT INTO `tb_cart` (`image`,`goods_id`,`goods_name`,`goods_price`,`goods_num`,`user_id`,`createtime`) VALUES ('./Uploads/2018-05-26/5b09048eb07d6.jpg','7','书包','69','1','1','2018-06-02,18:39:10')
ERR: 1062:Duplicate entry '7-1' for key 'user_goods'
 [ SQL语句 ] : INSERT INTO `tb_cart` (`image`,`goods_id`,`goods_name`,`goods_price`,`goods_num`,`user_id`,`createtime`) VALUES ('./Uploads/2018-05-26/5b09048eb07d6.jpg','7','书包','69','1','1','2018-06-02,18:39:10')

[ 2018-06-02T18:39:11+08:00 ] 127.0.0.1 /index.php/Home/Cart/cartlist.html
INFO: [ app_init ] --START--
INFO: Run Behavior\BuildLiteBehavior [ RunTime:0.000019s ]
INFO: [ app_init ] --END-- [ RunTime:0.000342s ]
INFO: [ app_begin ] --START--
INFO: Run Behavior\ReadHtmlCacheBehavior [ RunTime:0.000485s ]
INFO: [ app_begin ] --END-- [ RunTime:0.000594s ]
NOTIC: [8] A session had already been started - ignoring session_start() F:\www\Zt\Dbshop\ThinkPHP\Common\functions.php 第 1263 行.
SQL: SHOW COLUMNS FROM `tb_cart` [ RunTime:0.0006s ]
ERR: 1062:Duplicate entry '7-1' for key 'user_goods'
 [ SQL语句 ] : INSERT INTO `tb_cart` (`image`,`goods_id`,`goods_name`,`goods_price`,`goods_num`,`user_id`,`createtime`) VALUES ('./Uploads/2018-05-26/5b09048eb07d6.jpg','7','书包','69','1','1','2018-06-02,18:39:11')
ERR: 1062:Duplicate entry '7-1' for key 'user_goods'
 [ SQL语句 ] : INSERT INTO `tb_cart` (`image`,`goods_id`,`goods_name`,`goods_price`,`goods_num`,`user_id`,`createtime`) VALUES ('./Uploads/2018-05-26/5b09048eb07d6.jpg','7','书包','69','1','1','2018-06-02,18:39:11')

[ 2018-06-02T18:39:11+08:00 ] 127.0.0.1 /index.php/Home/Cart/cartlist.html
INFO: [ app_init ] --START--
INFO: Run Behavior\BuildLiteBehavior [ RunTime:0.000020s ]
INFO: [ app_init ] --END-- [ RunTime:0.000335s ]
INFO: [ app_begin ] --START--
INFO: Run Behavior\ReadHtmlCacheBehavior [ RunTime:0.000359s ]
INFO: [ app_begin ] --END-- [ RunTime:0.000440s ]
NOTIC: [8] A session had already been started - ignoring session_start() F:\www\Zt\Dbshop\ThinkPHP\Common\functions.php 第 1263 行.
SQL: SHOW COLUMNS FROM `tb_cart` [ RunTime:0.0011s ]
ERR: 1062:Duplicate entry '7-1' for key 'user_goods'
 [ SQL语句 ] : INSERT INTO `tb_cart` (`image`,`goods_id`,`goods_name`,`goods_price`,`goods_num`,`user_id`,`createtime`) VALUES ('./Uploads/2018-05-26/5b09048eb07d6.jpg','7','书包','69','1','1','2018-06-02,18:39:11')
ERR: 1062:Duplicate entry '7-1' for key 'user_goods'
 [ SQL语句 ] : INSERT INTO `tb_cart` (`image`,`goods_id`,`goods_name`,`goods_price`,`goods_num`,`user_id`,`createtime`) VALUES ('./Uploads/2018-05-26/5b09048eb07d6.jpg','7','书包','69','1','1','2018-06-02,18:39:11')

[ 2018-06-02T18:39:11+08:00 ] 127.0.0.1 /index.php/Home/Cart/cartlist.html
INFO: [ app_init ] --START--
INFO: Run Behavior\BuildLiteBehavior [ RunTime:0.000019s ]
INFO: [ app_init ] --END-- [ RunTime:0.000350s ]
INFO: [ app_begin ] --START--
INFO: Run Behavior\ReadHtmlCacheBehavior [ RunTime:0.000326s ]
INFO: [ app_begin ] --END-- [ RunTime:0.000451s ]
NOTIC: [8] A session had already been started - ignoring session_start() F:\www\Zt\Dbshop\ThinkPHP\Common\functions.php 第 1263 行.
SQL: SHOW COLUMNS FROM `tb_cart` [ RunTime:0.0011s ]
ERR: 1062:Duplicate entry '7-1' for key 'user_goods'
 [ SQL语句 ] : INSERT INTO `tb_cart` (`image`,`goods_id`,`goods_name`,`goods_price`,`goods_num`,`user_id`,`createtime`) VALUES ('./Uploads/2018-05-26/5b09048eb07d6.jpg','7','书包','69','1','1','2018-06-02,18:39:11')
ERR: 1062:Duplicate entry '7-1' for key 'user_goods'
 [ SQL语句 ] : INSERT INTO `tb_cart` (`image`,`goods_id`,`goods_name`,`goods_price`,`goods_num`,`user_id`,`createtime`) VALUES ('./Uploads/2018-05-26/5b09048eb07d6.jpg','7','书包','69','1','1','2018-06-02,18:39:11')

[ 2018-06-02T18:39:11+08:00 ] 127.0.0.1 /index.php/Home/Cart/cartlist.html
INFO: [ app_init ] --START--
INFO: Run Behavior\BuildLiteBehavior [ RunTime:0.000022s ]
INFO: [ app_init ] --END-- [ RunTime:0.001159s ]
INFO: [ app_begin ] --START--
INFO: Run Behavior\ReadHtmlCacheBehavior [ RunTime:0.000403s ]
INFO: [ app_begin ] --END-- [ RunTime:0.000484s ]
NOTIC: [8] A session had already been started - ignoring session_start() F:\www\Zt\Dbshop\ThinkPHP\Common\functions.php 第 1263 行.
SQL: SHOW COLUMNS FROM `tb_cart` [ RunTime:0.0006s ]
ERR: 1062:Duplicate entry '7-1' for key 'user_goods'
 [ SQL语句 ] : INSERT INTO `tb_cart` (`image`,`goods_id`,`goods_name`,`goods_price`,`goods_num`,`user_id`,`createtime`) VALUES ('./Uploads/2018-05-26/5b09048eb07d6.jpg','7','书包','69','1','1','2018-06-02,18:39:11')
ERR: 1062:Duplicate entry '7-1' for key 'user_goods'
 [ SQL语句 ] : INSERT INTO `tb_cart` (`image`,`goods_id`,`goods_name`,`goods_price`,`goods_num`,`user_id`,`createtime`) VALUES ('./Uploads/2018-05-26/5b09048eb07d6.jpg','7','书包','69','1','1','2018-06-02,18:39:11')

[ 2018-06-02T18:39:12+08:00 ] 127.0.0.1 /index.php/Home/Cart/cartlist.html
INFO: [ app_init ] --START--
INFO: Run Behavior\BuildLiteBehavior [ RunTime:0.000020s ]
INFO: [ app_init ] --END-- [ RunTime:0.000335s ]
INFO: [ app_begin ] --START--
INFO: Run Behavior\ReadHtmlCacheBehavior [ RunTime:0.000325s ]
INFO: [ app_begin ] --END-- [ RunTime:0.000405s ]
NOTIC: [8] A session had already been started - ignoring session_start() F:\www\Zt\Dbshop\ThinkPHP\Common\functions.php 第 1263 行.
SQL: SHOW COLUMNS FROM `tb_cart` [ RunTime:0.0012s ]
ERR: 1062:Duplicate entry '7-1' for key 'user_goods'
 [ SQL语句 ] : INSERT INTO `tb_cart` (`image`,`goods_id`,`goods_name`,`goods_price`,`goods_num`,`user_id`,`createtime`) VALUES ('./Uploads/2018-05-26/5b09048eb07d6.jpg','7','书包','69','1','1','2018-06-02,18:39:12')
ERR: 1062:Duplicate entry '7-1' for key 'user_goods'
 [ SQL语句 ] : INSERT INTO `tb_cart` (`image`,`goods_id`,`goods_name`,`goods_price`,`goods_num`,`user_id`,`createtime`) VALUES ('./Uploads/2018-05-26/5b09048eb07d6.jpg','7','书包','69','1','1','2018-06-02,18:39:12')

[ 2018-06-02T18:39:12+08:00 ] 127.0.0.1 /index.php/Home/Cart/cartlist.html
INFO: [ app_init ] --START--
INFO: Run Behavior\BuildLiteBehavior [ RunTime:0.000021s ]
INFO: [ app_init ] --END-- [ RunTime:0.000342s ]
INFO: [ app_begin ] --START--
INFO: Run Behavior\ReadHtmlCacheBehavior [ RunTime:0.000370s ]
INFO: [ app_begin ] --END-- [ RunTime:0.000477s ]
NOTIC: [8] A session had already been started - ignoring session_start() F:\www\Zt\Dbshop\ThinkPHP\Common\functions.php 第 1263 行.
SQL: SHOW COLUMNS FROM `tb_cart` [ RunTime:0.0006s ]
ERR: 1062:Duplicate entry '7-1' for key 'user_goods'
 [ SQL语句 ] : INSERT INTO `tb_cart` (`image`,`goods_id`,`goods_name`,`goods_price`,`goods_num`,`user_id`,`createtime`) VALUES ('./Uploads/2018-05-26/5b09048eb07d6.jpg','7','书包','69','1','1','2018-06-02,18:39:12')
ERR: 1062:Duplicate entry '7-1' for key 'user_goods'
 [ SQL语句 ] : INSERT INTO `tb_cart` (`image`,`goods_id`,`goods_name`,`goods_price`,`goods_num`,`user_id`,`createtime`) VALUES ('./Uploads/2018-05-26/5b09048eb07d6.jpg','7','书包','69','1','1','2018-06-02,18:39:12')

[ 2018-06-02T18:40:14+08:00 ] 127.0.0.1 /index.php/Home/Index/info/id/7.html
INFO: [ app_init ] --START--
INFO: Run Behavior\BuildLiteBehavior [ RunTime:0.000021s ]
INFO: [ app_init ] --END-- [ RunTime:0.000481s ]
INFO: [ app_begin ] --START--
INFO: Run Behavior\ReadHtmlCacheBehavior [ RunTime:0.000566s ]
INFO: [ app_begin ] --END-- [ RunTime:0.000662s ]
NOTIC: [8] A session had already been started - ignoring session_start() F:\www\Zt\Dbshop\ThinkPHP\Common\functions.php 第 1263 行.
SQL: SHOW COLUMNS FROM `tb_goods` [ RunTime:0.0103s ]
SQL: SELECT * FROM `tb_goods` WHERE `id` = 7 LIMIT 1   [ RunTime:0.0003s ]
INFO: [ view_parse ] --START--
INFO: [ template_filter ] --START--
INFO: Run Behavior\ContentReplaceBehavior [ RunTime:0.000088s ]
INFO: [ template_filter ] --END-- [ RunTime:0.000181s ]
INFO: Run Behavior\ParseTemplateBehavior [ RunTime:0.029268s ]
INFO: [ view_parse ] --END-- [ RunTime:0.029430s ]
INFO: [ view_filter ] --START--
INFO: Run Behavior\WriteHtmlCacheBehavior [ RunTime:0.000428s ]
INFO: [ view_filter ] --END-- [ RunTime:0.000583s ]
INFO: [ app_end ] --START--
INFO: Run Behavior\ShowPageTraceBehavior [ RunTime:0.000438s ]
INFO: [ app_end ] --END-- [ RunTime:0.000526s ]

[ 2018-06-02T18:40:14+08:00 ] 127.0.0.1 /index.php/Home/Index/info/id/7.html
INFO: [ app_init ] --START--
INFO: Run Behavior\BuildLiteBehavior [ RunTime:0.000026s ]
INFO: [ app_init ] --END-- [ RunTime:0.000391s ]
INFO: [ app_begin ] --START--
INFO: Run Behavior\ReadHtmlCacheBehavior [ RunTime:0.000476s ]
INFO: [ app_begin ] --END-- [ RunTime:0.000582s ]
NOTIC: [8] A session had already been started - ignoring session_start() F:\www\Zt\Dbshop\ThinkPHP\Common\functions.php 第 1263 行.
SQL: SHOW COLUMNS FROM `tb_goods` [ RunTime:0.0015s ]
SQL: SELECT * FROM `tb_goods` WHERE `id` = 7 LIMIT 1   [ RunTime:0.0004s ]
INFO: [ view_parse ] --START--
INFO: [ template_filter ] --START--
INFO: Run Behavior\ContentReplaceBehavior [ RunTime:0.000088s ]
INFO: [ template_filter ] --END-- [ RunTime:0.000191s ]
INFO: Run Behavior\ParseTemplateBehavior [ RunTime:0.013082s ]
INFO: [ view_parse ] --END-- [ RunTime:0.013194s ]
INFO: [ view_filter ] --START--
INFO: Run Behavior\WriteHtmlCacheBehavior [ RunTime:0.000205s ]
INFO: [ view_filter ] --END-- [ RunTime:0.000301s ]
INFO: [ app_end ] --START--
INFO: Run Behavior\ShowPageTraceBehavior [ RunTime:0.000388s ]
INFO: [ app_end ] --END-- [ RunTime:0.000482s ]

[ 2018-06-02T18:40:14+08:00 ] 127.0.0.1 /index.php/Home/Index/info/id/7.html
INFO: [ app_init ] --START--
INFO: Run Behavior\BuildLiteBehavior [ RunTime:0.000020s ]
INFO: [ app_init ] --END-- [ RunTime:0.000336s ]
INFO: [ app_begin ] --START--
INFO: Run Behavior\ReadHtmlCacheBehavior [ RunTime:0.000346s ]
INFO: [ app_begin ] --END-- [ RunTime:0.000442s ]
NOTIC: [8] A session had already been started - ignoring session_start() F:\www\Zt\Dbshop\ThinkPHP\Common\functions.php 第 1263 行.
SQL: SHOW COLUMNS FROM `tb_goods` [ RunTime:0.0009s ]
SQL: SELECT * FROM `tb_goods` WHERE `id` = 7 LIMIT 1   [ RunTime:0.0002s ]
INFO: [ view_parse ] --START--
INFO: [ template_filter ] --START--
INFO: Run Behavior\ContentReplaceBehavior [ RunTime:0.000087s ]
INFO: [ template_filter ] --END-- [ RunTime:0.000219s ]
INFO: Run Behavior\ParseTemplateBehavior [ RunTime:0.006591s ]
INFO: [ view_parse ] --END-- [ RunTime:0.006698s ]
INFO: [ view_filter ] --START--
INFO: Run Behavior\WriteHtmlCacheBehavior [ RunTime:0.000209s ]
INFO: [ view_filter ] --END-- [ RunTime:0.000302s ]
INFO: [ app_end ] --START--
INFO: Run Behavior\ShowPageTraceBehavior [ RunTime:0.000451s ]
INFO: [ app_end ] --END-- [ RunTime:0.000592s ]

[ 2018-06-02T18:40:14+08:00 ] 127.0.0.1 /index.php/Home/Index/info/id/7.html
INFO: [ app_init ] --START--
INFO: Run Behavior\BuildLiteBehavior [ RunTime:0.000021s ]
INFO: [ app_init ] --END-- [ RunTime:0.000341s ]
INFO: [ app_begin ] --START--
INFO: Run Behavior\ReadHtmlCacheBehavior [ RunTime:0.000351s ]
INFO: [ app_begin ] --END-- [ RunTime:0.000447s ]
NOTIC: [8] A session had already been started - ignoring session_start() F:\www\Zt\Dbshop\ThinkPHP\Common\functions.php 第 1263 行.
SQL: SHOW COLUMNS FROM `tb_goods` [ RunTime:0.0011s ]
SQL: SELECT * FROM `tb_goods` WHERE `id` = 7 LIMIT 1   [ RunTime:0.0002s ]
INFO: [ view_parse ] --START--
INFO: [ template_filter ] --START--
INFO: Run Behavior\ContentReplaceBehavior [ RunTime:0.000158s ]
INFO: [ template_filter ] --END-- [ RunTime:0.000264s ]
INFO: Run Behavior\ParseTemplateBehavior [ RunTime:0.011090s ]
INFO: [ view_parse ] --END-- [ RunTime:0.011201s ]
INFO: [ view_filter ] --START--
INFO: Run Behavior\WriteHtmlCacheBehavior [ RunTime:0.000210s ]
INFO: [ view_filter ] --END-- [ RunTime:0.000304s ]
INFO: [ app_end ] --START--
INFO: Run Behavior\ShowPageTraceBehavior [ RunTime:0.000401s ]
INFO: [ app_end ] --END-- [ RunTime:0.000494s ]

[ 2018-06-02T18:40:14+08:00 ] 127.0.0.1 /index.php/Home/Index/info/id/7.html
INFO: [ app_init ] --START--
INFO: Run Behavior\BuildLiteBehavior [ RunTime:0.000030s ]
INFO: [ app_init ] --END-- [ RunTime:0.000391s ]
INFO: [ app_begin ] --START--
INFO: Run Behavior\ReadHtmlCacheBehavior [ RunTime:0.000393s ]
INFO: [ app_begin ] --END-- [ RunTime:0.000494s ]
NOTIC: [8] A session had already been started - ignoring session_start() F:\www\Zt\Dbshop\ThinkPHP\Common\functions.php 第 1263 行.
SQL: SHOW COLUMNS FROM `tb_goods` [ RunTime:0.0030s ]
SQL: SELECT * FROM `tb_goods` WHERE `id` = 7 LIMIT 1   [ RunTime:0.0022s ]
INFO: [ view_parse ] --START--
INFO: [ template_filter ] --START--
INFO: Run Behavior\ContentReplaceBehavior [ RunTime:0.000132s ]
INFO: [ template_filter ] --END-- [ RunTime:0.000252s ]
INFO: Run Behavior\ParseTemplateBehavior [ RunTime:0.008576s ]
INFO: [ view_parse ] --END-- [ RunTime:0.008694s ]
INFO: [ view_filter ] --START--
INFO: Run Behavior\WriteHtmlCacheBehavior [ RunTime:0.000256s ]
INFO: [ view_filter ] --END-- [ RunTime:0.000353s ]
INFO: [ app_end ] --START--
INFO: Run Behavior\ShowPageTraceBehavior [ RunTime:0.000397s ]
INFO: [ app_end ] --END-- [ RunTime:0.000501s ]

[ 2018-06-02T18:40:16+08:00 ] 127.0.0.1 /index.php/Home/order/ordertmp.html
INFO: [ app_init ] --START--
INFO: Run Behavior\BuildLiteBehavior [ RunTime:0.000023s ]
INFO: [ app_init ] --END-- [ RunTime:0.000426s ]
INFO: [ app_begin ] --START--
INFO: Run Behavior\ReadHtmlCacheBehavior [ RunTime:0.000356s ]
INFO: [ app_begin ] --END-- [ RunTime:0.000440s ]
NOTIC: [8] A session had already been started - ignoring session_start() F:\www\Zt\Dbshop\ThinkPHP\Common\functions.php 第 1263 行.
NOTIC: [8] Undefined variable: goods_id F:\www\Zt\Dbshop\Application\Home\Controller\OrderController.class.php 第 45 行.
ERR: 1146:Table 'db_shop.tb_order_tmp' doesn't exist
 [ SQL语句 ] : SHOW COLUMNS FROM `tb_order_tmp`
ERR: 1146:Table 'db_shop.tb_order_tmp' doesn't exist
 [ SQL语句 ] : SHOW COLUMNS FROM `tb_order_tmp`

[ 2018-06-02T18:40:18+08:00 ] 127.0.0.1 /index.php/Home/Index/Uploads/2018-05-26/5b09086e83292.jpg
INFO: [ app_init ] --START--
INFO: Run Behavior\BuildLiteBehavior [ RunTime:0.000026s ]
INFO: [ app_init ] --END-- [ RunTime:0.000390s ]

[ 2018-06-02T18:40:18+08:00 ] 127.0.0.1 /index.php/Home/Index/Uploads/2018-05-26/5b090b51855a0.JPG
INFO: [ app_init ] --START--
INFO: Run Behavior\BuildLiteBehavior [ RunTime:0.000068s ]
INFO: [ app_init ] --END-- [ RunTime:0.001330s ]

[ 2018-06-02T18:40:18+08:00 ] 127.0.0.1 /index.php/Home/Index/images/p114912775.jpg
INFO: [ app_init ] --START--
INFO: Run Behavior\BuildLiteBehavior [ RunTime:0.000023s ]
INFO: [ app_init ] --END-- [ RunTime:0.000573s ]

[ 2018-06-02T18:40:18+08:00 ] 127.0.0.1 /index.php/Home/Index/Uploads/2018-05-26/5b090b51855a0.JPG
INFO: [ app_init ] --START--
INFO: Run Behavior\BuildLiteBehavior [ RunTime:0.000057s ]
INFO: [ app_init ] --END-- [ RunTime:0.001861s ]

[ 2018-06-02T18:40:19+08:00 ] 127.0.0.1 /index.php/Home/Cart/cart.html
INFO: [ app_init ] --START--
INFO: Run Behavior\BuildLiteBehavior [ RunTime:0.000020s ]
INFO: [ app_init ] --END-- [ RunTime:0.000370s ]
INFO: [ app_begin ] --START--
INFO: Run Behavior\ReadHtmlCacheBehavior [ RunTime:0.000761s ]
INFO: [ app_begin ] --END-- [ RunTime:0.000963s ]
NOTIC: [8] A session had already been started - ignoring session_start() F:\www\Zt\Dbshop\ThinkPHP\Common\functions.php 第 1263 行.
SQL: SHOW COLUMNS FROM `tb_cart` [ RunTime:0.0013s ]
SQL: SELECT * FROM `tb_cart` WHERE `user_id` = 1  [ RunTime:0.0002s ]
INFO: [ view_parse ] --START--
INFO: [ template_filter ] --START--
INFO: Run Behavior\ContentReplaceBehavior [ RunTime:0.000067s ]
INFO: [ template_filter ] --END-- [ RunTime:0.000171s ]
INFO: Run Behavior\ParseTemplateBehavior [ RunTime:0.086682s ]
INFO: [ view_parse ] --END-- [ RunTime:0.086794s ]
INFO: [ view_filter ] --START--
INFO: Run Behavior\WriteHtmlCacheBehavior [ RunTime:0.000292s ]
INFO: [ view_filter ] --END-- [ RunTime:0.000478s ]
INFO: [ app_end ] --START--
INFO: Run Behavior\ShowPageTraceBehavior [ RunTime:0.000511s ]
INFO: [ app_end ] --END-- [ RunTime:0.000616s ]

[ 2018-06-02T18:40:28+08:00 ] 127.0.0.1 /index.php/Home/Index/Uploads/2018-05-26/5b09086e83292.jpg
INFO: [ app_init ] --START--
INFO: Run Behavior\BuildLiteBehavior [ RunTime:0.000023s ]
INFO: [ app_init ] --END-- [ RunTime:0.000416s ]

[ 2018-06-02T18:40:28+08:00 ] 127.0.0.1 /index.php/Home/Index/Uploads/2018-05-26/5b090b51855a0.JPG
INFO: [ app_init ] --START--
INFO: Run Behavior\BuildLiteBehavior [ RunTime:0.000026s ]
INFO: [ app_init ] --END-- [ RunTime:0.000425s ]

[ 2018-06-02T18:40:28+08:00 ] 127.0.0.1 /index.php/Home/Index/images/p114912775.jpg
INFO: [ app_init ] --START--
INFO: Run Behavior\BuildLiteBehavior [ RunTime:0.000025s ]
INFO: [ app_init ] --END-- [ RunTime:0.000466s ]

[ 2018-06-02T18:40:28+08:00 ] 127.0.0.1 /index.php/Home/Index/Uploads/2018-05-26/5b090b51855a0.JPG
INFO: [ app_init ] --START--
INFO: Run Behavior\BuildLiteBehavior [ RunTime:0.000026s ]
INFO: [ app_init ] --END-- [ RunTime:0.000411s ]

[ 2018-06-02T18:40:29+08:00 ] 127.0.0.1 /index.php/Home/Index/info/id/1.html
INFO: [ app_init ] --START--
INFO: Run Behavior\BuildLiteBehavior [ RunTime:0.000021s ]
INFO: [ app_init ] --END-- [ RunTime:0.000329s ]
INFO: [ app_begin ] --START--
INFO: Run Behavior\ReadHtmlCacheBehavior [ RunTime:0.000409s ]
INFO: [ app_begin ] --END-- [ RunTime:0.000502s ]
NOTIC: [8] A session had already been started - ignoring session_start() F:\www\Zt\Dbshop\ThinkPHP\Common\functions.php 第 1263 行.
SQL: SHOW COLUMNS FROM `tb_goods` [ RunTime:0.0017s ]
SQL: SELECT * FROM `tb_goods` WHERE `id` = 1 LIMIT 1   [ RunTime:0.0003s ]
INFO: [ view_parse ] --START--
INFO: [ template_filter ] --START--
INFO: Run Behavior\ContentReplaceBehavior [ RunTime:0.000073s ]
INFO: [ template_filter ] --END-- [ RunTime:0.000167s ]
INFO: Run Behavior\ParseTemplateBehavior [ RunTime:0.011696s ]
INFO: [ view_parse ] --END-- [ RunTime:0.011796s ]
INFO: [ view_filter ] --START--
INFO: Run Behavior\WriteHtmlCacheBehavior [ RunTime:0.000313s ]
INFO: [ view_filter ] --END-- [ RunTime:0.000399s ]
INFO: [ app_end ] --START--
INFO: Run Behavior\ShowPageTraceBehavior [ RunTime:0.000411s ]
INFO: [ app_end ] --END-- [ RunTime:0.000500s ]

[ 2018-06-02T18:40:31+08:00 ] 127.0.0.1 /index.php/Home/Cart/cartlist.html
INFO: [ app_init ] --START--
INFO: Run Behavior\BuildLiteBehavior [ RunTime:0.000021s ]
INFO: [ app_init ] --END-- [ RunTime:0.000339s ]
INFO: [ app_begin ] --START--
INFO: Run Behavior\ReadHtmlCacheBehavior [ RunTime:0.000512s ]
INFO: [ app_begin ] --END-- [ RunTime:0.000592s ]
NOTIC: [8] A session had already been started - ignoring session_start() F:\www\Zt\Dbshop\ThinkPHP\Common\functions.php 第 1263 行.
SQL: SHOW COLUMNS FROM `tb_cart` [ RunTime:0.0011s ]
ERR: 1062:Duplicate entry '1-1' for key 'user_goods'
 [ SQL语句 ] : INSERT INTO `tb_cart` (`image`,`goods_id`,`goods_name`,`goods_price`,`goods_num`,`user_id`,`createtime`) VALUES ('./Uploads/2018-05-24/5b067fd0b7155.JPG','1','挂耳咖啡','49','1','1','2018-06-02,18:40:31')
ERR: 1062:Duplicate entry '1-1' for key 'user_goods'
 [ SQL语句 ] : INSERT INTO `tb_cart` (`image`,`goods_id`,`goods_name`,`goods_price`,`goods_num`,`user_id`,`createtime`) VALUES ('./Uploads/2018-05-24/5b067fd0b7155.JPG','1','挂耳咖啡','49','1','1','2018-06-02,18:40:31')

[ 2018-06-02T18:40:42+08:00 ] 127.0.0.1 /index.php/Home/Cart/cartlist.html
INFO: [ app_init ] --START--
INFO: Run Behavior\BuildLiteBehavior [ RunTime:0.000021s ]
INFO: [ app_init ] --END-- [ RunTime:0.000425s ]
INFO: [ app_begin ] --START--
INFO: Run Behavior\ReadHtmlCacheBehavior [ RunTime:0.001193s ]
INFO: [ app_begin ] --END-- [ RunTime:0.001381s ]
NOTIC: [8] A session had already been started - ignoring session_start() F:\www\Zt\Dbshop\ThinkPHP\Common\functions.php 第 1263 行.

[ 2018-06-02T18:43:06+08:00 ] 127.0.0.1 /
INFO: [ app_init ] --START--
INFO: Run Behavior\BuildLiteBehavior [ RunTime:0.000023s ]
INFO: [ app_init ] --END-- [ RunTime:0.000474s ]
INFO: [ app_begin ] --START--
INFO: Run Behavior\ReadHtmlCacheBehavior [ RunTime:0.000875s ]
INFO: [ app_begin ] --END-- [ RunTime:0.001028s ]
NOTIC: [8] A session had already been started - ignoring session_start() F:\www\Zt\Dbshop\ThinkPHP\Common\functions.php 第 1263 行.
SQL: SHOW COLUMNS FROM `tb_goods` [ RunTime:0.0014s ]
SQL: SELECT * FROM `tb_goods` ORDER BY createtime asc LIMIT 8   [ RunTime:0.0003s ]
SQL: SHOW COLUMNS FROM `tb_tags` [ RunTime:0.0026s ]
SQL: SELECT * FROM `tb_tags` WHERE `id` = 1 LIMIT 1   [ RunTime:0.0012s ]
SQL: SELECT * FROM `tb_tags` WHERE `id` = 2 LIMIT 1   [ RunTime:0.0003s ]
SQL: SELECT * FROM `tb_tags` WHERE `id` = 1 LIMIT 1   [ RunTime:0.0002s ]
SQL: SELECT * FROM `tb_tags` WHERE `id` = 2 LIMIT 1   [ RunTime:0.0002s ]
SQL: SELECT * FROM `tb_tags` WHERE `id` = 1 LIMIT 1   [ RunTime:0.0002s ]
SQL: SELECT * FROM `tb_tags` WHERE `id` = 2 LIMIT 1   [ RunTime:0.0002s ]
SQL: SELECT * FROM `tb_tags` WHERE `id` = 2 LIMIT 1   [ RunTime:0.0002s ]
SQL: SHOW COLUMNS FROM `tb_banner` [ RunTime:0.0017s ]
NOTIC: [8] Undefined variable: cache F:\www\Zt\Dbshop\Application\Home\Model\BannerModel.class.php 第 7 行.
SQL: SELECT * FROM `tb_banner`  [ RunTime:0.0003s ]
INFO: [ view_parse ] --START--
INFO: [ template_filter ] --START--
INFO: Run Behavior\ContentReplaceBehavior [ RunTime:0.000078s ]
INFO: [ template_filter ] --END-- [ RunTime:0.000188s ]
INFO: Run Behavior\ParseTemplateBehavior [ RunTime:0.012323s ]
INFO: [ view_parse ] --END-- [ RunTime:0.012443s ]
INFO: [ view_filter ] --START--
INFO: Run Behavior\WriteHtmlCacheBehavior [ RunTime:0.000379s ]
INFO: [ view_filter ] --END-- [ RunTime:0.000487s ]
INFO: [ app_end ] --START--
INFO: Run Behavior\ShowPageTraceBehavior [ RunTime:0.000487s ]
INFO: [ app_end ] --END-- [ RunTime:0.000583s ]

[ 2018-06-02T18:43:16+08:00 ] 127.0.0.1 /index.php/Home/Index/info/id/1.html
INFO: [ app_init ] --START--
INFO: Run Behavior\BuildLiteBehavior [ RunTime:0.000022s ]
INFO: [ app_init ] --END-- [ RunTime:0.000345s ]
INFO: [ app_begin ] --START--
INFO: Run Behavior\ReadHtmlCacheBehavior [ RunTime:0.000733s ]
INFO: [ app_begin ] --END-- [ RunTime:0.000888s ]
NOTIC: [8] A session had already been started - ignoring session_start() F:\www\Zt\Dbshop\ThinkPHP\Common\functions.php 第 1263 行.
SQL: SHOW COLUMNS FROM `tb_goods` [ RunTime:0.0012s ]
SQL: SELECT * FROM `tb_goods` WHERE `id` = 1 LIMIT 1   [ RunTime:0.0002s ]
INFO: [ view_parse ] --START--
INFO: [ template_filter ] --START--
INFO: Run Behavior\ContentReplaceBehavior [ RunTime:0.000077s ]
INFO: [ template_filter ] --END-- [ RunTime:0.000178s ]
INFO: Run Behavior\ParseTemplateBehavior [ RunTime:0.015217s ]
INFO: [ view_parse ] --END-- [ RunTime:0.015317s ]
INFO: [ view_filter ] --START--
INFO: Run Behavior\WriteHtmlCacheBehavior [ RunTime:0.000267s ]
INFO: [ view_filter ] --END-- [ RunTime:0.000355s ]
INFO: [ app_end ] --START--
INFO: Run Behavior\ShowPageTraceBehavior [ RunTime:0.000492s ]
INFO: [ app_end ] --END-- [ RunTime:0.000599s ]

[ 2018-06-02T18:43:18+08:00 ] 127.0.0.1 /index.php/Home/Cart/cartlist.html
INFO: [ app_init ] --START--
INFO: Run Behavior\BuildLiteBehavior [ RunTime:0.000023s ]
INFO: [ app_init ] --END-- [ RunTime:0.000527s ]
INFO: [ app_begin ] --START--
INFO: Run Behavior\ReadHtmlCacheBehavior [ RunTime:0.000480s ]
INFO: [ app_begin ] --END-- [ RunTime:0.000579s ]
NOTIC: [8] A session had already been started - ignoring session_start() F:\www\Zt\Dbshop\ThinkPHP\Common\functions.php 第 1263 行.

[ 2018-06-02T18:43:28+08:00 ] 127.0.0.1 /index.php/Home/Cart/cartlist.html
INFO: [ app_init ] --START--
INFO: Run Behavior\BuildLiteBehavior [ RunTime:0.000021s ]
INFO: [ app_init ] --END-- [ RunTime:0.000387s ]
INFO: [ app_begin ] --START--
INFO: Run Behavior\ReadHtmlCacheBehavior [ RunTime:0.000323s ]
INFO: [ app_begin ] --END-- [ RunTime:0.000402s ]
NOTIC: [8] A session had already been started - ignoring session_start() F:\www\Zt\Dbshop\ThinkPHP\Common\functions.php 第 1263 行.
SQL: SHOW COLUMNS FROM `tb_cart` [ RunTime:0.0013s ]
ERR: 1062:Duplicate entry '1-1' for key 'user_goods'
 [ SQL语句 ] : INSERT INTO `tb_cart` (`image`,`goods_id`,`goods_name`,`goods_price`,`goods_num`,`user_id`,`createtime`) VALUES ('./Uploads/2018-05-24/5b067fd0b7155.JPG','1','挂耳咖啡','49','1','1','2018-06-02,18:43:28')
ERR: 1062:Duplicate entry '1-1' for key 'user_goods'
 [ SQL语句 ] : INSERT INTO `tb_cart` (`image`,`goods_id`,`goods_name`,`goods_price`,`goods_num`,`user_id`,`createtime`) VALUES ('./Uploads/2018-05-24/5b067fd0b7155.JPG','1','挂耳咖啡','49','1','1','2018-06-02,18:43:28')

[ 2018-06-02T18:43:37+08:00 ] 127.0.0.1 /index.php/Home/Cart/cartlist.html
INFO: [ app_init ] --START--
INFO: Run Behavior\BuildLiteBehavior [ RunTime:0.000021s ]
INFO: [ app_init ] --END-- [ RunTime:0.000326s ]
INFO: [ app_begin ] --START--
INFO: Run Behavior\ReadHtmlCacheBehavior [ RunTime:0.013447s ]
INFO: [ app_begin ] --END-- [ RunTime:0.013534s ]
NOTIC: [8] A session had already been started - ignoring session_start() F:\www\Zt\Dbshop\ThinkPHP\Common\functions.php 第 1263 行.
SQL: SHOW COLUMNS FROM `tb_cart` [ RunTime:0.0018s ]
ERR: 1062:Duplicate entry '1-1' for key 'user_goods'
 [ SQL语句 ] : INSERT INTO `tb_cart` (`image`,`goods_id`,`goods_name`,`goods_price`,`goods_num`,`user_id`,`createtime`) VALUES ('./Uploads/2018-05-24/5b067fd0b7155.JPG','1','挂耳咖啡','49','1','1','2018-06-02,18:43:37')
ERR: 1062:Duplicate entry '1-1' for key 'user_goods'
 [ SQL语句 ] : INSERT INTO `tb_cart` (`image`,`goods_id`,`goods_name`,`goods_price`,`goods_num`,`user_id`,`createtime`) VALUES ('./Uploads/2018-05-24/5b067fd0b7155.JPG','1','挂耳咖啡','49','1','1','2018-06-02,18:43:37')

[ 2018-06-02T18:43:38+08:00 ] 127.0.0.1 /index.php/Home/Cart/cartlist.html
INFO: [ app_init ] --START--
INFO: Run Behavior\BuildLiteBehavior [ RunTime:0.000022s ]
INFO: [ app_init ] --END-- [ RunTime:0.000381s ]
INFO: [ app_begin ] --START--
INFO: Run Behavior\ReadHtmlCacheBehavior [ RunTime:0.000321s ]
INFO: [ app_begin ] --END-- [ RunTime:0.000399s ]
NOTIC: [8] A session had already been started - ignoring session_start() F:\www\Zt\Dbshop\ThinkPHP\Common\functions.php 第 1263 行.
SQL: SHOW COLUMNS FROM `tb_cart` [ RunTime:0.0012s ]
ERR: 1062:Duplicate entry '1-1' for key 'user_goods'
 [ SQL语句 ] : INSERT INTO `tb_cart` (`image`,`goods_id`,`goods_name`,`goods_price`,`goods_num`,`user_id`,`createtime`) VALUES ('./Uploads/2018-05-24/5b067fd0b7155.JPG','1','挂耳咖啡','49','1','1','2018-06-02,18:43:38')
ERR: 1062:Duplicate entry '1-1' for key 'user_goods'
 [ SQL语句 ] : INSERT INTO `tb_cart` (`image`,`goods_id`,`goods_name`,`goods_price`,`goods_num`,`user_id`,`createtime`) VALUES ('./Uploads/2018-05-24/5b067fd0b7155.JPG','1','挂耳咖啡','49','1','1','2018-06-02,18:43:38')

[ 2018-06-02T18:43:38+08:00 ] 127.0.0.1 /index.php/Home/Cart/cartlist.html
INFO: [ app_init ] --START--
INFO: Run Behavior\BuildLiteBehavior [ RunTime:0.000086s ]
INFO: [ app_init ] --END-- [ RunTime:0.000756s ]
INFO: [ app_begin ] --START--
INFO: Run Behavior\ReadHtmlCacheBehavior [ RunTime:0.000332s ]
INFO: [ app_begin ] --END-- [ RunTime:0.000411s ]
NOTIC: [8] A session had already been started - ignoring session_start() F:\www\Zt\Dbshop\ThinkPHP\Common\functions.php 第 1263 行.
SQL: SHOW COLUMNS FROM `tb_cart` [ RunTime:0.0013s ]
ERR: 1062:Duplicate entry '1-1' for key 'user_goods'
 [ SQL语句 ] : INSERT INTO `tb_cart` (`image`,`goods_id`,`goods_name`,`goods_price`,`goods_num`,`user_id`,`createtime`) VALUES ('./Uploads/2018-05-24/5b067fd0b7155.JPG','1','挂耳咖啡','49','1','1','2018-06-02,18:43:38')
ERR: 1062:Duplicate entry '1-1' for key 'user_goods'
 [ SQL语句 ] : INSERT INTO `tb_cart` (`image`,`goods_id`,`goods_name`,`goods_price`,`goods_num`,`user_id`,`createtime`) VALUES ('./Uploads/2018-05-24/5b067fd0b7155.JPG','1','挂耳咖啡','49','1','1','2018-06-02,18:43:38')

[ 2018-06-02T18:43:38+08:00 ] 127.0.0.1 /index.php/Home/order/ordertmp.html
INFO: [ app_init ] --START--
INFO: Run Behavior\BuildLiteBehavior [ RunTime:0.000019s ]
INFO: [ app_init ] --END-- [ RunTime:0.000302s ]
INFO: [ app_begin ] --START--
INFO: Run Behavior\ReadHtmlCacheBehavior [ RunTime:0.000341s ]
INFO: [ app_begin ] --END-- [ RunTime:0.000414s ]
NOTIC: [8] A session had already been started - ignoring session_start() F:\www\Zt\Dbshop\ThinkPHP\Common\functions.php 第 1263 行.
NOTIC: [8] Undefined variable: goods_id F:\www\Zt\Dbshop\Application\Home\Controller\OrderController.class.php 第 45 行.
ERR: 1146:Table 'db_shop.tb_order_tmp' doesn't exist
 [ SQL语句 ] : SHOW COLUMNS FROM `tb_order_tmp`
ERR: 1146:Table 'db_shop.tb_order_tmp' doesn't exist
 [ SQL语句 ] : SHOW COLUMNS FROM `tb_order_tmp`

[ 2018-06-02T18:43:39+08:00 ] 127.0.0.1 /index.php/Home/order/ordertmp.html
INFO: [ app_init ] --START--
INFO: Run Behavior\BuildLiteBehavior [ RunTime:0.000032s ]
INFO: [ app_init ] --END-- [ RunTime:0.000534s ]
INFO: [ app_begin ] --START--
INFO: Run Behavior\ReadHtmlCacheBehavior [ RunTime:0.000339s ]
INFO: [ app_begin ] --END-- [ RunTime:0.000412s ]
NOTIC: [8] A session had already been started - ignoring session_start() F:\www\Zt\Dbshop\ThinkPHP\Common\functions.php 第 1263 行.
NOTIC: [8] Undefined variable: goods_id F:\www\Zt\Dbshop\Application\Home\Controller\OrderController.class.php 第 45 行.
ERR: 1146:Table 'db_shop.tb_order_tmp' doesn't exist
 [ SQL语句 ] : SHOW COLUMNS FROM `tb_order_tmp`
ERR: 1146:Table 'db_shop.tb_order_tmp' doesn't exist
 [ SQL语句 ] : SHOW COLUMNS FROM `tb_order_tmp`

[ 2018-06-02T18:43:39+08:00 ] 127.0.0.1 /index.php/Home/order/ordertmp.html
INFO: [ app_init ] --START--
INFO: Run Behavior\BuildLiteBehavior [ RunTime:0.000020s ]
INFO: [ app_init ] --END-- [ RunTime:0.000364s ]
INFO: [ app_begin ] --START--
INFO: Run Behavior\ReadHtmlCacheBehavior [ RunTime:0.000425s ]
INFO: [ app_begin ] --END-- [ RunTime:0.000503s ]
NOTIC: [8] A session had already been started - ignoring session_start() F:\www\Zt\Dbshop\ThinkPHP\Common\functions.php 第 1263 行.
NOTIC: [8] Undefined variable: goods_id F:\www\Zt\Dbshop\Application\Home\Controller\OrderController.class.php 第 45 行.
ERR: 1146:Table 'db_shop.tb_order_tmp' doesn't exist
 [ SQL语句 ] : SHOW COLUMNS FROM `tb_order_tmp`
ERR: 1146:Table 'db_shop.tb_order_tmp' doesn't exist
 [ SQL语句 ] : SHOW COLUMNS FROM `tb_order_tmp`

[ 2018-06-02T18:43:39+08:00 ] 127.0.0.1 /index.php/Home/order/ordertmp.html
INFO: [ app_init ] --START--
INFO: Run Behavior\BuildLiteBehavior [ RunTime:0.000020s ]
INFO: [ app_init ] --END-- [ RunTime:0.000354s ]
INFO: [ app_begin ] --START--
INFO: Run Behavior\ReadHtmlCacheBehavior [ RunTime:0.000330s ]
INFO: [ app_begin ] --END-- [ RunTime:0.000408s ]
NOTIC: [8] A session had already been started - ignoring session_start() F:\www\Zt\Dbshop\ThinkPHP\Common\functions.php 第 1263 行.
NOTIC: [8] Undefined variable: goods_id F:\www\Zt\Dbshop\Application\Home\Controller\OrderController.class.php 第 45 行.
ERR: 1146:Table 'db_shop.tb_order_tmp' doesn't exist
 [ SQL语句 ] : SHOW COLUMNS FROM `tb_order_tmp`
ERR: 1146:Table 'db_shop.tb_order_tmp' doesn't exist
 [ SQL语句 ] : SHOW COLUMNS FROM `tb_order_tmp`

[ 2018-06-02T18:43:39+08:00 ] 127.0.0.1 /index.php/Home/order/ordertmp.html
INFO: [ app_init ] --START--
INFO: Run Behavior\BuildLiteBehavior [ RunTime:0.000021s ]
INFO: [ app_init ] --END-- [ RunTime:0.001623s ]
INFO: [ app_begin ] --START--
INFO: Run Behavior\ReadHtmlCacheBehavior [ RunTime:0.000327s ]
INFO: [ app_begin ] --END-- [ RunTime:0.000405s ]
NOTIC: [8] A session had already been started - ignoring session_start() F:\www\Zt\Dbshop\ThinkPHP\Common\functions.php 第 1263 行.
NOTIC: [8] Undefined variable: goods_id F:\www\Zt\Dbshop\Application\Home\Controller\OrderController.class.php 第 45 行.
ERR: 1146:Table 'db_shop.tb_order_tmp' doesn't exist
 [ SQL语句 ] : SHOW COLUMNS FROM `tb_order_tmp`
ERR: 1146:Table 'db_shop.tb_order_tmp' doesn't exist
 [ SQL语句 ] : SHOW COLUMNS FROM `tb_order_tmp`

[ 2018-06-02T18:44:02+08:00 ] 127.0.0.1 /index.php/Home/Cart/cartlist.html
INFO: [ app_init ] --START--
INFO: Run Behavior\BuildLiteBehavior [ RunTime:0.000020s ]
INFO: [ app_init ] --END-- [ RunTime:0.000339s ]
INFO: [ app_begin ] --START--
INFO: Run Behavior\ReadHtmlCacheBehavior [ RunTime:0.000324s ]
INFO: [ app_begin ] --END-- [ RunTime:0.000400s ]
NOTIC: [8] A session had already been started - ignoring session_start() F:\www\Zt\Dbshop\ThinkPHP\Common\functions.php 第 1263 行.
SQL: SHOW COLUMNS FROM `tb_cart` [ RunTime:0.0011s ]
ERR: 1062:Duplicate entry '1-1' for key 'user_goods'
 [ SQL语句 ] : INSERT INTO `tb_cart` (`image`,`goods_id`,`goods_name`,`goods_price`,`goods_num`,`user_id`,`createtime`) VALUES ('./Uploads/2018-05-24/5b067fd0b7155.JPG','1','挂耳咖啡','49','1','1','2018-06-02,18:44:02')
ERR: 1062:Duplicate entry '1-1' for key 'user_goods'
 [ SQL语句 ] : INSERT INTO `tb_cart` (`image`,`goods_id`,`goods_name`,`goods_price`,`goods_num`,`user_id`,`createtime`) VALUES ('./Uploads/2018-05-24/5b067fd0b7155.JPG','1','挂耳咖啡','49','1','1','2018-06-02,18:44:02')

[ 2018-06-02T18:44:03+08:00 ] 127.0.0.1 /index.php/Home/Cart/cartlist.html
INFO: [ app_init ] --START--
INFO: Run Behavior\BuildLiteBehavior [ RunTime:0.000020s ]
INFO: [ app_init ] --END-- [ RunTime:0.000323s ]
INFO: [ app_begin ] --START--
INFO: Run Behavior\ReadHtmlCacheBehavior [ RunTime:0.000336s ]
INFO: [ app_begin ] --END-- [ RunTime:0.000435s ]
NOTIC: [8] A session had already been started - ignoring session_start() F:\www\Zt\Dbshop\ThinkPHP\Common\functions.php 第 1263 行.
SQL: SHOW COLUMNS FROM `tb_cart` [ RunTime:0.0011s ]
ERR: 1062:Duplicate entry '1-1' for key 'user_goods'
 [ SQL语句 ] : INSERT INTO `tb_cart` (`image`,`goods_id`,`goods_name`,`goods_price`,`goods_num`,`user_id`,`createtime`) VALUES ('./Uploads/2018-05-24/5b067fd0b7155.JPG','1','挂耳咖啡','49','1','1','2018-06-02,18:44:03')
ERR: 1062:Duplicate entry '1-1' for key 'user_goods'
 [ SQL语句 ] : INSERT INTO `tb_cart` (`image`,`goods_id`,`goods_name`,`goods_price`,`goods_num`,`user_id`,`createtime`) VALUES ('./Uploads/2018-05-24/5b067fd0b7155.JPG','1','挂耳咖啡','49','1','1','2018-06-02,18:44:03')

[ 2018-06-02T18:44:03+08:00 ] 127.0.0.1 /index.php/Home/Cart/cartlist.html
INFO: [ app_init ] --START--
INFO: Run Behavior\BuildLiteBehavior [ RunTime:0.000020s ]
INFO: [ app_init ] --END-- [ RunTime:0.000375s ]
INFO: [ app_begin ] --START--
INFO: Run Behavior\ReadHtmlCacheBehavior [ RunTime:0.000332s ]
INFO: [ app_begin ] --END-- [ RunTime:0.000422s ]
NOTIC: [8] A session had already been started - ignoring session_start() F:\www\Zt\Dbshop\ThinkPHP\Common\functions.php 第 1263 行.
SQL: SHOW COLUMNS FROM `tb_cart` [ RunTime:0.0006s ]
ERR: 1062:Duplicate entry '1-1' for key 'user_goods'
 [ SQL语句 ] : INSERT INTO `tb_cart` (`image`,`goods_id`,`goods_name`,`goods_price`,`goods_num`,`user_id`,`createtime`) VALUES ('./Uploads/2018-05-24/5b067fd0b7155.JPG','1','挂耳咖啡','49','1','1','2018-06-02,18:44:03')
ERR: 1062:Duplicate entry '1-1' for key 'user_goods'
 [ SQL语句 ] : INSERT INTO `tb_cart` (`image`,`goods_id`,`goods_name`,`goods_price`,`goods_num`,`user_id`,`createtime`) VALUES ('./Uploads/2018-05-24/5b067fd0b7155.JPG','1','挂耳咖啡','49','1','1','2018-06-02,18:44:03')

[ 2018-06-02T18:44:03+08:00 ] 127.0.0.1 /index.php/Home/Cart/cartlist.html
INFO: [ app_init ] --START--
INFO: Run Behavior\BuildLiteBehavior [ RunTime:0.000022s ]
INFO: [ app_init ] --END-- [ RunTime:0.000356s ]
INFO: [ app_begin ] --START--
INFO: Run Behavior\ReadHtmlCacheBehavior [ RunTime:0.000324s ]
INFO: [ app_begin ] --END-- [ RunTime:0.000402s ]
NOTIC: [8] A session had already been started - ignoring session_start() F:\www\Zt\Dbshop\ThinkPHP\Common\functions.php 第 1263 行.
SQL: SHOW COLUMNS FROM `tb_cart` [ RunTime:0.0012s ]
ERR: 1062:Duplicate entry '1-1' for key 'user_goods'
 [ SQL语句 ] : INSERT INTO `tb_cart` (`image`,`goods_id`,`goods_name`,`goods_price`,`goods_num`,`user_id`,`createtime`) VALUES ('./Uploads/2018-05-24/5b067fd0b7155.JPG','1','挂耳咖啡','49','1','1','2018-06-02,18:44:03')
ERR: 1062:Duplicate entry '1-1' for key 'user_goods'
 [ SQL语句 ] : INSERT INTO `tb_cart` (`image`,`goods_id`,`goods_name`,`goods_price`,`goods_num`,`user_id`,`createtime`) VALUES ('./Uploads/2018-05-24/5b067fd0b7155.JPG','1','挂耳咖啡','49','1','1','2018-06-02,18:44:03')

[ 2018-06-02T18:44:04+08:00 ] 127.0.0.1 /index.php/Home/Cart/cartlist.html
INFO: [ app_init ] --START--
INFO: Run Behavior\BuildLiteBehavior [ RunTime:0.000020s ]
INFO: [ app_init ] --END-- [ RunTime:0.000327s ]
INFO: [ app_begin ] --START--
INFO: Run Behavior\ReadHtmlCacheBehavior [ RunTime:0.000423s ]
INFO: [ app_begin ] --END-- [ RunTime:0.000527s ]
NOTIC: [8] A session had already been started - ignoring session_start() F:\www\Zt\Dbshop\ThinkPHP\Common\functions.php 第 1263 行.
SQL: SHOW COLUMNS FROM `tb_cart` [ RunTime:0.0006s ]
ERR: 1062:Duplicate entry '1-1' for key 'user_goods'
 [ SQL语句 ] : INSERT INTO `tb_cart` (`image`,`goods_id`,`goods_name`,`goods_price`,`goods_num`,`user_id`,`createtime`) VALUES ('./Uploads/2018-05-24/5b067fd0b7155.JPG','1','挂耳咖啡','49','1','1','2018-06-02,18:44:04')
ERR: 1062:Duplicate entry '1-1' for key 'user_goods'
 [ SQL语句 ] : INSERT INTO `tb_cart` (`image`,`goods_id`,`goods_name`,`goods_price`,`goods_num`,`user_id`,`createtime`) VALUES ('./Uploads/2018-05-24/5b067fd0b7155.JPG','1','挂耳咖啡','49','1','1','2018-06-02,18:44:04')

[ 2018-06-02T18:44:04+08:00 ] 127.0.0.1 /index.php/Home/Cart/cartlist.html
INFO: [ app_init ] --START--
INFO: Run Behavior\BuildLiteBehavior [ RunTime:0.000021s ]
INFO: [ app_init ] --END-- [ RunTime:0.000407s ]
INFO: [ app_begin ] --START--
INFO: Run Behavior\ReadHtmlCacheBehavior [ RunTime:0.000325s ]
INFO: [ app_begin ] --END-- [ RunTime:0.000405s ]
NOTIC: [8] A session had already been started - ignoring session_start() F:\www\Zt\Dbshop\ThinkPHP\Common\functions.php 第 1263 行.
SQL: SHOW COLUMNS FROM `tb_cart` [ RunTime:0.0011s ]
ERR: 1062:Duplicate entry '1-1' for key 'user_goods'
 [ SQL语句 ] : INSERT INTO `tb_cart` (`image`,`goods_id`,`goods_name`,`goods_price`,`goods_num`,`user_id`,`createtime`) VALUES ('./Uploads/2018-05-24/5b067fd0b7155.JPG','1','挂耳咖啡','49','1','1','2018-06-02,18:44:04')
ERR: 1062:Duplicate entry '1-1' for key 'user_goods'
 [ SQL语句 ] : INSERT INTO `tb_cart` (`image`,`goods_id`,`goods_name`,`goods_price`,`goods_num`,`user_id`,`createtime`) VALUES ('./Uploads/2018-05-24/5b067fd0b7155.JPG','1','挂耳咖啡','49','1','1','2018-06-02,18:44:04')

[ 2018-06-02T18:44:04+08:00 ] 127.0.0.1 /index.php/Home/Cart/cartlist.html
INFO: [ app_init ] --START--
INFO: Run Behavior\BuildLiteBehavior [ RunTime:0.000019s ]
INFO: [ app_init ] --END-- [ RunTime:0.000320s ]
INFO: [ app_begin ] --START--
INFO: Run Behavior\ReadHtmlCacheBehavior [ RunTime:0.000436s ]
INFO: [ app_begin ] --END-- [ RunTime:0.000560s ]
NOTIC: [8] A session had already been started - ignoring session_start() F:\www\Zt\Dbshop\ThinkPHP\Common\functions.php 第 1263 行.
SQL: SHOW COLUMNS FROM `tb_cart` [ RunTime:0.0011s ]
ERR: 1062:Duplicate entry '1-1' for key 'user_goods'
 [ SQL语句 ] : INSERT INTO `tb_cart` (`image`,`goods_id`,`goods_name`,`goods_price`,`goods_num`,`user_id`,`createtime`) VALUES ('./Uploads/2018-05-24/5b067fd0b7155.JPG','1','挂耳咖啡','49','1','1','2018-06-02,18:44:04')
ERR: 1062:Duplicate entry '1-1' for key 'user_goods'
 [ SQL语句 ] : INSERT INTO `tb_cart` (`image`,`goods_id`,`goods_name`,`goods_price`,`goods_num`,`user_id`,`createtime`) VALUES ('./Uploads/2018-05-24/5b067fd0b7155.JPG','1','挂耳咖啡','49','1','1','2018-06-02,18:44:04')

[ 2018-06-02T18:44:08+08:00 ] 127.0.0.1 /index.php/Home/order/ordertmp.html
INFO: [ app_init ] --START--
INFO: Run Behavior\BuildLiteBehavior [ RunTime:0.000021s ]
INFO: [ app_init ] --END-- [ RunTime:0.000430s ]
INFO: [ app_begin ] --START--
INFO: Run Behavior\ReadHtmlCacheBehavior [ RunTime:0.000326s ]
INFO: [ app_begin ] --END-- [ RunTime:0.000405s ]
NOTIC: [8] A session had already been started - ignoring session_start() F:\www\Zt\Dbshop\ThinkPHP\Common\functions.php 第 1263 行.
NOTIC: [8] Undefined variable: goods_id F:\www\Zt\Dbshop\Application\Home\Controller\OrderController.class.php 第 45 行.
ERR: 1146:Table 'db_shop.tb_order_tmp' doesn't exist
 [ SQL语句 ] : SHOW COLUMNS FROM `tb_order_tmp`
ERR: 1146:Table 'db_shop.tb_order_tmp' doesn't exist
 [ SQL语句 ] : SHOW COLUMNS FROM `tb_order_tmp`

[ 2018-06-02T18:45:39+08:00 ] 127.0.0.1 /index.php/Home/order/ordertmp.html
INFO: [ app_init ] --START--
INFO: Run Behavior\BuildLiteBehavior [ RunTime:0.000046s ]
INFO: [ app_init ] --END-- [ RunTime:0.000397s ]
INFO: [ app_begin ] --START--
INFO: Run Behavior\ReadHtmlCacheBehavior [ RunTime:0.000750s ]
INFO: [ app_begin ] --END-- [ RunTime:0.000903s ]
NOTIC: [8] A session had already been started - ignoring session_start() F:\www\Zt\Dbshop\ThinkPHP\Common\functions.php 第 1263 行.
NOTIC: [8] Undefined variable: goods_id F:\www\Zt\Dbshop\Application\Home\Controller\OrderController.class.php 第 45 行.
ERR: 1146:Table 'db_shop.tb_order_tmp' doesn't exist
 [ SQL语句 ] : SHOW COLUMNS FROM `tb_order_tmp`
ERR: 1146:Table 'db_shop.tb_order_tmp' doesn't exist
 [ SQL语句 ] : SHOW COLUMNS FROM `tb_order_tmp`

