[ 2018-05-24T16:57:14+08:00 ] 127.0.0.1 /Admin
INFO: [ app_init ] --START--
INFO: Run Behavior\BuildLiteBehavior [ RunTime:0.000036s ]
INFO: [ app_init ] --END-- [ RunTime:0.000513s ]
INFO: [ app_begin ] --START--
INFO: Run Behavior\ReadHtmlCacheBehavior [ RunTime:0.000435s ]
INFO: [ app_begin ] --END-- [ RunTime:0.000542s ]
NOTIC: [8] A session had already been started - ignoring session_start() F:\www\Zt\Dbshop\ThinkPHP\Common\functions.php 第 1263 行.
INFO: [ view_parse ] --START--
INFO: [ template_filter ] --START--
INFO: Run Behavior\ContentReplaceBehavior [ RunTime:0.000226s ]
INFO: [ template_filter ] --END-- [ RunTime:0.000320s ]
INFO: Run Behavior\ParseTemplateBehavior [ RunTime:0.038021s ]
INFO: [ view_parse ] --END-- [ RunTime:0.038130s ]
INFO: [ view_filter ] --START--
INFO: Run Behavior\WriteHtmlCacheBehavior [ RunTime:0.000248s ]
INFO: [ view_filter ] --END-- [ RunTime:0.000339s ]
INFO: [ app_end ] --START--
INFO: Run Behavior\ShowPageTraceBehavior [ RunTime:0.000643s ]
INFO: [ app_end ] --END-- [ RunTime:0.000805s ]

[ 2018-05-24T16:57:14+08:00 ] 127.0.0.1 /index.php/Admin/index/main.html
INFO: [ app_init ] --START--
INFO: Run Behavior\BuildLiteBehavior [ RunTime:0.000023s ]
INFO: [ app_init ] --END-- [ RunTime:0.000387s ]
INFO: [ app_begin ] --START--
INFO: Run Behavior\ReadHtmlCacheBehavior [ RunTime:0.000338s ]
INFO: [ app_begin ] --END-- [ RunTime:0.000434s ]
NOTIC: [8] A session had already been started - ignoring session_start() F:\www\Zt\Dbshop\ThinkPHP\Common\functions.php 第 1263 行.
INFO: [ view_parse ] --START--
INFO: [ template_filter ] --START--
INFO: Run Behavior\ContentReplaceBehavior [ RunTime:0.000162s ]
INFO: [ template_filter ] --END-- [ RunTime:0.000274s ]
INFO: Run Behavior\ParseTemplateBehavior [ RunTime:0.063808s ]
INFO: [ view_parse ] --END-- [ RunTime:0.063929s ]
INFO: [ view_filter ] --START--
INFO: Run Behavior\WriteHtmlCacheBehavior [ RunTime:0.000207s ]
INFO: [ view_filter ] --END-- [ RunTime:0.000304s ]
INFO: [ app_end ] --START--
INFO: Run Behavior\ShowPageTraceBehavior [ RunTime:0.004400s ]
INFO: [ app_end ] --END-- [ RunTime:0.004574s ]

[ 2018-05-24T16:57:16+08:00 ] 127.0.0.1 /index.php/Admin/Goods/lists.html?v=4.0
INFO: [ app_init ] --START--
INFO: Run Behavior\BuildLiteBehavior [ RunTime:0.000024s ]
INFO: [ app_init ] --END-- [ RunTime:0.000446s ]
INFO: [ app_begin ] --START--
INFO: Run Behavior\ReadHtmlCacheBehavior [ RunTime:0.000731s ]
INFO: [ app_begin ] --END-- [ RunTime:0.000929s ]
NOTIC: [8] A session had already been started - ignoring session_start() F:\www\Zt\Dbshop\ThinkPHP\Common\functions.php 第 1263 行.
SQL: SHOW COLUMNS FROM `tb_goods` [ RunTime:0.0012s ]
SQL: SELECT * FROM `tb_goods` LIMIT 0,20   [ RunTime:0.0004s ]
SQL: SHOW COLUMNS FROM `tb_tags` [ RunTime:0.0089s ]
SQL: SELECT * FROM `tb_tags` WHERE `id` = 1 LIMIT 1   [ RunTime:0.0017s ]
SQL: SELECT * FROM `tb_tags` WHERE `id` = 2 LIMIT 1   [ RunTime:0.0003s ]
SQL: SELECT * FROM `tb_tags` WHERE `id` = 1 LIMIT 1   [ RunTime:0.0002s ]
INFO: [ view_parse ] --START--
INFO: [ template_filter ] --START--
INFO: Run Behavior\ContentReplaceBehavior [ RunTime:0.000084s ]
INFO: [ template_filter ] --END-- [ RunTime:0.000204s ]
NOTIC: [8] Undefined index: name F:\www\Zt\Dbshop\Application\Runtime\Cache\Admin\01ea1095153273d82c3a5707a91462bc.php 第 32 行.
NOTIC: [8] Undefined index: status F:\www\Zt\Dbshop\Application\Runtime\Cache\Admin\01ea1095153273d82c3a5707a91462bc.php 第 38 行.
NOTIC: [8] Undefined index: status F:\www\Zt\Dbshop\Application\Runtime\Cache\Admin\01ea1095153273d82c3a5707a91462bc.php 第 39 行.
NOTIC: [8] Undefined index: status F:\www\Zt\Dbshop\Application\Runtime\Cache\Admin\01ea1095153273d82c3a5707a91462bc.php 第 40 行.
NOTIC: [8] Undefined variable: page F:\www\Zt\Dbshop\Application\Runtime\Cache\Admin\01ea1095153273d82c3a5707a91462bc.php 第 91 行.
INFO: Run Behavior\ParseTemplateBehavior [ RunTime:0.050992s ]
INFO: [ view_parse ] --END-- [ RunTime:0.051094s ]
INFO: [ view_filter ] --START--
INFO: Run Behavior\WriteHtmlCacheBehavior [ RunTime:0.000252s ]
INFO: [ view_filter ] --END-- [ RunTime:0.000339s ]
INFO: [ app_end ] --START--
INFO: Run Behavior\ShowPageTraceBehavior [ RunTime:0.000628s ]
INFO: [ app_end ] --END-- [ RunTime:0.000750s ]

[ 2018-05-24T16:57:18+08:00 ] 127.0.0.1 /index.php/admin/goods/add.html
INFO: [ app_init ] --START--
INFO: Run Behavior\BuildLiteBehavior [ RunTime:0.000021s ]
INFO: [ app_init ] --END-- [ RunTime:0.000354s ]
INFO: [ app_begin ] --START--
INFO: Run Behavior\ReadHtmlCacheBehavior [ RunTime:0.000643s ]
INFO: [ app_begin ] --END-- [ RunTime:0.000862s ]
NOTIC: [8] A session had already been started - ignoring session_start() F:\www\Zt\Dbshop\ThinkPHP\Common\functions.php 第 1263 行.
SQL: SHOW COLUMNS FROM `tb_tags` [ RunTime:0.0014s ]
SQL: SELECT * FROM `tb_tags`  [ RunTime:0.0002s ]
INFO: [ view_parse ] --START--
INFO: [ template_filter ] --START--
INFO: Run Behavior\ContentReplaceBehavior [ RunTime:0.000070s ]
INFO: [ template_filter ] --END-- [ RunTime:0.000160s ]
INFO: Run Behavior\ParseTemplateBehavior [ RunTime:0.018070s ]
INFO: [ view_parse ] --END-- [ RunTime:0.018198s ]
INFO: [ view_filter ] --START--
INFO: Run Behavior\WriteHtmlCacheBehavior [ RunTime:0.000181s ]
INFO: [ view_filter ] --END-- [ RunTime:0.000265s ]
INFO: [ app_end ] --START--
INFO: Run Behavior\ShowPageTraceBehavior [ RunTime:0.000374s ]
INFO: [ app_end ] --END-- [ RunTime:0.000473s ]

[ 2018-05-24T16:58:29+08:00 ] 127.0.0.1 /index.php/admin/goods/doadd.html
INFO: [ app_init ] --START--
INFO: Run Behavior\BuildLiteBehavior [ RunTime:0.000018s ]
INFO: [ app_init ] --END-- [ RunTime:0.000318s ]
INFO: [ app_begin ] --START--
INFO: Run Behavior\ReadHtmlCacheBehavior [ RunTime:0.000859s ]
INFO: [ app_begin ] --END-- [ RunTime:0.001031s ]
NOTIC: [8] A session had already been started - ignoring session_start() F:\www\Zt\Dbshop\ThinkPHP\Common\functions.php 第 1263 行.

[ 2018-05-24T16:58:54+08:00 ] 127.0.0.1 /Admin
INFO: [ app_init ] --START--
INFO: Run Behavior\BuildLiteBehavior [ RunTime:0.000040s ]
INFO: [ app_init ] --END-- [ RunTime:0.000565s ]
INFO: [ app_begin ] --START--
INFO: Run Behavior\ReadHtmlCacheBehavior [ RunTime:0.000578s ]
INFO: [ app_begin ] --END-- [ RunTime:0.000754s ]
NOTIC: [8] A session had already been started - ignoring session_start() F:\www\Zt\Dbshop\ThinkPHP\Common\functions.php 第 1263 行.
INFO: [ view_parse ] --START--
INFO: [ template_filter ] --START--
INFO: Run Behavior\ContentReplaceBehavior [ RunTime:0.000279s ]
INFO: [ template_filter ] --END-- [ RunTime:0.000393s ]
INFO: Run Behavior\ParseTemplateBehavior [ RunTime:0.018600s ]
INFO: [ view_parse ] --END-- [ RunTime:0.018702s ]
INFO: [ view_filter ] --START--
INFO: Run Behavior\WriteHtmlCacheBehavior [ RunTime:0.000182s ]
INFO: [ view_filter ] --END-- [ RunTime:0.000268s ]
INFO: [ app_end ] --START--
INFO: Run Behavior\ShowPageTraceBehavior [ RunTime:0.000578s ]
INFO: [ app_end ] --END-- [ RunTime:0.000707s ]

[ 2018-05-24T16:58:54+08:00 ] 127.0.0.1 /index.php/Admin/index/main.html
INFO: [ app_init ] --START--
INFO: Run Behavior\BuildLiteBehavior [ RunTime:0.000027s ]
INFO: [ app_init ] --END-- [ RunTime:0.000345s ]
INFO: [ app_begin ] --START--
INFO: Run Behavior\ReadHtmlCacheBehavior [ RunTime:0.000345s ]
INFO: [ app_begin ] --END-- [ RunTime:0.000456s ]
NOTIC: [8] A session had already been started - ignoring session_start() F:\www\Zt\Dbshop\ThinkPHP\Common\functions.php 第 1263 行.
INFO: [ view_parse ] --START--
INFO: [ template_filter ] --START--
INFO: Run Behavior\ContentReplaceBehavior [ RunTime:0.000176s ]
INFO: [ template_filter ] --END-- [ RunTime:0.000296s ]
INFO: Run Behavior\ParseTemplateBehavior [ RunTime:0.027373s ]
INFO: [ view_parse ] --END-- [ RunTime:0.027554s ]
INFO: [ view_filter ] --START--
INFO: Run Behavior\WriteHtmlCacheBehavior [ RunTime:0.000193s ]
INFO: [ view_filter ] --END-- [ RunTime:0.000279s ]
INFO: [ app_end ] --START--
INFO: Run Behavior\ShowPageTraceBehavior [ RunTime:0.000469s ]
INFO: [ app_end ] --END-- [ RunTime:0.000604s ]

[ 2018-05-24T16:58:55+08:00 ] 127.0.0.1 /index.php/Admin/Goods/lists.html?v=4.0
INFO: [ app_init ] --START--
INFO: Run Behavior\BuildLiteBehavior [ RunTime:0.000022s ]
INFO: [ app_init ] --END-- [ RunTime:0.000358s ]
INFO: [ app_begin ] --START--
INFO: Run Behavior\ReadHtmlCacheBehavior [ RunTime:0.000460s ]
INFO: [ app_begin ] --END-- [ RunTime:0.000571s ]
NOTIC: [8] A session had already been started - ignoring session_start() F:\www\Zt\Dbshop\ThinkPHP\Common\functions.php 第 1263 行.
SQL: SHOW COLUMNS FROM `tb_goods` [ RunTime:0.0030s ]
SQL: SELECT * FROM `tb_goods` LIMIT 0,20   [ RunTime:0.0003s ]
SQL: SHOW COLUMNS FROM `tb_tags` [ RunTime:0.0010s ]
SQL: SELECT * FROM `tb_tags` WHERE `id` = 1 LIMIT 1   [ RunTime:0.0002s ]
SQL: SELECT * FROM `tb_tags` WHERE `id` = 2 LIMIT 1   [ RunTime:0.0002s ]
SQL: SELECT * FROM `tb_tags` WHERE `id` = 1 LIMIT 1   [ RunTime:0.0002s ]
INFO: [ view_parse ] --START--
INFO: [ template_filter ] --START--
INFO: Run Behavior\ContentReplaceBehavior [ RunTime:0.000230s ]
INFO: [ template_filter ] --END-- [ RunTime:0.000570s ]
NOTIC: [8] Undefined index: name F:\www\Zt\Dbshop\Application\Runtime\Cache\Admin\01ea1095153273d82c3a5707a91462bc.php 第 32 行.
NOTIC: [8] Undefined index: status F:\www\Zt\Dbshop\Application\Runtime\Cache\Admin\01ea1095153273d82c3a5707a91462bc.php 第 38 行.
NOTIC: [8] Undefined index: status F:\www\Zt\Dbshop\Application\Runtime\Cache\Admin\01ea1095153273d82c3a5707a91462bc.php 第 39 行.
NOTIC: [8] Undefined index: status F:\www\Zt\Dbshop\Application\Runtime\Cache\Admin\01ea1095153273d82c3a5707a91462bc.php 第 40 行.
NOTIC: [8] Undefined variable: page F:\www\Zt\Dbshop\Application\Runtime\Cache\Admin\01ea1095153273d82c3a5707a91462bc.php 第 91 行.
INFO: Run Behavior\ParseTemplateBehavior [ RunTime:0.014737s ]
INFO: [ view_parse ] --END-- [ RunTime:0.014841s ]
INFO: [ view_filter ] --START--
INFO: Run Behavior\WriteHtmlCacheBehavior [ RunTime:0.000303s ]
INFO: [ view_filter ] --END-- [ RunTime:0.000398s ]
INFO: [ app_end ] --START--
INFO: Run Behavior\ShowPageTraceBehavior [ RunTime:0.000441s ]
INFO: [ app_end ] --END-- [ RunTime:0.000533s ]

[ 2018-05-24T16:58:56+08:00 ] 127.0.0.1 /index.php/admin/goods/add.html
INFO: [ app_init ] --START--
INFO: Run Behavior\BuildLiteBehavior [ RunTime:0.000021s ]
INFO: [ app_init ] --END-- [ RunTime:0.000337s ]
INFO: [ app_begin ] --START--
INFO: Run Behavior\ReadHtmlCacheBehavior [ RunTime:0.000335s ]
INFO: [ app_begin ] --END-- [ RunTime:0.000433s ]
NOTIC: [8] A session had already been started - ignoring session_start() F:\www\Zt\Dbshop\ThinkPHP\Common\functions.php 第 1263 行.
SQL: SHOW COLUMNS FROM `tb_tags` [ RunTime:0.0010s ]
SQL: SELECT * FROM `tb_tags`  [ RunTime:0.0002s ]
INFO: [ view_parse ] --START--
INFO: [ template_filter ] --START--
INFO: Run Behavior\ContentReplaceBehavior [ RunTime:0.000073s ]
INFO: [ template_filter ] --END-- [ RunTime:0.000169s ]
INFO: Run Behavior\ParseTemplateBehavior [ RunTime:0.008469s ]
INFO: [ view_parse ] --END-- [ RunTime:0.008577s ]
INFO: [ view_filter ] --START--
INFO: Run Behavior\WriteHtmlCacheBehavior [ RunTime:0.000345s ]
INFO: [ view_filter ] --END-- [ RunTime:0.000436s ]
INFO: [ app_end ] --START--
INFO: Run Behavior\ShowPageTraceBehavior [ RunTime:0.000419s ]
INFO: [ app_end ] --END-- [ RunTime:0.000508s ]

[ 2018-05-24T16:59:03+08:00 ] 127.0.0.1 /index.php/admin/goods/doadd.html
INFO: [ app_init ] --START--
INFO: Run Behavior\BuildLiteBehavior [ RunTime:0.000020s ]
INFO: [ app_init ] --END-- [ RunTime:0.000318s ]
INFO: [ app_begin ] --START--
INFO: Run Behavior\ReadHtmlCacheBehavior [ RunTime:0.000311s ]
INFO: [ app_begin ] --END-- [ RunTime:0.000406s ]
NOTIC: [8] A session had already been started - ignoring session_start() F:\www\Zt\Dbshop\ThinkPHP\Common\functions.php 第 1263 行.

[ 2018-05-24T16:59:54+08:00 ] 127.0.0.1 /index.php/admin/goods/doadd.html
INFO: [ app_init ] --START--
INFO: Run Behavior\BuildLiteBehavior [ RunTime:0.000020s ]
INFO: [ app_init ] --END-- [ RunTime:0.000346s ]
INFO: [ app_begin ] --START--
INFO: Run Behavior\ReadHtmlCacheBehavior [ RunTime:0.000436s ]
INFO: [ app_begin ] --END-- [ RunTime:0.000536s ]
NOTIC: [8] A session had already been started - ignoring session_start() F:\www\Zt\Dbshop\ThinkPHP\Common\functions.php 第 1263 行.
NOTIC: [2] call_user_func() expects parameter 1 to be a valid callback, no array or string given F:\www\Zt\Dbshop\ThinkPHP\Library\Think\Upload.class.php 第 170 行.
SQL: SHOW COLUMNS FROM `tb_goods` [ RunTime:0.0010s ]
SQL: INSERT INTO `tb_goods` (`goods_name`,`goods_info`,`image`,`price`,`tag_id`,`createtime`,`updatetime`) VALUES ('1','1','./Uploads/5b067f0a9af0a.JPG','100','2','2018-05-24 16:59:54','2018-05-24 16:59:54') [ RunTime:0.0027s ]
INFO: [ view_parse ] --START--
INFO: [ template_filter ] --START--
INFO: Run Behavior\ContentReplaceBehavior [ RunTime:0.000105s ]
INFO: [ template_filter ] --END-- [ RunTime:0.000284s ]
INFO: Run Behavior\ParseTemplateBehavior [ RunTime:0.048808s ]
INFO: [ view_parse ] --END-- [ RunTime:0.048930s ]
INFO: [ view_filter ] --START--
INFO: Run Behavior\WriteHtmlCacheBehavior [ RunTime:0.000372s ]
INFO: [ view_filter ] --END-- [ RunTime:0.000515s ]
INFO: [ app_end ] --START--
INFO: Run Behavior\ShowPageTraceBehavior [ RunTime:0.000497s ]
INFO: [ app_end ] --END-- [ RunTime:0.000587s ]

[ 2018-05-24T16:59:55+08:00 ] 127.0.0.1 /index.php/admin/goods/lists
INFO: [ app_init ] --START--
INFO: Run Behavior\BuildLiteBehavior [ RunTime:0.000020s ]
INFO: [ app_init ] --END-- [ RunTime:0.000377s ]
INFO: [ app_begin ] --START--
INFO: Run Behavior\ReadHtmlCacheBehavior [ RunTime:0.000550s ]
INFO: [ app_begin ] --END-- [ RunTime:0.000645s ]
NOTIC: [8] A session had already been started - ignoring session_start() F:\www\Zt\Dbshop\ThinkPHP\Common\functions.php 第 1263 行.
SQL: SHOW COLUMNS FROM `tb_goods` [ RunTime:0.0011s ]
SQL: SELECT * FROM `tb_goods` LIMIT 0,20   [ RunTime:0.0003s ]
SQL: SHOW COLUMNS FROM `tb_tags` [ RunTime:0.0011s ]
SQL: SELECT * FROM `tb_tags` WHERE `id` = 1 LIMIT 1   [ RunTime:0.0002s ]
SQL: SELECT * FROM `tb_tags` WHERE `id` = 2 LIMIT 1   [ RunTime:0.0003s ]
SQL: SELECT * FROM `tb_tags` WHERE `id` = 1 LIMIT 1   [ RunTime:0.0003s ]
SQL: SELECT * FROM `tb_tags` WHERE `id` = 2 LIMIT 1   [ RunTime:0.0002s ]
INFO: [ view_parse ] --START--
INFO: [ template_filter ] --START--
INFO: Run Behavior\ContentReplaceBehavior [ RunTime:0.000077s ]
INFO: [ template_filter ] --END-- [ RunTime:0.000175s ]
NOTIC: [8] Undefined index: name F:\www\Zt\Dbshop\Application\Runtime\Cache\Admin\01ea1095153273d82c3a5707a91462bc.php 第 32 行.
NOTIC: [8] Undefined index: status F:\www\Zt\Dbshop\Application\Runtime\Cache\Admin\01ea1095153273d82c3a5707a91462bc.php 第 38 行.
NOTIC: [8] Undefined index: status F:\www\Zt\Dbshop\Application\Runtime\Cache\Admin\01ea1095153273d82c3a5707a91462bc.php 第 39 行.
NOTIC: [8] Undefined index: status F:\www\Zt\Dbshop\Application\Runtime\Cache\Admin\01ea1095153273d82c3a5707a91462bc.php 第 40 行.
NOTIC: [8] Undefined variable: page F:\www\Zt\Dbshop\Application\Runtime\Cache\Admin\01ea1095153273d82c3a5707a91462bc.php 第 91 行.
INFO: Run Behavior\ParseTemplateBehavior [ RunTime:0.010910s ]
INFO: [ view_parse ] --END-- [ RunTime:0.011011s ]
INFO: [ view_filter ] --START--
INFO: Run Behavior\WriteHtmlCacheBehavior [ RunTime:0.000417s ]
INFO: [ view_filter ] --END-- [ RunTime:0.000537s ]
INFO: [ app_end ] --START--
INFO: Run Behavior\ShowPageTraceBehavior [ RunTime:0.000610s ]
INFO: [ app_end ] --END-- [ RunTime:0.000740s ]

[ 2018-05-24T17:00:53+08:00 ] 127.0.0.1 /index.php/admin/goods/add.html
INFO: [ app_init ] --START--
INFO: Run Behavior\BuildLiteBehavior [ RunTime:0.000020s ]
INFO: [ app_init ] --END-- [ RunTime:0.000338s ]
INFO: [ app_begin ] --START--
INFO: Run Behavior\ReadHtmlCacheBehavior [ RunTime:0.000484s ]
INFO: [ app_begin ] --END-- [ RunTime:0.000579s ]
NOTIC: [8] A session had already been started - ignoring session_start() F:\www\Zt\Dbshop\ThinkPHP\Common\functions.php 第 1263 行.
SQL: SHOW COLUMNS FROM `tb_tags` [ RunTime:0.0011s ]
SQL: SELECT * FROM `tb_tags`  [ RunTime:0.0003s ]
INFO: [ view_parse ] --START--
INFO: [ template_filter ] --START--
INFO: Run Behavior\ContentReplaceBehavior [ RunTime:0.000095s ]
INFO: [ template_filter ] --END-- [ RunTime:0.000191s ]
INFO: Run Behavior\ParseTemplateBehavior [ RunTime:0.008880s ]
INFO: [ view_parse ] --END-- [ RunTime:0.009035s ]
INFO: [ view_filter ] --START--
INFO: Run Behavior\WriteHtmlCacheBehavior [ RunTime:0.000477s ]
INFO: [ view_filter ] --END-- [ RunTime:0.000608s ]
INFO: [ app_end ] --START--
INFO: Run Behavior\ShowPageTraceBehavior [ RunTime:0.000503s ]
INFO: [ app_end ] --END-- [ RunTime:0.000591s ]

[ 2018-05-24T17:00:58+08:00 ] 127.0.0.1 /index.php/admin/goods/doadd.html
INFO: [ app_init ] --START--
INFO: Run Behavior\BuildLiteBehavior [ RunTime:0.000020s ]
INFO: [ app_init ] --END-- [ RunTime:0.000344s ]
INFO: [ app_begin ] --START--
INFO: Run Behavior\ReadHtmlCacheBehavior [ RunTime:0.000511s ]
INFO: [ app_begin ] --END-- [ RunTime:0.000607s ]
NOTIC: [8] A session had already been started - ignoring session_start() F:\www\Zt\Dbshop\ThinkPHP\Common\functions.php 第 1263 行.

[ 2018-05-24T17:01:56+08:00 ] 127.0.0.1 /index.php/admin/goods/doadd.html
INFO: [ app_init ] --START--
INFO: Run Behavior\BuildLiteBehavior [ RunTime:0.000020s ]
INFO: [ app_init ] --END-- [ RunTime:0.000378s ]
INFO: [ app_begin ] --START--
INFO: Run Behavior\ReadHtmlCacheBehavior [ RunTime:0.000527s ]
INFO: [ app_begin ] --END-- [ RunTime:0.000624s ]
NOTIC: [8] A session had already been started - ignoring session_start() F:\www\Zt\Dbshop\ThinkPHP\Common\functions.php 第 1263 行.

[ 2018-05-24T17:02:09+08:00 ] 127.0.0.1 /Admin
INFO: [ app_init ] --START--
INFO: Run Behavior\BuildLiteBehavior [ RunTime:0.000022s ]
INFO: [ app_init ] --END-- [ RunTime:0.000589s ]
INFO: [ app_begin ] --START--
INFO: Run Behavior\ReadHtmlCacheBehavior [ RunTime:0.000619s ]
INFO: [ app_begin ] --END-- [ RunTime:0.000737s ]
NOTIC: [8] A session had already been started - ignoring session_start() F:\www\Zt\Dbshop\ThinkPHP\Common\functions.php 第 1263 行.
INFO: [ view_parse ] --START--
INFO: [ template_filter ] --START--
INFO: Run Behavior\ContentReplaceBehavior [ RunTime:0.000274s ]
INFO: [ template_filter ] --END-- [ RunTime:0.000378s ]
INFO: Run Behavior\ParseTemplateBehavior [ RunTime:0.020469s ]
INFO: [ view_parse ] --END-- [ RunTime:0.020578s ]
INFO: [ view_filter ] --START--
INFO: Run Behavior\WriteHtmlCacheBehavior [ RunTime:0.000360s ]
INFO: [ view_filter ] --END-- [ RunTime:0.000456s ]
INFO: [ app_end ] --START--
INFO: Run Behavior\ShowPageTraceBehavior [ RunTime:0.000872s ]
INFO: [ app_end ] --END-- [ RunTime:0.001043s ]

[ 2018-05-24T17:02:09+08:00 ] 127.0.0.1 /index.php/Admin/index/main.html
INFO: [ app_init ] --START--
INFO: Run Behavior\BuildLiteBehavior [ RunTime:0.000022s ]
INFO: [ app_init ] --END-- [ RunTime:0.000415s ]
INFO: [ app_begin ] --START--
INFO: Run Behavior\ReadHtmlCacheBehavior [ RunTime:0.001431s ]
INFO: [ app_begin ] --END-- [ RunTime:0.001738s ]
NOTIC: [8] A session had already been started - ignoring session_start() F:\www\Zt\Dbshop\ThinkPHP\Common\functions.php 第 1263 行.
INFO: [ view_parse ] --START--
INFO: [ template_filter ] --START--
INFO: Run Behavior\ContentReplaceBehavior [ RunTime:0.000234s ]
INFO: [ template_filter ] --END-- [ RunTime:0.000382s ]
INFO: Run Behavior\ParseTemplateBehavior [ RunTime:0.028279s ]
INFO: [ view_parse ] --END-- [ RunTime:0.028458s ]
INFO: [ view_filter ] --START--
INFO: Run Behavior\WriteHtmlCacheBehavior [ RunTime:0.000362s ]
INFO: [ view_filter ] --END-- [ RunTime:0.000451s ]
INFO: [ app_end ] --START--
INFO: Run Behavior\ShowPageTraceBehavior [ RunTime:0.001315s ]
INFO: [ app_end ] --END-- [ RunTime:0.001669s ]

[ 2018-05-24T17:02:11+08:00 ] 127.0.0.1 /index.php/Admin/Goods/lists.html?v=4.0
INFO: [ app_init ] --START--
INFO: Run Behavior\BuildLiteBehavior [ RunTime:0.000022s ]
INFO: [ app_init ] --END-- [ RunTime:0.000363s ]
INFO: [ app_begin ] --START--
INFO: Run Behavior\ReadHtmlCacheBehavior [ RunTime:0.000643s ]
INFO: [ app_begin ] --END-- [ RunTime:0.000779s ]
NOTIC: [8] A session had already been started - ignoring session_start() F:\www\Zt\Dbshop\ThinkPHP\Common\functions.php 第 1263 行.
SQL: SHOW COLUMNS FROM `tb_goods` [ RunTime:0.0011s ]
SQL: SELECT * FROM `tb_goods` LIMIT 0,20   [ RunTime:0.0004s ]
SQL: SHOW COLUMNS FROM `tb_tags` [ RunTime:0.0012s ]
SQL: SELECT * FROM `tb_tags` WHERE `id` = 1 LIMIT 1   [ RunTime:0.0003s ]
SQL: SELECT * FROM `tb_tags` WHERE `id` = 2 LIMIT 1   [ RunTime:0.0002s ]
SQL: SELECT * FROM `tb_tags` WHERE `id` = 1 LIMIT 1   [ RunTime:0.0002s ]
SQL: SELECT * FROM `tb_tags` WHERE `id` = 2 LIMIT 1   [ RunTime:0.0002s ]
INFO: [ view_parse ] --START--
INFO: [ template_filter ] --START--
INFO: Run Behavior\ContentReplaceBehavior [ RunTime:0.000093s ]
INFO: [ template_filter ] --END-- [ RunTime:0.000210s ]
NOTIC: [8] Undefined index: name F:\www\Zt\Dbshop\Application\Runtime\Cache\Admin\01ea1095153273d82c3a5707a91462bc.php 第 32 行.
NOTIC: [8] Undefined index: status F:\www\Zt\Dbshop\Application\Runtime\Cache\Admin\01ea1095153273d82c3a5707a91462bc.php 第 38 行.
NOTIC: [8] Undefined index: status F:\www\Zt\Dbshop\Application\Runtime\Cache\Admin\01ea1095153273d82c3a5707a91462bc.php 第 39 行.
NOTIC: [8] Undefined index: status F:\www\Zt\Dbshop\Application\Runtime\Cache\Admin\01ea1095153273d82c3a5707a91462bc.php 第 40 行.
NOTIC: [8] Undefined variable: page F:\www\Zt\Dbshop\Application\Runtime\Cache\Admin\01ea1095153273d82c3a5707a91462bc.php 第 91 行.
INFO: Run Behavior\ParseTemplateBehavior [ RunTime:0.014523s ]
INFO: [ view_parse ] --END-- [ RunTime:0.014617s ]
INFO: [ view_filter ] --START--
INFO: Run Behavior\WriteHtmlCacheBehavior [ RunTime:0.000365s ]
INFO: [ view_filter ] --END-- [ RunTime:0.000488s ]
INFO: [ app_end ] --START--
INFO: Run Behavior\ShowPageTraceBehavior [ RunTime:0.000555s ]
INFO: [ app_end ] --END-- [ RunTime:0.000670s ]

[ 2018-05-24T17:02:12+08:00 ] 127.0.0.1 /index.php/admin/goods/add.html
INFO: [ app_init ] --START--
INFO: Run Behavior\BuildLiteBehavior [ RunTime:0.000021s ]
INFO: [ app_init ] --END-- [ RunTime:0.000351s ]
INFO: [ app_begin ] --START--
INFO: Run Behavior\ReadHtmlCacheBehavior [ RunTime:0.000517s ]
INFO: [ app_begin ] --END-- [ RunTime:0.000621s ]
NOTIC: [8] A session had already been started - ignoring session_start() F:\www\Zt\Dbshop\ThinkPHP\Common\functions.php 第 1263 行.
SQL: SHOW COLUMNS FROM `tb_tags` [ RunTime:0.0009s ]
SQL: SELECT * FROM `tb_tags`  [ RunTime:0.0002s ]
INFO: [ view_parse ] --START--
INFO: [ template_filter ] --START--
INFO: Run Behavior\ContentReplaceBehavior [ RunTime:0.000070s ]
INFO: [ template_filter ] --END-- [ RunTime:0.000202s ]
INFO: Run Behavior\ParseTemplateBehavior [ RunTime:0.007945s ]
INFO: [ view_parse ] --END-- [ RunTime:0.008043s ]
INFO: [ view_filter ] --START--
INFO: Run Behavior\WriteHtmlCacheBehavior [ RunTime:0.000346s ]
INFO: [ view_filter ] --END-- [ RunTime:0.000432s ]
INFO: [ app_end ] --START--
INFO: Run Behavior\ShowPageTraceBehavior [ RunTime:0.000556s ]
INFO: [ app_end ] --END-- [ RunTime:0.000647s ]

[ 2018-05-24T17:02:18+08:00 ] 127.0.0.1 /index.php/admin/goods/doadd.html
INFO: [ app_init ] --START--
INFO: Run Behavior\BuildLiteBehavior [ RunTime:0.000019s ]
INFO: [ app_init ] --END-- [ RunTime:0.000333s ]
INFO: [ app_begin ] --START--
INFO: Run Behavior\ReadHtmlCacheBehavior [ RunTime:0.000380s ]
INFO: [ app_begin ] --END-- [ RunTime:0.000480s ]
NOTIC: [8] A session had already been started - ignoring session_start() F:\www\Zt\Dbshop\ThinkPHP\Common\functions.php 第 1263 行.

[ 2018-05-24T17:02:29+08:00 ] 127.0.0.1 /Admin
INFO: [ app_init ] --START--
INFO: Run Behavior\BuildLiteBehavior [ RunTime:0.000026s ]
INFO: [ app_init ] --END-- [ RunTime:0.000652s ]
INFO: [ app_begin ] --START--
INFO: Run Behavior\ReadHtmlCacheBehavior [ RunTime:0.000693s ]
INFO: [ app_begin ] --END-- [ RunTime:0.000883s ]
NOTIC: [8] A session had already been started - ignoring session_start() F:\www\Zt\Dbshop\ThinkPHP\Common\functions.php 第 1263 行.
INFO: [ view_parse ] --START--
INFO: [ template_filter ] --START--
INFO: Run Behavior\ContentReplaceBehavior [ RunTime:0.000264s ]
INFO: [ template_filter ] --END-- [ RunTime:0.000365s ]
INFO: Run Behavior\ParseTemplateBehavior [ RunTime:0.022341s ]
INFO: [ view_parse ] --END-- [ RunTime:0.022459s ]
INFO: [ view_filter ] --START--
INFO: Run Behavior\WriteHtmlCacheBehavior [ RunTime:0.000246s ]
INFO: [ view_filter ] --END-- [ RunTime:0.000332s ]
INFO: [ app_end ] --START--
INFO: Run Behavior\ShowPageTraceBehavior [ RunTime:0.000620s ]
INFO: [ app_end ] --END-- [ RunTime:0.000745s ]

[ 2018-05-24T17:02:29+08:00 ] 127.0.0.1 /index.php/Admin/index/main.html
INFO: [ app_init ] --START--
INFO: Run Behavior\BuildLiteBehavior [ RunTime:0.000020s ]
INFO: [ app_init ] --END-- [ RunTime:0.000315s ]
INFO: [ app_begin ] --START--
INFO: Run Behavior\ReadHtmlCacheBehavior [ RunTime:0.000464s ]
INFO: [ app_begin ] --END-- [ RunTime:0.000561s ]
NOTIC: [8] A session had already been started - ignoring session_start() F:\www\Zt\Dbshop\ThinkPHP\Common\functions.php 第 1263 行.
INFO: [ view_parse ] --START--
INFO: [ template_filter ] --START--
INFO: Run Behavior\ContentReplaceBehavior [ RunTime:0.000273s ]
INFO: [ template_filter ] --END-- [ RunTime:0.000528s ]
INFO: Run Behavior\ParseTemplateBehavior [ RunTime:0.022989s ]
INFO: [ view_parse ] --END-- [ RunTime:0.023097s ]
INFO: [ view_filter ] --START--
INFO: Run Behavior\WriteHtmlCacheBehavior [ RunTime:0.000286s ]
INFO: [ view_filter ] --END-- [ RunTime:0.000376s ]
INFO: [ app_end ] --START--
INFO: Run Behavior\ShowPageTraceBehavior [ RunTime:0.002479s ]
INFO: [ app_end ] --END-- [ RunTime:0.003068s ]

[ 2018-05-24T17:02:31+08:00 ] 127.0.0.1 /index.php/Admin/Goods/lists.html?v=4.0
INFO: [ app_init ] --START--
INFO: Run Behavior\BuildLiteBehavior [ RunTime:0.000021s ]
INFO: [ app_init ] --END-- [ RunTime:0.000364s ]
INFO: [ app_begin ] --START--
INFO: Run Behavior\ReadHtmlCacheBehavior [ RunTime:0.000505s ]
INFO: [ app_begin ] --END-- [ RunTime:0.000628s ]
NOTIC: [8] A session had already been started - ignoring session_start() F:\www\Zt\Dbshop\ThinkPHP\Common\functions.php 第 1263 行.
SQL: SHOW COLUMNS FROM `tb_goods` [ RunTime:0.0010s ]
SQL: SELECT * FROM `tb_goods` LIMIT 0,20   [ RunTime:0.0003s ]
SQL: SHOW COLUMNS FROM `tb_tags` [ RunTime:0.0009s ]
SQL: SELECT * FROM `tb_tags` WHERE `id` = 1 LIMIT 1   [ RunTime:0.0002s ]
SQL: SELECT * FROM `tb_tags` WHERE `id` = 2 LIMIT 1   [ RunTime:0.0002s ]
SQL: SELECT * FROM `tb_tags` WHERE `id` = 1 LIMIT 1   [ RunTime:0.0001s ]
SQL: SELECT * FROM `tb_tags` WHERE `id` = 2 LIMIT 1   [ RunTime:0.0002s ]
INFO: [ view_parse ] --START--
INFO: [ template_filter ] --START--
INFO: Run Behavior\ContentReplaceBehavior [ RunTime:0.000093s ]
INFO: [ template_filter ] --END-- [ RunTime:0.000219s ]
NOTIC: [8] Undefined index: name F:\www\Zt\Dbshop\Application\Runtime\Cache\Admin\01ea1095153273d82c3a5707a91462bc.php 第 32 行.
NOTIC: [8] Undefined index: status F:\www\Zt\Dbshop\Application\Runtime\Cache\Admin\01ea1095153273d82c3a5707a91462bc.php 第 38 行.
NOTIC: [8] Undefined index: status F:\www\Zt\Dbshop\Application\Runtime\Cache\Admin\01ea1095153273d82c3a5707a91462bc.php 第 39 行.
NOTIC: [8] Undefined index: status F:\www\Zt\Dbshop\Application\Runtime\Cache\Admin\01ea1095153273d82c3a5707a91462bc.php 第 40 行.
NOTIC: [8] Undefined variable: page F:\www\Zt\Dbshop\Application\Runtime\Cache\Admin\01ea1095153273d82c3a5707a91462bc.php 第 91 行.
INFO: Run Behavior\ParseTemplateBehavior [ RunTime:0.013595s ]
INFO: [ view_parse ] --END-- [ RunTime:0.013705s ]
INFO: [ view_filter ] --START--
INFO: Run Behavior\WriteHtmlCacheBehavior [ RunTime:0.000292s ]
INFO: [ view_filter ] --END-- [ RunTime:0.000389s ]
INFO: [ app_end ] --START--
INFO: Run Behavior\ShowPageTraceBehavior [ RunTime:0.000446s ]
INFO: [ app_end ] --END-- [ RunTime:0.000540s ]

[ 2018-05-24T17:02:32+08:00 ] 127.0.0.1 /index.php/admin/goods/add.html
INFO: [ app_init ] --START--
INFO: Run Behavior\BuildLiteBehavior [ RunTime:0.000086s ]
INFO: [ app_init ] --END-- [ RunTime:0.001047s ]
INFO: [ app_begin ] --START--
INFO: Run Behavior\ReadHtmlCacheBehavior [ RunTime:0.000448s ]
INFO: [ app_begin ] --END-- [ RunTime:0.000567s ]
NOTIC: [8] A session had already been started - ignoring session_start() F:\www\Zt\Dbshop\ThinkPHP\Common\functions.php 第 1263 行.
SQL: SHOW COLUMNS FROM `tb_tags` [ RunTime:0.0010s ]
SQL: SELECT * FROM `tb_tags`  [ RunTime:0.0003s ]
INFO: [ view_parse ] --START--
INFO: [ template_filter ] --START--
INFO: Run Behavior\ContentReplaceBehavior [ RunTime:0.000077s ]
INFO: [ template_filter ] --END-- [ RunTime:0.000183s ]
INFO: Run Behavior\ParseTemplateBehavior [ RunTime:0.008333s ]
INFO: [ view_parse ] --END-- [ RunTime:0.008451s ]
INFO: [ view_filter ] --START--
INFO: Run Behavior\WriteHtmlCacheBehavior [ RunTime:0.000176s ]
INFO: [ view_filter ] --END-- [ RunTime:0.000302s ]
INFO: [ app_end ] --START--
INFO: Run Behavior\ShowPageTraceBehavior [ RunTime:0.000483s ]
INFO: [ app_end ] --END-- [ RunTime:0.000572s ]

[ 2018-05-24T17:02:38+08:00 ] 127.0.0.1 /index.php/admin/goods/doadd.html
INFO: [ app_init ] --START--
INFO: Run Behavior\BuildLiteBehavior [ RunTime:0.000019s ]
INFO: [ app_init ] --END-- [ RunTime:0.000329s ]
INFO: [ app_begin ] --START--
INFO: Run Behavior\ReadHtmlCacheBehavior [ RunTime:0.000310s ]
INFO: [ app_begin ] --END-- [ RunTime:0.000406s ]
NOTIC: [8] A session had already been started - ignoring session_start() F:\www\Zt\Dbshop\ThinkPHP\Common\functions.php 第 1263 行.
NOTIC: [2] call_user_func() expects parameter 1 to be a valid callback, no array or string given F:\www\Zt\Dbshop\ThinkPHP\Library\Think\Upload.class.php 第 170 行.

[ 2018-05-24T17:03:12+08:00 ] 127.0.0.1 /index.php/admin/goods/doadd.html
INFO: [ app_init ] --START--
INFO: Run Behavior\BuildLiteBehavior [ RunTime:0.000019s ]
INFO: [ app_init ] --END-- [ RunTime:0.000369s ]
INFO: [ app_begin ] --START--
INFO: Run Behavior\ReadHtmlCacheBehavior [ RunTime:0.001001s ]
INFO: [ app_begin ] --END-- [ RunTime:0.001247s ]
NOTIC: [8] A session had already been started - ignoring session_start() F:\www\Zt\Dbshop\ThinkPHP\Common\functions.php 第 1263 行.
NOTIC: [2] call_user_func() expects parameter 1 to be a valid callback, no array or string given F:\www\Zt\Dbshop\ThinkPHP\Library\Think\Upload.class.php 第 170 行.
SQL: SHOW COLUMNS FROM `tb_goods` [ RunTime:0.0011s ]
SQL: INSERT INTO `tb_goods` (`goods_name`,`goods_info`,`image`,`price`,`tag_id`,`createtime`,`updatetime`) VALUES ('2','2','./Uploads/2018-05-24/5b067fd0b7155.JPG','200','2','2018-05-24 17:03:12','2018-05-24 17:03:12') [ RunTime:0.0018s ]
INFO: [ view_parse ] --START--
INFO: [ template_filter ] --START--
INFO: Run Behavior\ContentReplaceBehavior [ RunTime:0.000050s ]
INFO: [ template_filter ] --END-- [ RunTime:0.000139s ]
INFO: Run Behavior\ParseTemplateBehavior [ RunTime:0.006034s ]
INFO: [ view_parse ] --END-- [ RunTime:0.006145s ]
INFO: [ view_filter ] --START--
INFO: Run Behavior\WriteHtmlCacheBehavior [ RunTime:0.000497s ]
INFO: [ view_filter ] --END-- [ RunTime:0.000594s ]
INFO: [ app_end ] --START--
INFO: Run Behavior\ShowPageTraceBehavior [ RunTime:0.000521s ]
INFO: [ app_end ] --END-- [ RunTime:0.000644s ]

[ 2018-05-24T17:03:13+08:00 ] 127.0.0.1 /index.php/admin/goods/lists
INFO: [ app_init ] --START--
INFO: Run Behavior\BuildLiteBehavior [ RunTime:0.000019s ]
INFO: [ app_init ] --END-- [ RunTime:0.000339s ]
INFO: [ app_begin ] --START--
INFO: Run Behavior\ReadHtmlCacheBehavior [ RunTime:0.000491s ]
INFO: [ app_begin ] --END-- [ RunTime:0.000586s ]
NOTIC: [8] A session had already been started - ignoring session_start() F:\www\Zt\Dbshop\ThinkPHP\Common\functions.php 第 1263 行.
SQL: SHOW COLUMNS FROM `tb_goods` [ RunTime:0.0005s ]
SQL: SELECT * FROM `tb_goods` LIMIT 0,20   [ RunTime:0.0003s ]
SQL: SHOW COLUMNS FROM `tb_tags` [ RunTime:0.0009s ]
SQL: SELECT * FROM `tb_tags` WHERE `id` = 1 LIMIT 1   [ RunTime:0.0003s ]
SQL: SELECT * FROM `tb_tags` WHERE `id` = 2 LIMIT 1   [ RunTime:0.0002s ]
SQL: SELECT * FROM `tb_tags` WHERE `id` = 1 LIMIT 1   [ RunTime:0.0002s ]
SQL: SELECT * FROM `tb_tags` WHERE `id` = 2 LIMIT 1   [ RunTime:0.0002s ]
SQL: SELECT * FROM `tb_tags` WHERE `id` = 2 LIMIT 1   [ RunTime:0.0002s ]
INFO: [ view_parse ] --START--
INFO: [ template_filter ] --START--
INFO: Run Behavior\ContentReplaceBehavior [ RunTime:0.000076s ]
INFO: [ template_filter ] --END-- [ RunTime:0.000159s ]
NOTIC: [8] Undefined index: name F:\www\Zt\Dbshop\Application\Runtime\Cache\Admin\01ea1095153273d82c3a5707a91462bc.php 第 32 行.
NOTIC: [8] Undefined index: status F:\www\Zt\Dbshop\Application\Runtime\Cache\Admin\01ea1095153273d82c3a5707a91462bc.php 第 38 行.
NOTIC: [8] Undefined index: status F:\www\Zt\Dbshop\Application\Runtime\Cache\Admin\01ea1095153273d82c3a5707a91462bc.php 第 39 行.
NOTIC: [8] Undefined index: status F:\www\Zt\Dbshop\Application\Runtime\Cache\Admin\01ea1095153273d82c3a5707a91462bc.php 第 40 行.
NOTIC: [8] Undefined variable: page F:\www\Zt\Dbshop\Application\Runtime\Cache\Admin\01ea1095153273d82c3a5707a91462bc.php 第 91 行.
INFO: Run Behavior\ParseTemplateBehavior [ RunTime:0.009217s ]
INFO: [ view_parse ] --END-- [ RunTime:0.009312s ]
INFO: [ view_filter ] --START--
INFO: Run Behavior\WriteHtmlCacheBehavior [ RunTime:0.000362s ]
INFO: [ view_filter ] --END-- [ RunTime:0.000448s ]
INFO: [ app_end ] --START--
INFO: Run Behavior\ShowPageTraceBehavior [ RunTime:0.000463s ]
INFO: [ app_end ] --END-- [ RunTime:0.000611s ]

[ 2018-05-24T17:04:11+08:00 ] 127.0.0.1 /Admin
INFO: [ app_init ] --START--
INFO: Run Behavior\BuildLiteBehavior [ RunTime:0.000020s ]
INFO: [ app_init ] --END-- [ RunTime:0.000348s ]
INFO: [ app_begin ] --START--
INFO: Run Behavior\ReadHtmlCacheBehavior [ RunTime:0.000511s ]
INFO: [ app_begin ] --END-- [ RunTime:0.000638s ]
NOTIC: [8] A session had already been started - ignoring session_start() F:\www\Zt\Dbshop\ThinkPHP\Common\functions.php 第 1263 行.
INFO: [ view_parse ] --START--
INFO: [ template_filter ] --START--
INFO: Run Behavior\ContentReplaceBehavior [ RunTime:0.000269s ]
INFO: [ template_filter ] --END-- [ RunTime:0.000384s ]
INFO: Run Behavior\ParseTemplateBehavior [ RunTime:0.021367s ]
INFO: [ view_parse ] --END-- [ RunTime:0.021505s ]
INFO: [ view_filter ] --START--
INFO: Run Behavior\WriteHtmlCacheBehavior [ RunTime:0.002188s ]
INFO: [ view_filter ] --END-- [ RunTime:0.002747s ]
INFO: [ app_end ] --START--
INFO: Run Behavior\ShowPageTraceBehavior [ RunTime:0.000750s ]
INFO: [ app_end ] --END-- [ RunTime:0.000916s ]

[ 2018-05-24T17:04:11+08:00 ] 127.0.0.1 /index.php/Admin/index/main.html
INFO: [ app_init ] --START--
INFO: Run Behavior\BuildLiteBehavior [ RunTime:0.000021s ]
INFO: [ app_init ] --END-- [ RunTime:0.000477s ]
INFO: [ app_begin ] --START--
INFO: Run Behavior\ReadHtmlCacheBehavior [ RunTime:0.000570s ]
INFO: [ app_begin ] --END-- [ RunTime:0.000670s ]
NOTIC: [8] A session had already been started - ignoring session_start() F:\www\Zt\Dbshop\ThinkPHP\Common\functions.php 第 1263 行.
INFO: [ view_parse ] --START--
INFO: [ template_filter ] --START--
INFO: Run Behavior\ContentReplaceBehavior [ RunTime:0.000437s ]
INFO: [ template_filter ] --END-- [ RunTime:0.000802s ]
INFO: Run Behavior\ParseTemplateBehavior [ RunTime:0.029780s ]
INFO: [ view_parse ] --END-- [ RunTime:0.029899s ]
INFO: [ view_filter ] --START--
INFO: Run Behavior\WriteHtmlCacheBehavior [ RunTime:0.000421s ]
INFO: [ view_filter ] --END-- [ RunTime:0.000532s ]
INFO: [ app_end ] --START--
INFO: Run Behavior\ShowPageTraceBehavior [ RunTime:0.000860s ]
INFO: [ app_end ] --END-- [ RunTime:0.001076s ]

[ 2018-05-24T17:04:12+08:00 ] 127.0.0.1 /index.php/Admin/Goods/lists.html?v=4.0
INFO: [ app_init ] --START--
INFO: Run Behavior\BuildLiteBehavior [ RunTime:0.000025s ]
INFO: [ app_init ] --END-- [ RunTime:0.000485s ]
INFO: [ app_begin ] --START--
INFO: Run Behavior\ReadHtmlCacheBehavior [ RunTime:0.000719s ]
INFO: [ app_begin ] --END-- [ RunTime:0.000832s ]
NOTIC: [8] A session had already been started - ignoring session_start() F:\www\Zt\Dbshop\ThinkPHP\Common\functions.php 第 1263 行.
SQL: SHOW COLUMNS FROM `tb_goods` [ RunTime:0.0005s ]
SQL: SELECT * FROM `tb_goods` LIMIT 0,20   [ RunTime:0.0003s ]
SQL: SHOW COLUMNS FROM `tb_tags` [ RunTime:0.0004s ]
SQL: SELECT * FROM `tb_tags` WHERE `id` = 1 LIMIT 1   [ RunTime:0.0003s ]
SQL: SELECT * FROM `tb_tags` WHERE `id` = 2 LIMIT 1   [ RunTime:0.0002s ]
SQL: SELECT * FROM `tb_tags` WHERE `id` = 1 LIMIT 1   [ RunTime:0.0002s ]
SQL: SELECT * FROM `tb_tags` WHERE `id` = 2 LIMIT 1   [ RunTime:0.0002s ]
SQL: SELECT * FROM `tb_tags` WHERE `id` = 2 LIMIT 1   [ RunTime:0.0002s ]
INFO: [ view_parse ] --START--
INFO: [ template_filter ] --START--
INFO: Run Behavior\ContentReplaceBehavior [ RunTime:0.000080s ]
INFO: [ template_filter ] --END-- [ RunTime:0.000182s ]
NOTIC: [8] Undefined index: name F:\www\Zt\Dbshop\Application\Runtime\Cache\Admin\01ea1095153273d82c3a5707a91462bc.php 第 32 行.
NOTIC: [8] Undefined index: status F:\www\Zt\Dbshop\Application\Runtime\Cache\Admin\01ea1095153273d82c3a5707a91462bc.php 第 38 行.
NOTIC: [8] Undefined index: status F:\www\Zt\Dbshop\Application\Runtime\Cache\Admin\01ea1095153273d82c3a5707a91462bc.php 第 39 行.
NOTIC: [8] Undefined index: status F:\www\Zt\Dbshop\Application\Runtime\Cache\Admin\01ea1095153273d82c3a5707a91462bc.php 第 40 行.
NOTIC: [8] Undefined variable: page F:\www\Zt\Dbshop\Application\Runtime\Cache\Admin\01ea1095153273d82c3a5707a91462bc.php 第 91 行.
INFO: Run Behavior\ParseTemplateBehavior [ RunTime:0.046230s ]
INFO: [ view_parse ] --END-- [ RunTime:0.046374s ]
INFO: [ view_filter ] --START--
INFO: Run Behavior\WriteHtmlCacheBehavior [ RunTime:0.000385s ]
INFO: [ view_filter ] --END-- [ RunTime:0.000474s ]
INFO: [ app_end ] --START--
INFO: Run Behavior\ShowPageTraceBehavior [ RunTime:0.000503s ]
INFO: [ app_end ] --END-- [ RunTime:0.000611s ]

[ 2018-05-24T17:04:12+08:00 ] 127.0.0.1 /index.php/Admin/Goods/Uploads/5b067f0a9af0a.JPG
INFO: [ app_init ] --START--
INFO: Run Behavior\BuildLiteBehavior [ RunTime:0.000022s ]
INFO: [ app_init ] --END-- [ RunTime:0.000369s ]

[ 2018-05-24T17:04:12+08:00 ] 127.0.0.1 /index.php/Admin/Goods/Uploads/2018-05-24/5b067fd0b7155.JPG
INFO: [ app_init ] --START--
INFO: Run Behavior\BuildLiteBehavior [ RunTime:0.000024s ]
INFO: [ app_init ] --END-- [ RunTime:0.000357s ]

[ 2018-05-24T17:06:58+08:00 ] 127.0.0.1 /index.php/Admin/Goods/lists.html
INFO: [ app_init ] --START--
INFO: Run Behavior\BuildLiteBehavior [ RunTime:0.000021s ]
INFO: [ app_init ] --END-- [ RunTime:0.000422s ]
INFO: [ app_begin ] --START--
INFO: Run Behavior\ReadHtmlCacheBehavior [ RunTime:0.000402s ]
INFO: [ app_begin ] --END-- [ RunTime:0.000503s ]
NOTIC: [8] A session had already been started - ignoring session_start() F:\www\Zt\Dbshop\ThinkPHP\Common\functions.php 第 1263 行.
SQL: SHOW COLUMNS FROM `tb_goods` [ RunTime:0.0014s ]
SQL: SELECT * FROM `tb_goods` LIMIT 0,20   [ RunTime:0.0003s ]
SQL: SHOW COLUMNS FROM `tb_tags` [ RunTime:0.0005s ]
SQL: SELECT * FROM `tb_tags` WHERE `id` = 1 LIMIT 1   [ RunTime:0.0002s ]
SQL: SELECT * FROM `tb_tags` WHERE `id` = 2 LIMIT 1   [ RunTime:0.0002s ]
SQL: SELECT * FROM `tb_tags` WHERE `id` = 1 LIMIT 1   [ RunTime:0.0003s ]
SQL: SELECT * FROM `tb_tags` WHERE `id` = 2 LIMIT 1   [ RunTime:0.0002s ]
SQL: SELECT * FROM `tb_tags` WHERE `id` = 2 LIMIT 1   [ RunTime:0.0003s ]
INFO: [ view_parse ] --START--
INFO: [ template_filter ] --START--
INFO: Run Behavior\ContentReplaceBehavior [ RunTime:0.000087s ]
INFO: [ template_filter ] --END-- [ RunTime:0.000202s ]
NOTIC: [8] Undefined index: name F:\www\Zt\Dbshop\Application\Runtime\Cache\Admin\01ea1095153273d82c3a5707a91462bc.php 第 32 行.
NOTIC: [8] Undefined index: status F:\www\Zt\Dbshop\Application\Runtime\Cache\Admin\01ea1095153273d82c3a5707a91462bc.php 第 38 行.
NOTIC: [8] Undefined index: status F:\www\Zt\Dbshop\Application\Runtime\Cache\Admin\01ea1095153273d82c3a5707a91462bc.php 第 39 行.
NOTIC: [8] Undefined index: status F:\www\Zt\Dbshop\Application\Runtime\Cache\Admin\01ea1095153273d82c3a5707a91462bc.php 第 40 行.
NOTIC: [8] Undefined variable: page F:\www\Zt\Dbshop\Application\Runtime\Cache\Admin\01ea1095153273d82c3a5707a91462bc.php 第 91 行.
INFO: Run Behavior\ParseTemplateBehavior [ RunTime:0.014140s ]
INFO: [ view_parse ] --END-- [ RunTime:0.014256s ]
INFO: [ view_filter ] --START--
INFO: Run Behavior\WriteHtmlCacheBehavior [ RunTime:0.000319s ]
INFO: [ view_filter ] --END-- [ RunTime:0.000440s ]
INFO: [ app_end ] --START--
INFO: Run Behavior\ShowPageTraceBehavior [ RunTime:0.000760s ]
INFO: [ app_end ] --END-- [ RunTime:0.000886s ]

[ 2018-05-24T17:06:58+08:00 ] 127.0.0.1 /index.php/Admin/Goods/Uploads/5b067f0a9af0a.JPG
INFO: [ app_init ] --START--
INFO: Run Behavior\BuildLiteBehavior [ RunTime:0.000024s ]
INFO: [ app_init ] --END-- [ RunTime:0.000458s ]

[ 2018-05-24T17:06:58+08:00 ] 127.0.0.1 /index.php/Admin/Goods/Uploads/2018-05-24/5b067fd0b7155.JPG
INFO: [ app_init ] --START--
INFO: Run Behavior\BuildLiteBehavior [ RunTime:0.000026s ]
INFO: [ app_init ] --END-- [ RunTime:0.000478s ]

[ 2018-05-24T17:06:58+08:00 ] 127.0.0.1 /index.php/Admin/Goods/favicon.ico
INFO: [ app_init ] --START--
INFO: Run Behavior\BuildLiteBehavior [ RunTime:0.000024s ]
INFO: [ app_init ] --END-- [ RunTime:0.000402s ]

[ 2018-05-24T17:07:00+08:00 ] 127.0.0.1 /index.php/Admin/Goods/lists.html
INFO: [ app_init ] --START--
INFO: Run Behavior\BuildLiteBehavior [ RunTime:0.000024s ]
INFO: [ app_init ] --END-- [ RunTime:0.000391s ]
INFO: [ app_begin ] --START--
INFO: Run Behavior\ReadHtmlCacheBehavior [ RunTime:0.000476s ]
INFO: [ app_begin ] --END-- [ RunTime:0.000572s ]
NOTIC: [8] A session had already been started - ignoring session_start() F:\www\Zt\Dbshop\ThinkPHP\Common\functions.php 第 1263 行.
SQL: SHOW COLUMNS FROM `tb_goods` [ RunTime:0.0010s ]
SQL: SELECT * FROM `tb_goods` LIMIT 0,20   [ RunTime:0.0015s ]
SQL: SHOW COLUMNS FROM `tb_tags` [ RunTime:0.0005s ]
SQL: SELECT * FROM `tb_tags` WHERE `id` = 1 LIMIT 1   [ RunTime:0.0002s ]
SQL: SELECT * FROM `tb_tags` WHERE `id` = 2 LIMIT 1   [ RunTime:0.0002s ]
SQL: SELECT * FROM `tb_tags` WHERE `id` = 1 LIMIT 1   [ RunTime:0.0002s ]
SQL: SELECT * FROM `tb_tags` WHERE `id` = 2 LIMIT 1   [ RunTime:0.0002s ]
SQL: SELECT * FROM `tb_tags` WHERE `id` = 2 LIMIT 1   [ RunTime:0.0002s ]
INFO: [ view_parse ] --START--
INFO: [ template_filter ] --START--
INFO: Run Behavior\ContentReplaceBehavior [ RunTime:0.000086s ]
INFO: [ template_filter ] --END-- [ RunTime:0.000226s ]
NOTIC: [8] Undefined index: name F:\www\Zt\Dbshop\Application\Runtime\Cache\Admin\01ea1095153273d82c3a5707a91462bc.php 第 32 行.
NOTIC: [8] Undefined index: status F:\www\Zt\Dbshop\Application\Runtime\Cache\Admin\01ea1095153273d82c3a5707a91462bc.php 第 38 行.
NOTIC: [8] Undefined index: status F:\www\Zt\Dbshop\Application\Runtime\Cache\Admin\01ea1095153273d82c3a5707a91462bc.php 第 39 行.
NOTIC: [8] Undefined index: status F:\www\Zt\Dbshop\Application\Runtime\Cache\Admin\01ea1095153273d82c3a5707a91462bc.php 第 40 行.
NOTIC: [8] Undefined variable: page F:\www\Zt\Dbshop\Application\Runtime\Cache\Admin\01ea1095153273d82c3a5707a91462bc.php 第 91 行.
INFO: Run Behavior\ParseTemplateBehavior [ RunTime:0.011437s ]
INFO: [ view_parse ] --END-- [ RunTime:0.011530s ]
INFO: [ view_filter ] --START--
INFO: Run Behavior\WriteHtmlCacheBehavior [ RunTime:0.000353s ]
INFO: [ view_filter ] --END-- [ RunTime:0.000468s ]
INFO: [ app_end ] --START--
INFO: Run Behavior\ShowPageTraceBehavior [ RunTime:0.000484s ]
INFO: [ app_end ] --END-- [ RunTime:0.000569s ]

[ 2018-05-24T17:07:00+08:00 ] 127.0.0.1 /index.php/Admin/Goods/Uploads/2018-05-24/5b067fd0b7155.JPG
INFO: [ app_init ] --START--
INFO: Run Behavior\BuildLiteBehavior [ RunTime:0.000020s ]
INFO: [ app_init ] --END-- [ RunTime:0.000392s ]

[ 2018-05-24T17:07:00+08:00 ] 127.0.0.1 /index.php/Admin/Goods/Uploads/5b067f0a9af0a.JPG
INFO: [ app_init ] --START--
INFO: Run Behavior\BuildLiteBehavior [ RunTime:0.000024s ]
INFO: [ app_init ] --END-- [ RunTime:0.000400s ]

[ 2018-05-24T17:07:01+08:00 ] 127.0.0.1 /index.php/Admin/Goods/lists.html
INFO: [ app_init ] --START--
INFO: Run Behavior\BuildLiteBehavior [ RunTime:0.000132s ]
INFO: [ app_init ] --END-- [ RunTime:0.000868s ]
INFO: [ app_begin ] --START--
INFO: Run Behavior\ReadHtmlCacheBehavior [ RunTime:0.000527s ]
INFO: [ app_begin ] --END-- [ RunTime:0.000631s ]
NOTIC: [8] A session had already been started - ignoring session_start() F:\www\Zt\Dbshop\ThinkPHP\Common\functions.php 第 1263 行.
SQL: SHOW COLUMNS FROM `tb_goods` [ RunTime:0.0010s ]
SQL: SELECT * FROM `tb_goods` LIMIT 0,20   [ RunTime:0.0002s ]
SQL: SHOW COLUMNS FROM `tb_tags` [ RunTime:0.0004s ]
SQL: SELECT * FROM `tb_tags` WHERE `id` = 1 LIMIT 1   [ RunTime:0.0002s ]
SQL: SELECT * FROM `tb_tags` WHERE `id` = 2 LIMIT 1   [ RunTime:0.0002s ]
SQL: SELECT * FROM `tb_tags` WHERE `id` = 1 LIMIT 1   [ RunTime:0.0002s ]
SQL: SELECT * FROM `tb_tags` WHERE `id` = 2 LIMIT 1   [ RunTime:0.0002s ]
SQL: SELECT * FROM `tb_tags` WHERE `id` = 2 LIMIT 1   [ RunTime:0.0002s ]
INFO: [ view_parse ] --START--
INFO: [ template_filter ] --START--
INFO: Run Behavior\ContentReplaceBehavior [ RunTime:0.000196s ]
INFO: [ template_filter ] --END-- [ RunTime:0.000459s ]
NOTIC: [8] Undefined index: name F:\www\Zt\Dbshop\Application\Runtime\Cache\Admin\01ea1095153273d82c3a5707a91462bc.php 第 32 行.
NOTIC: [8] Undefined index: status F:\www\Zt\Dbshop\Application\Runtime\Cache\Admin\01ea1095153273d82c3a5707a91462bc.php 第 38 行.
NOTIC: [8] Undefined index: status F:\www\Zt\Dbshop\Application\Runtime\Cache\Admin\01ea1095153273d82c3a5707a91462bc.php 第 39 行.
NOTIC: [8] Undefined index: status F:\www\Zt\Dbshop\Application\Runtime\Cache\Admin\01ea1095153273d82c3a5707a91462bc.php 第 40 行.
NOTIC: [8] Undefined variable: page F:\www\Zt\Dbshop\Application\Runtime\Cache\Admin\01ea1095153273d82c3a5707a91462bc.php 第 91 行.
INFO: Run Behavior\ParseTemplateBehavior [ RunTime:0.013543s ]
INFO: [ view_parse ] --END-- [ RunTime:0.013635s ]
INFO: [ view_filter ] --START--
INFO: Run Behavior\WriteHtmlCacheBehavior [ RunTime:0.000339s ]
INFO: [ view_filter ] --END-- [ RunTime:0.000425s ]
INFO: [ app_end ] --START--
INFO: Run Behavior\ShowPageTraceBehavior [ RunTime:0.000468s ]
INFO: [ app_end ] --END-- [ RunTime:0.000558s ]

[ 2018-05-24T17:07:01+08:00 ] 127.0.0.1 /index.php/Admin/Goods/Uploads/5b067f0a9af0a.JPG
INFO: [ app_init ] --START--
INFO: Run Behavior\BuildLiteBehavior [ RunTime:0.000023s ]
INFO: [ app_init ] --END-- [ RunTime:0.000406s ]

[ 2018-05-24T17:07:01+08:00 ] 127.0.0.1 /index.php/Admin/Goods/Uploads/2018-05-24/5b067fd0b7155.JPG
INFO: [ app_init ] --START--
INFO: Run Behavior\BuildLiteBehavior [ RunTime:0.000043s ]
INFO: [ app_init ] --END-- [ RunTime:0.000500s ]

[ 2018-05-24T17:07:01+08:00 ] 127.0.0.1 /index.php/Admin/Goods/lists.html
INFO: [ app_init ] --START--
INFO: Run Behavior\BuildLiteBehavior [ RunTime:0.000072s ]
INFO: [ app_init ] --END-- [ RunTime:0.001294s ]
INFO: [ app_begin ] --START--
INFO: Run Behavior\ReadHtmlCacheBehavior [ RunTime:0.000599s ]
INFO: [ app_begin ] --END-- [ RunTime:0.000757s ]
NOTIC: [8] A session had already been started - ignoring session_start() F:\www\Zt\Dbshop\ThinkPHP\Common\functions.php 第 1263 行.
SQL: SHOW COLUMNS FROM `tb_goods` [ RunTime:0.0005s ]
SQL: SELECT * FROM `tb_goods` LIMIT 0,20   [ RunTime:0.0002s ]
SQL: SHOW COLUMNS FROM `tb_tags` [ RunTime:0.0008s ]
SQL: SELECT * FROM `tb_tags` WHERE `id` = 1 LIMIT 1   [ RunTime:0.0002s ]
SQL: SELECT * FROM `tb_tags` WHERE `id` = 2 LIMIT 1   [ RunTime:0.0002s ]
SQL: SELECT * FROM `tb_tags` WHERE `id` = 1 LIMIT 1   [ RunTime:0.0002s ]
SQL: SELECT * FROM `tb_tags` WHERE `id` = 2 LIMIT 1   [ RunTime:0.0002s ]
SQL: SELECT * FROM `tb_tags` WHERE `id` = 2 LIMIT 1   [ RunTime:0.0002s ]
INFO: [ view_parse ] --START--
INFO: [ template_filter ] --START--
INFO: Run Behavior\ContentReplaceBehavior [ RunTime:0.000081s ]
INFO: [ template_filter ] --END-- [ RunTime:0.000188s ]
NOTIC: [8] Undefined index: name F:\www\Zt\Dbshop\Application\Runtime\Cache\Admin\01ea1095153273d82c3a5707a91462bc.php 第 32 行.
NOTIC: [8] Undefined index: status F:\www\Zt\Dbshop\Application\Runtime\Cache\Admin\01ea1095153273d82c3a5707a91462bc.php 第 38 行.
NOTIC: [8] Undefined index: status F:\www\Zt\Dbshop\Application\Runtime\Cache\Admin\01ea1095153273d82c3a5707a91462bc.php 第 39 行.
NOTIC: [8] Undefined index: status F:\www\Zt\Dbshop\Application\Runtime\Cache\Admin\01ea1095153273d82c3a5707a91462bc.php 第 40 行.
NOTIC: [8] Undefined variable: page F:\www\Zt\Dbshop\Application\Runtime\Cache\Admin\01ea1095153273d82c3a5707a91462bc.php 第 91 行.
INFO: Run Behavior\ParseTemplateBehavior [ RunTime:0.013187s ]
INFO: [ view_parse ] --END-- [ RunTime:0.013281s ]
INFO: [ view_filter ] --START--
INFO: Run Behavior\WriteHtmlCacheBehavior [ RunTime:0.000195s ]
INFO: [ view_filter ] --END-- [ RunTime:0.000280s ]
INFO: [ app_end ] --START--
INFO: Run Behavior\ShowPageTraceBehavior [ RunTime:0.000395s ]
INFO: [ app_end ] --END-- [ RunTime:0.000485s ]

[ 2018-05-24T17:07:01+08:00 ] 127.0.0.1 /index.php/Admin/Goods/Uploads/5b067f0a9af0a.JPG
INFO: [ app_init ] --START--
INFO: Run Behavior\BuildLiteBehavior [ RunTime:0.000077s ]
INFO: [ app_init ] --END-- [ RunTime:0.001719s ]

[ 2018-05-24T17:07:01+08:00 ] 127.0.0.1 /index.php/Admin/Goods/Uploads/2018-05-24/5b067fd0b7155.JPG
INFO: [ app_init ] --START--
INFO: Run Behavior\BuildLiteBehavior [ RunTime:0.000022s ]
INFO: [ app_init ] --END-- [ RunTime:0.000365s ]

[ 2018-05-24T17:07:01+08:00 ] 127.0.0.1 /index.php/Admin/Goods/lists.html
INFO: [ app_init ] --START--
INFO: Run Behavior\BuildLiteBehavior [ RunTime:0.000021s ]
INFO: [ app_init ] --END-- [ RunTime:0.000425s ]
INFO: [ app_begin ] --START--
INFO: Run Behavior\ReadHtmlCacheBehavior [ RunTime:0.000477s ]
INFO: [ app_begin ] --END-- [ RunTime:0.000573s ]
NOTIC: [8] A session had already been started - ignoring session_start() F:\www\Zt\Dbshop\ThinkPHP\Common\functions.php 第 1263 行.
SQL: SHOW COLUMNS FROM `tb_goods` [ RunTime:0.0005s ]
SQL: SELECT * FROM `tb_goods` LIMIT 0,20   [ RunTime:0.0002s ]
SQL: SHOW COLUMNS FROM `tb_tags` [ RunTime:0.0003s ]
SQL: SELECT * FROM `tb_tags` WHERE `id` = 1 LIMIT 1   [ RunTime:0.0002s ]
SQL: SELECT * FROM `tb_tags` WHERE `id` = 2 LIMIT 1   [ RunTime:0.0002s ]
SQL: SELECT * FROM `tb_tags` WHERE `id` = 1 LIMIT 1   [ RunTime:0.0001s ]
SQL: SELECT * FROM `tb_tags` WHERE `id` = 2 LIMIT 1   [ RunTime:0.0009s ]
SQL: SELECT * FROM `tb_tags` WHERE `id` = 2 LIMIT 1   [ RunTime:0.0015s ]
INFO: [ view_parse ] --START--
INFO: [ template_filter ] --START--
INFO: Run Behavior\ContentReplaceBehavior [ RunTime:0.000071s ]
INFO: [ template_filter ] --END-- [ RunTime:0.000180s ]
NOTIC: [8] Undefined index: name F:\www\Zt\Dbshop\Application\Runtime\Cache\Admin\01ea1095153273d82c3a5707a91462bc.php 第 32 行.
NOTIC: [8] Undefined index: status F:\www\Zt\Dbshop\Application\Runtime\Cache\Admin\01ea1095153273d82c3a5707a91462bc.php 第 38 行.
NOTIC: [8] Undefined index: status F:\www\Zt\Dbshop\Application\Runtime\Cache\Admin\01ea1095153273d82c3a5707a91462bc.php 第 39 行.
NOTIC: [8] Undefined index: status F:\www\Zt\Dbshop\Application\Runtime\Cache\Admin\01ea1095153273d82c3a5707a91462bc.php 第 40 行.
NOTIC: [8] Undefined variable: page F:\www\Zt\Dbshop\Application\Runtime\Cache\Admin\01ea1095153273d82c3a5707a91462bc.php 第 91 行.
INFO: Run Behavior\ParseTemplateBehavior [ RunTime:0.010097s ]
INFO: [ view_parse ] --END-- [ RunTime:0.010227s ]
INFO: [ view_filter ] --START--
INFO: Run Behavior\WriteHtmlCacheBehavior [ RunTime:0.000575s ]
INFO: [ view_filter ] --END-- [ RunTime:0.000680s ]
INFO: [ app_end ] --START--
INFO: Run Behavior\ShowPageTraceBehavior [ RunTime:0.000974s ]
INFO: [ app_end ] --END-- [ RunTime:0.001251s ]

[ 2018-05-24T17:07:01+08:00 ] 127.0.0.1 /index.php/Admin/Goods/Uploads/5b067f0a9af0a.JPG
INFO: [ app_init ] --START--
INFO: Run Behavior\BuildLiteBehavior [ RunTime:0.000020s ]
INFO: [ app_init ] --END-- [ RunTime:0.000319s ]

[ 2018-05-24T17:07:01+08:00 ] 127.0.0.1 /index.php/Admin/Goods/Uploads/2018-05-24/5b067fd0b7155.JPG
INFO: [ app_init ] --START--
INFO: Run Behavior\BuildLiteBehavior [ RunTime:0.000021s ]
INFO: [ app_init ] --END-- [ RunTime:0.000318s ]

[ 2018-05-24T17:07:02+08:00 ] 127.0.0.1 /index.php/Admin/Goods/lists.html
INFO: [ app_init ] --START--
INFO: Run Behavior\BuildLiteBehavior [ RunTime:0.000053s ]
INFO: [ app_init ] --END-- [ RunTime:0.000945s ]
INFO: [ app_begin ] --START--
INFO: Run Behavior\ReadHtmlCacheBehavior [ RunTime:0.000708s ]
INFO: [ app_begin ] --END-- [ RunTime:0.000880s ]
NOTIC: [8] A session had already been started - ignoring session_start() F:\www\Zt\Dbshop\ThinkPHP\Common\functions.php 第 1263 行.
SQL: SHOW COLUMNS FROM `tb_goods` [ RunTime:0.0011s ]
SQL: SELECT * FROM `tb_goods` LIMIT 0,20   [ RunTime:0.0002s ]
SQL: SHOW COLUMNS FROM `tb_tags` [ RunTime:0.0008s ]
SQL: SELECT * FROM `tb_tags` WHERE `id` = 1 LIMIT 1   [ RunTime:0.0002s ]
SQL: SELECT * FROM `tb_tags` WHERE `id` = 2 LIMIT 1   [ RunTime:0.0002s ]
SQL: SELECT * FROM `tb_tags` WHERE `id` = 1 LIMIT 1   [ RunTime:0.0002s ]
SQL: SELECT * FROM `tb_tags` WHERE `id` = 2 LIMIT 1   [ RunTime:0.0002s ]
SQL: SELECT * FROM `tb_tags` WHERE `id` = 2 LIMIT 1   [ RunTime:0.0002s ]
INFO: [ view_parse ] --START--
INFO: [ template_filter ] --START--
INFO: Run Behavior\ContentReplaceBehavior [ RunTime:0.000109s ]
INFO: [ template_filter ] --END-- [ RunTime:0.000215s ]
NOTIC: [8] Undefined index: name F:\www\Zt\Dbshop\Application\Runtime\Cache\Admin\01ea1095153273d82c3a5707a91462bc.php 第 32 行.
NOTIC: [8] Undefined index: status F:\www\Zt\Dbshop\Application\Runtime\Cache\Admin\01ea1095153273d82c3a5707a91462bc.php 第 38 行.
NOTIC: [8] Undefined index: status F:\www\Zt\Dbshop\Application\Runtime\Cache\Admin\01ea1095153273d82c3a5707a91462bc.php 第 39 行.
NOTIC: [8] Undefined index: status F:\www\Zt\Dbshop\Application\Runtime\Cache\Admin\01ea1095153273d82c3a5707a91462bc.php 第 40 行.
NOTIC: [8] Undefined variable: page F:\www\Zt\Dbshop\Application\Runtime\Cache\Admin\01ea1095153273d82c3a5707a91462bc.php 第 91 行.
INFO: Run Behavior\ParseTemplateBehavior [ RunTime:0.015688s ]
INFO: [ view_parse ] --END-- [ RunTime:0.015781s ]
INFO: [ view_filter ] --START--
INFO: Run Behavior\WriteHtmlCacheBehavior [ RunTime:0.000342s ]
INFO: [ view_filter ] --END-- [ RunTime:0.000427s ]
INFO: [ app_end ] --START--
INFO: Run Behavior\ShowPageTraceBehavior [ RunTime:0.000467s ]
INFO: [ app_end ] --END-- [ RunTime:0.000556s ]

[ 2018-05-24T17:07:02+08:00 ] 127.0.0.1 /index.php/Admin/Goods/Uploads/2018-05-24/5b067fd0b7155.JPG
INFO: [ app_init ] --START--
INFO: Run Behavior\BuildLiteBehavior [ RunTime:0.000021s ]
INFO: [ app_init ] --END-- [ RunTime:0.000318s ]

[ 2018-05-24T17:07:02+08:00 ] 127.0.0.1 /index.php/Admin/Goods/Uploads/5b067f0a9af0a.JPG
INFO: [ app_init ] --START--
INFO: Run Behavior\BuildLiteBehavior [ RunTime:0.000020s ]
INFO: [ app_init ] --END-- [ RunTime:0.000323s ]

[ 2018-05-24T17:07:02+08:00 ] 127.0.0.1 /index.php/Admin/Goods/lists.html
INFO: [ app_init ] --START--
INFO: Run Behavior\BuildLiteBehavior [ RunTime:0.000067s ]
INFO: [ app_init ] --END-- [ RunTime:0.000963s ]
INFO: [ app_begin ] --START--
INFO: Run Behavior\ReadHtmlCacheBehavior [ RunTime:0.000529s ]
INFO: [ app_begin ] --END-- [ RunTime:0.000819s ]
NOTIC: [8] A session had already been started - ignoring session_start() F:\www\Zt\Dbshop\ThinkPHP\Common\functions.php 第 1263 行.
SQL: SHOW COLUMNS FROM `tb_goods` [ RunTime:0.0006s ]
SQL: SELECT * FROM `tb_goods` LIMIT 0,20   [ RunTime:0.0003s ]
SQL: SHOW COLUMNS FROM `tb_tags` [ RunTime:0.0009s ]
SQL: SELECT * FROM `tb_tags` WHERE `id` = 1 LIMIT 1   [ RunTime:0.0002s ]
SQL: SELECT * FROM `tb_tags` WHERE `id` = 2 LIMIT 1   [ RunTime:0.0003s ]
SQL: SELECT * FROM `tb_tags` WHERE `id` = 1 LIMIT 1   [ RunTime:0.0002s ]
SQL: SELECT * FROM `tb_tags` WHERE `id` = 2 LIMIT 1   [ RunTime:0.0002s ]
SQL: SELECT * FROM `tb_tags` WHERE `id` = 2 LIMIT 1   [ RunTime:0.0002s ]
INFO: [ view_parse ] --START--
INFO: [ template_filter ] --START--
INFO: Run Behavior\ContentReplaceBehavior [ RunTime:0.000112s ]
INFO: [ template_filter ] --END-- [ RunTime:0.000241s ]
NOTIC: [8] Undefined index: name F:\www\Zt\Dbshop\Application\Runtime\Cache\Admin\01ea1095153273d82c3a5707a91462bc.php 第 32 行.
NOTIC: [8] Undefined index: status F:\www\Zt\Dbshop\Application\Runtime\Cache\Admin\01ea1095153273d82c3a5707a91462bc.php 第 38 行.
NOTIC: [8] Undefined index: status F:\www\Zt\Dbshop\Application\Runtime\Cache\Admin\01ea1095153273d82c3a5707a91462bc.php 第 39 行.
NOTIC: [8] Undefined index: status F:\www\Zt\Dbshop\Application\Runtime\Cache\Admin\01ea1095153273d82c3a5707a91462bc.php 第 40 行.
NOTIC: [8] Undefined variable: page F:\www\Zt\Dbshop\Application\Runtime\Cache\Admin\01ea1095153273d82c3a5707a91462bc.php 第 91 行.
INFO: Run Behavior\ParseTemplateBehavior [ RunTime:0.013470s ]
INFO: [ view_parse ] --END-- [ RunTime:0.013568s ]
INFO: [ view_filter ] --START--
INFO: Run Behavior\WriteHtmlCacheBehavior [ RunTime:0.000205s ]
INFO: [ view_filter ] --END-- [ RunTime:0.000293s ]
INFO: [ app_end ] --START--
INFO: Run Behavior\ShowPageTraceBehavior [ RunTime:0.000398s ]
INFO: [ app_end ] --END-- [ RunTime:0.000485s ]

[ 2018-05-24T17:07:02+08:00 ] 127.0.0.1 /index.php/Admin/Goods/Uploads/5b067f0a9af0a.JPG
INFO: [ app_init ] --START--
INFO: Run Behavior\BuildLiteBehavior [ RunTime:0.000036s ]
INFO: [ app_init ] --END-- [ RunTime:0.000398s ]

[ 2018-05-24T17:07:02+08:00 ] 127.0.0.1 /index.php/Admin/Goods/Uploads/2018-05-24/5b067fd0b7155.JPG
INFO: [ app_init ] --START--
INFO: Run Behavior\BuildLiteBehavior [ RunTime:0.000149s ]
INFO: [ app_init ] --END-- [ RunTime:0.002263s ]

[ 2018-05-24T17:07:02+08:00 ] 127.0.0.1 /index.php/Admin/Goods/lists.html
INFO: [ app_init ] --START--
INFO: Run Behavior\BuildLiteBehavior [ RunTime:0.000019s ]
INFO: [ app_init ] --END-- [ RunTime:0.000324s ]
INFO: [ app_begin ] --START--
INFO: Run Behavior\ReadHtmlCacheBehavior [ RunTime:0.000329s ]
INFO: [ app_begin ] --END-- [ RunTime:0.000425s ]
NOTIC: [8] A session had already been started - ignoring session_start() F:\www\Zt\Dbshop\ThinkPHP\Common\functions.php 第 1263 行.
SQL: SHOW COLUMNS FROM `tb_goods` [ RunTime:0.0009s ]
SQL: SELECT * FROM `tb_goods` LIMIT 0,20   [ RunTime:0.0017s ]
SQL: SHOW COLUMNS FROM `tb_tags` [ RunTime:0.0014s ]
SQL: SELECT * FROM `tb_tags` WHERE `id` = 1 LIMIT 1   [ RunTime:0.0003s ]
SQL: SELECT * FROM `tb_tags` WHERE `id` = 2 LIMIT 1   [ RunTime:0.0002s ]
SQL: SELECT * FROM `tb_tags` WHERE `id` = 1 LIMIT 1   [ RunTime:0.0002s ]
SQL: SELECT * FROM `tb_tags` WHERE `id` = 2 LIMIT 1   [ RunTime:0.0002s ]
SQL: SELECT * FROM `tb_tags` WHERE `id` = 2 LIMIT 1   [ RunTime:0.0002s ]
INFO: [ view_parse ] --START--
INFO: [ template_filter ] --START--
INFO: Run Behavior\ContentReplaceBehavior [ RunTime:0.000278s ]
INFO: [ template_filter ] --END-- [ RunTime:0.000602s ]
NOTIC: [8] Undefined index: name F:\www\Zt\Dbshop\Application\Runtime\Cache\Admin\01ea1095153273d82c3a5707a91462bc.php 第 32 行.
NOTIC: [8] Undefined index: status F:\www\Zt\Dbshop\Application\Runtime\Cache\Admin\01ea1095153273d82c3a5707a91462bc.php 第 38 行.
NOTIC: [8] Undefined index: status F:\www\Zt\Dbshop\Application\Runtime\Cache\Admin\01ea1095153273d82c3a5707a91462bc.php 第 39 行.
NOTIC: [8] Undefined index: status F:\www\Zt\Dbshop\Application\Runtime\Cache\Admin\01ea1095153273d82c3a5707a91462bc.php 第 40 行.
NOTIC: [8] Undefined variable: page F:\www\Zt\Dbshop\Application\Runtime\Cache\Admin\01ea1095153273d82c3a5707a91462bc.php 第 91 行.
INFO: Run Behavior\ParseTemplateBehavior [ RunTime:0.013990s ]
INFO: [ view_parse ] --END-- [ RunTime:0.014084s ]
INFO: [ view_filter ] --START--
INFO: Run Behavior\WriteHtmlCacheBehavior [ RunTime:0.000189s ]
INFO: [ view_filter ] --END-- [ RunTime:0.000272s ]
INFO: [ app_end ] --START--
INFO: Run Behavior\ShowPageTraceBehavior [ RunTime:0.000441s ]
INFO: [ app_end ] --END-- [ RunTime:0.000551s ]

[ 2018-05-24T17:07:02+08:00 ] 127.0.0.1 /index.php/Admin/Goods/Uploads/5b067f0a9af0a.JPG
INFO: [ app_init ] --START--
INFO: Run Behavior\BuildLiteBehavior [ RunTime:0.000028s ]
INFO: [ app_init ] --END-- [ RunTime:0.000341s ]

[ 2018-05-24T17:07:02+08:00 ] 127.0.0.1 /index.php/Admin/Goods/Uploads/2018-05-24/5b067fd0b7155.JPG
INFO: [ app_init ] --START--
INFO: Run Behavior\BuildLiteBehavior [ RunTime:0.000019s ]
INFO: [ app_init ] --END-- [ RunTime:0.000316s ]

[ 2018-05-24T17:07:50+08:00 ] 127.0.0.1 /index.php/Admin/Goods/lists.html
INFO: [ app_init ] --START--
INFO: Run Behavior\BuildLiteBehavior [ RunTime:0.000020s ]
INFO: [ app_init ] --END-- [ RunTime:0.000358s ]
INFO: [ app_begin ] --START--
INFO: Run Behavior\ReadHtmlCacheBehavior [ RunTime:0.000493s ]
INFO: [ app_begin ] --END-- [ RunTime:0.000587s ]
NOTIC: [8] A session had already been started - ignoring session_start() F:\www\Zt\Dbshop\ThinkPHP\Common\functions.php 第 1263 行.
SQL: SHOW COLUMNS FROM `tb_goods` [ RunTime:0.0010s ]
SQL: SELECT * FROM `tb_goods` LIMIT 0,20   [ RunTime:0.0003s ]
SQL: SHOW COLUMNS FROM `tb_tags` [ RunTime:0.0028s ]
SQL: SELECT * FROM `tb_tags` WHERE `id` = 1 LIMIT 1   [ RunTime:0.0003s ]
SQL: SELECT * FROM `tb_tags` WHERE `id` = 2 LIMIT 1   [ RunTime:0.0002s ]
SQL: SELECT * FROM `tb_tags` WHERE `id` = 1 LIMIT 1   [ RunTime:0.0002s ]
SQL: SELECT * FROM `tb_tags` WHERE `id` = 2 LIMIT 1   [ RunTime:0.0002s ]
SQL: SELECT * FROM `tb_tags` WHERE `id` = 2 LIMIT 1   [ RunTime:0.0002s ]

[ 2018-05-24T17:08:00+08:00 ] 127.0.0.1 /index.php/Admin/Goods/lists.html
INFO: [ app_init ] --START--
INFO: Run Behavior\BuildLiteBehavior [ RunTime:0.000019s ]
INFO: [ app_init ] --END-- [ RunTime:0.000347s ]
INFO: [ app_begin ] --START--
INFO: Run Behavior\ReadHtmlCacheBehavior [ RunTime:0.000456s ]
INFO: [ app_begin ] --END-- [ RunTime:0.000550s ]
NOTIC: [8] A session had already been started - ignoring session_start() F:\www\Zt\Dbshop\ThinkPHP\Common\functions.php 第 1263 行.
SQL: SHOW COLUMNS FROM `tb_goods` [ RunTime:0.0006s ]
SQL: SELECT * FROM `tb_goods` LIMIT 0,20   [ RunTime:0.0003s ]
SQL: SHOW COLUMNS FROM `tb_tags` [ RunTime:0.0009s ]
SQL: SELECT * FROM `tb_tags` WHERE `id` = 1 LIMIT 1   [ RunTime:0.0018s ]
SQL: SELECT * FROM `tb_tags` WHERE `id` = 2 LIMIT 1   [ RunTime:0.0005s ]
SQL: SELECT * FROM `tb_tags` WHERE `id` = 1 LIMIT 1   [ RunTime:0.0002s ]
SQL: SELECT * FROM `tb_tags` WHERE `id` = 2 LIMIT 1   [ RunTime:0.0002s ]
SQL: SELECT * FROM `tb_tags` WHERE `id` = 2 LIMIT 1   [ RunTime:0.0002s ]
INFO: [ view_parse ] --START--
INFO: [ template_filter ] --START--
INFO: Run Behavior\ContentReplaceBehavior [ RunTime:0.000084s ]
INFO: [ template_filter ] --END-- [ RunTime:0.000173s ]
NOTIC: [8] Undefined index: name F:\www\Zt\Dbshop\Application\Runtime\Cache\Admin\01ea1095153273d82c3a5707a91462bc.php 第 32 行.
NOTIC: [8] Undefined index: status F:\www\Zt\Dbshop\Application\Runtime\Cache\Admin\01ea1095153273d82c3a5707a91462bc.php 第 38 行.
NOTIC: [8] Undefined index: status F:\www\Zt\Dbshop\Application\Runtime\Cache\Admin\01ea1095153273d82c3a5707a91462bc.php 第 39 行.
NOTIC: [8] Undefined index: status F:\www\Zt\Dbshop\Application\Runtime\Cache\Admin\01ea1095153273d82c3a5707a91462bc.php 第 40 行.
NOTIC: [8] Undefined variable: page F:\www\Zt\Dbshop\Application\Runtime\Cache\Admin\01ea1095153273d82c3a5707a91462bc.php 第 91 行.
INFO: Run Behavior\ParseTemplateBehavior [ RunTime:0.012610s ]
INFO: [ view_parse ] --END-- [ RunTime:0.012741s ]
INFO: [ view_filter ] --START--
INFO: Run Behavior\WriteHtmlCacheBehavior [ RunTime:0.000388s ]
INFO: [ view_filter ] --END-- [ RunTime:0.000473s ]
INFO: [ app_end ] --START--
INFO: Run Behavior\ShowPageTraceBehavior [ RunTime:0.000639s ]
INFO: [ app_end ] --END-- [ RunTime:0.000752s ]

[ 2018-05-24T17:08:00+08:00 ] 127.0.0.1 /index.php/Admin/Goods/Uploads/5b067f0a9af0a.JPG
INFO: [ app_init ] --START--
INFO: Run Behavior\BuildLiteBehavior [ RunTime:0.000021s ]
INFO: [ app_init ] --END-- [ RunTime:0.000384s ]

[ 2018-05-24T17:08:00+08:00 ] 127.0.0.1 /index.php/Admin/Goods/Uploads/2018-05-24/5b067fd0b7155.JPG
INFO: [ app_init ] --START--
INFO: Run Behavior\BuildLiteBehavior [ RunTime:0.000019s ]
INFO: [ app_init ] --END-- [ RunTime:0.000320s ]

[ 2018-05-24T17:09:25+08:00 ] 127.0.0.1 /index.php/Admin/Goods/lists.html
INFO: [ app_init ] --START--
INFO: Run Behavior\BuildLiteBehavior [ RunTime:0.000020s ]
INFO: [ app_init ] --END-- [ RunTime:0.000403s ]
INFO: [ app_begin ] --START--
INFO: Run Behavior\ReadHtmlCacheBehavior [ RunTime:0.000697s ]
INFO: [ app_begin ] --END-- [ RunTime:0.000877s ]
NOTIC: [8] A session had already been started - ignoring session_start() F:\www\Zt\Dbshop\ThinkPHP\Common\functions.php 第 1263 行.
SQL: SHOW COLUMNS FROM `tb_goods` [ RunTime:0.0010s ]
SQL: SELECT * FROM `tb_goods` LIMIT 0,20   [ RunTime:0.0003s ]
SQL: SHOW COLUMNS FROM `tb_tags` [ RunTime:0.0004s ]
SQL: SELECT * FROM `tb_tags` WHERE `id` = 1 LIMIT 1   [ RunTime:0.0002s ]
SQL: SELECT * FROM `tb_tags` WHERE `id` = 2 LIMIT 1   [ RunTime:0.0002s ]
SQL: SELECT * FROM `tb_tags` WHERE `id` = 1 LIMIT 1   [ RunTime:0.0002s ]
SQL: SELECT * FROM `tb_tags` WHERE `id` = 2 LIMIT 1   [ RunTime:0.0002s ]
SQL: SELECT * FROM `tb_tags` WHERE `id` = 2 LIMIT 1   [ RunTime:0.0002s ]
NOTIC: [8] Undefined index: ROOT_PATH F:\www\Zt\Dbshop\Application\Admin\Controller\GoodsController.class.php 第 30 行.

[ 2018-05-24T17:09:30+08:00 ] 127.0.0.1 /index.php/Admin/Goods/lists.html
INFO: [ app_init ] --START--
INFO: Run Behavior\BuildLiteBehavior [ RunTime:0.000025s ]
INFO: [ app_init ] --END-- [ RunTime:0.000477s ]
INFO: [ app_begin ] --START--
INFO: Run Behavior\ReadHtmlCacheBehavior [ RunTime:0.000422s ]
INFO: [ app_begin ] --END-- [ RunTime:0.000549s ]
NOTIC: [8] A session had already been started - ignoring session_start() F:\www\Zt\Dbshop\ThinkPHP\Common\functions.php 第 1263 行.
SQL: SHOW COLUMNS FROM `tb_goods` [ RunTime:0.0005s ]
SQL: SELECT * FROM `tb_goods` LIMIT 0,20   [ RunTime:0.0003s ]
SQL: SHOW COLUMNS FROM `tb_tags` [ RunTime:0.0005s ]
SQL: SELECT * FROM `tb_tags` WHERE `id` = 1 LIMIT 1   [ RunTime:0.0003s ]
SQL: SELECT * FROM `tb_tags` WHERE `id` = 2 LIMIT 1   [ RunTime:0.0002s ]
SQL: SELECT * FROM `tb_tags` WHERE `id` = 1 LIMIT 1   [ RunTime:0.0002s ]
SQL: SELECT * FROM `tb_tags` WHERE `id` = 2 LIMIT 1   [ RunTime:0.0002s ]
SQL: SELECT * FROM `tb_tags` WHERE `id` = 2 LIMIT 1   [ RunTime:0.0002s ]

[ 2018-05-24T17:09:38+08:00 ] 127.0.0.1 /index.php/Admin/Goods/lists.html
INFO: [ app_init ] --START--
INFO: Run Behavior\BuildLiteBehavior [ RunTime:0.000019s ]
INFO: [ app_init ] --END-- [ RunTime:0.000321s ]
INFO: [ app_begin ] --START--
INFO: Run Behavior\ReadHtmlCacheBehavior [ RunTime:0.000647s ]
INFO: [ app_begin ] --END-- [ RunTime:0.000762s ]
NOTIC: [8] A session had already been started - ignoring session_start() F:\www\Zt\Dbshop\ThinkPHP\Common\functions.php 第 1263 行.
SQL: SHOW COLUMNS FROM `tb_goods` [ RunTime:0.0029s ]
SQL: SELECT * FROM `tb_goods` LIMIT 0,20   [ RunTime:0.0003s ]
SQL: SHOW COLUMNS FROM `tb_tags` [ RunTime:0.0004s ]
SQL: SELECT * FROM `tb_tags` WHERE `id` = 1 LIMIT 1   [ RunTime:0.0002s ]
SQL: SELECT * FROM `tb_tags` WHERE `id` = 2 LIMIT 1   [ RunTime:0.0002s ]
SQL: SELECT * FROM `tb_tags` WHERE `id` = 1 LIMIT 1   [ RunTime:0.0002s ]
SQL: SELECT * FROM `tb_tags` WHERE `id` = 2 LIMIT 1   [ RunTime:0.0002s ]
SQL: SELECT * FROM `tb_tags` WHERE `id` = 2 LIMIT 1   [ RunTime:0.0002s ]
INFO: [ view_parse ] --START--
INFO: [ template_filter ] --START--
INFO: Run Behavior\ContentReplaceBehavior [ RunTime:0.000225s ]
INFO: [ template_filter ] --END-- [ RunTime:0.000511s ]
NOTIC: [8] Undefined index: name F:\www\Zt\Dbshop\Application\Runtime\Cache\Admin\01ea1095153273d82c3a5707a91462bc.php 第 32 行.
NOTIC: [8] Undefined index: status F:\www\Zt\Dbshop\Application\Runtime\Cache\Admin\01ea1095153273d82c3a5707a91462bc.php 第 38 行.
NOTIC: [8] Undefined index: status F:\www\Zt\Dbshop\Application\Runtime\Cache\Admin\01ea1095153273d82c3a5707a91462bc.php 第 39 行.
NOTIC: [8] Undefined index: status F:\www\Zt\Dbshop\Application\Runtime\Cache\Admin\01ea1095153273d82c3a5707a91462bc.php 第 40 行.
NOTIC: [8] Undefined variable: page F:\www\Zt\Dbshop\Application\Runtime\Cache\Admin\01ea1095153273d82c3a5707a91462bc.php 第 91 行.
INFO: Run Behavior\ParseTemplateBehavior [ RunTime:0.011592s ]
INFO: [ view_parse ] --END-- [ RunTime:0.011685s ]
INFO: [ view_filter ] --START--
INFO: Run Behavior\WriteHtmlCacheBehavior [ RunTime:0.000243s ]
INFO: [ view_filter ] --END-- [ RunTime:0.000327s ]
INFO: [ app_end ] --START--
INFO: Run Behavior\ShowPageTraceBehavior [ RunTime:0.000422s ]
INFO: [ app_end ] --END-- [ RunTime:0.000522s ]

[ 2018-05-24T17:09:38+08:00 ] 127.0.0.1 /index.php/Admin/Goods/Uploads/5b067f0a9af0a.JPG
INFO: [ app_init ] --START--
INFO: Run Behavior\BuildLiteBehavior [ RunTime:0.000070s ]
INFO: [ app_init ] --END-- [ RunTime:0.001045s ]

[ 2018-05-24T17:09:38+08:00 ] 127.0.0.1 /index.php/Admin/Goods/Uploads/2018-05-24/5b067fd0b7155.JPG
INFO: [ app_init ] --START--
INFO: Run Behavior\BuildLiteBehavior [ RunTime:0.000021s ]
INFO: [ app_init ] --END-- [ RunTime:0.000368s ]

[ 2018-05-24T17:17:53+08:00 ] 127.0.0.1 /Admin
INFO: [ app_init ] --START--
INFO: Run Behavior\BuildLiteBehavior [ RunTime:0.000021s ]
INFO: [ app_init ] --END-- [ RunTime:0.000783s ]
INFO: [ app_begin ] --START--
INFO: Run Behavior\ReadHtmlCacheBehavior [ RunTime:0.000875s ]
INFO: [ app_begin ] --END-- [ RunTime:0.001014s ]
NOTIC: [8] A session had already been started - ignoring session_start() F:\www\Zt\Dbshop\ThinkPHP\Common\functions.php 第 1263 行.
INFO: [ view_parse ] --START--
INFO: [ template_filter ] --START--
INFO: Run Behavior\ContentReplaceBehavior [ RunTime:0.000234s ]
INFO: [ template_filter ] --END-- [ RunTime:0.000337s ]
INFO: Run Behavior\ParseTemplateBehavior [ RunTime:0.023480s ]
INFO: [ view_parse ] --END-- [ RunTime:0.023583s ]
INFO: [ view_filter ] --START--
INFO: Run Behavior\WriteHtmlCacheBehavior [ RunTime:0.000337s ]
INFO: [ view_filter ] --END-- [ RunTime:0.000423s ]
INFO: [ app_end ] --START--
INFO: Run Behavior\ShowPageTraceBehavior [ RunTime:0.000770s ]
INFO: [ app_end ] --END-- [ RunTime:0.000932s ]

[ 2018-05-24T17:17:53+08:00 ] 127.0.0.1 /index.php/Admin/index/main.html
INFO: [ app_init ] --START--
INFO: Run Behavior\BuildLiteBehavior [ RunTime:0.000020s ]
INFO: [ app_init ] --END-- [ RunTime:0.000365s ]
INFO: [ app_begin ] --START--
INFO: Run Behavior\ReadHtmlCacheBehavior [ RunTime:0.000551s ]
INFO: [ app_begin ] --END-- [ RunTime:0.000666s ]
NOTIC: [8] A session had already been started - ignoring session_start() F:\www\Zt\Dbshop\ThinkPHP\Common\functions.php 第 1263 行.
INFO: [ view_parse ] --START--
INFO: [ template_filter ] --START--
INFO: Run Behavior\ContentReplaceBehavior [ RunTime:0.000189s ]
INFO: [ template_filter ] --END-- [ RunTime:0.000298s ]
INFO: Run Behavior\ParseTemplateBehavior [ RunTime:0.030175s ]
INFO: [ view_parse ] --END-- [ RunTime:0.030293s ]
INFO: [ view_filter ] --START--
INFO: Run Behavior\WriteHtmlCacheBehavior [ RunTime:0.000387s ]
INFO: [ view_filter ] --END-- [ RunTime:0.000476s ]
INFO: [ app_end ] --START--
INFO: Run Behavior\ShowPageTraceBehavior [ RunTime:0.000668s ]
INFO: [ app_end ] --END-- [ RunTime:0.000852s ]

[ 2018-05-24T17:17:56+08:00 ] 127.0.0.1 /index.php/Admin/Goods/lists.html
INFO: [ app_init ] --START--
INFO: Run Behavior\BuildLiteBehavior [ RunTime:0.000021s ]
INFO: [ app_init ] --END-- [ RunTime:0.000365s ]
INFO: [ app_begin ] --START--
INFO: Run Behavior\ReadHtmlCacheBehavior [ RunTime:0.000473s ]
INFO: [ app_begin ] --END-- [ RunTime:0.000582s ]
NOTIC: [8] A session had already been started - ignoring session_start() F:\www\Zt\Dbshop\ThinkPHP\Common\functions.php 第 1263 行.
SQL: SHOW COLUMNS FROM `tb_goods` [ RunTime:0.0007s ]
SQL: SELECT * FROM `tb_goods` LIMIT 0,20   [ RunTime:0.0003s ]
SQL: SHOW COLUMNS FROM `tb_tags` [ RunTime:0.0009s ]
SQL: SELECT * FROM `tb_tags` WHERE `id` = 1 LIMIT 1   [ RunTime:0.0002s ]
SQL: SELECT * FROM `tb_tags` WHERE `id` = 2 LIMIT 1   [ RunTime:0.0002s ]
SQL: SELECT * FROM `tb_tags` WHERE `id` = 1 LIMIT 1   [ RunTime:0.0003s ]
SQL: SELECT * FROM `tb_tags` WHERE `id` = 2 LIMIT 1   [ RunTime:0.0004s ]
SQL: SELECT * FROM `tb_tags` WHERE `id` = 2 LIMIT 1   [ RunTime:0.0019s ]
INFO: [ view_parse ] --START--
INFO: [ template_filter ] --START--
INFO: Run Behavior\ContentReplaceBehavior [ RunTime:0.000080s ]
INFO: [ template_filter ] --END-- [ RunTime:0.000190s ]
NOTIC: [8] Undefined index: name F:\www\Zt\Dbshop\Application\Runtime\Cache\Admin\01ea1095153273d82c3a5707a91462bc.php 第 32 行.
NOTIC: [8] Undefined index: status F:\www\Zt\Dbshop\Application\Runtime\Cache\Admin\01ea1095153273d82c3a5707a91462bc.php 第 38 行.
NOTIC: [8] Undefined index: status F:\www\Zt\Dbshop\Application\Runtime\Cache\Admin\01ea1095153273d82c3a5707a91462bc.php 第 39 行.
NOTIC: [8] Undefined index: status F:\www\Zt\Dbshop\Application\Runtime\Cache\Admin\01ea1095153273d82c3a5707a91462bc.php 第 40 行.
NOTIC: [8] Undefined variable: page F:\www\Zt\Dbshop\Application\Runtime\Cache\Admin\01ea1095153273d82c3a5707a91462bc.php 第 91 行.
INFO: Run Behavior\ParseTemplateBehavior [ RunTime:0.036459s ]
INFO: [ view_parse ] --END-- [ RunTime:0.036630s ]
INFO: [ view_filter ] --START--
INFO: Run Behavior\WriteHtmlCacheBehavior [ RunTime:0.000374s ]
INFO: [ view_filter ] --END-- [ RunTime:0.000460s ]
INFO: [ app_end ] --START--
INFO: Run Behavior\ShowPageTraceBehavior [ RunTime:0.000499s ]
INFO: [ app_end ] --END-- [ RunTime:0.000597s ]

[ 2018-05-24T17:18:21+08:00 ] 127.0.0.1 /index.php/Admin/Goods/lists.html
INFO: [ app_init ] --START--
INFO: Run Behavior\BuildLiteBehavior [ RunTime:0.000019s ]
INFO: [ app_init ] --END-- [ RunTime:0.000368s ]
INFO: [ app_begin ] --START--
INFO: Run Behavior\ReadHtmlCacheBehavior [ RunTime:0.000475s ]
INFO: [ app_begin ] --END-- [ RunTime:0.000619s ]
NOTIC: [8] A session had already been started - ignoring session_start() F:\www\Zt\Dbshop\ThinkPHP\Common\functions.php 第 1263 行.
SQL: SHOW COLUMNS FROM `tb_goods` [ RunTime:0.0006s ]
SQL: SELECT * FROM `tb_goods` LIMIT 0,20   [ RunTime:0.0003s ]
SQL: SHOW COLUMNS FROM `tb_tags` [ RunTime:0.0004s ]
SQL: SELECT * FROM `tb_tags` WHERE `id` = 1 LIMIT 1   [ RunTime:0.0002s ]
SQL: SELECT * FROM `tb_tags` WHERE `id` = 2 LIMIT 1   [ RunTime:0.0002s ]
SQL: SELECT * FROM `tb_tags` WHERE `id` = 1 LIMIT 1   [ RunTime:0.0002s ]
SQL: SELECT * FROM `tb_tags` WHERE `id` = 2 LIMIT 1   [ RunTime:0.0002s ]
SQL: SELECT * FROM `tb_tags` WHERE `id` = 2 LIMIT 1   [ RunTime:0.0002s ]
INFO: [ view_parse ] --START--
INFO: [ template_filter ] --START--
INFO: Run Behavior\ContentReplaceBehavior [ RunTime:0.000180s ]
INFO: [ template_filter ] --END-- [ RunTime:0.000432s ]
NOTIC: [8] Undefined index: name F:\www\Zt\Dbshop\Application\Runtime\Cache\Admin\01ea1095153273d82c3a5707a91462bc.php 第 32 行.
NOTIC: [8] Undefined index: status F:\www\Zt\Dbshop\Application\Runtime\Cache\Admin\01ea1095153273d82c3a5707a91462bc.php 第 38 行.
NOTIC: [8] Undefined index: status F:\www\Zt\Dbshop\Application\Runtime\Cache\Admin\01ea1095153273d82c3a5707a91462bc.php 第 39 行.
NOTIC: [8] Undefined index: status F:\www\Zt\Dbshop\Application\Runtime\Cache\Admin\01ea1095153273d82c3a5707a91462bc.php 第 40 行.
NOTIC: [8] Undefined variable: page F:\www\Zt\Dbshop\Application\Runtime\Cache\Admin\01ea1095153273d82c3a5707a91462bc.php 第 91 行.
INFO: Run Behavior\ParseTemplateBehavior [ RunTime:0.011057s ]
INFO: [ view_parse ] --END-- [ RunTime:0.011151s ]
INFO: [ view_filter ] --START--
INFO: Run Behavior\WriteHtmlCacheBehavior [ RunTime:0.000263s ]
INFO: [ view_filter ] --END-- [ RunTime:0.000346s ]
INFO: [ app_end ] --START--
INFO: Run Behavior\ShowPageTraceBehavior [ RunTime:0.000416s ]
INFO: [ app_end ] --END-- [ RunTime:0.000504s ]

[ 2018-05-24T17:18:27+08:00 ] 127.0.0.1 /index.php/admin/goods/add.html
INFO: [ app_init ] --START--
INFO: Run Behavior\BuildLiteBehavior [ RunTime:0.000020s ]
INFO: [ app_init ] --END-- [ RunTime:0.000312s ]
INFO: [ app_begin ] --START--
INFO: Run Behavior\ReadHtmlCacheBehavior [ RunTime:0.000316s ]
INFO: [ app_begin ] --END-- [ RunTime:0.000409s ]
NOTIC: [8] A session had already been started - ignoring session_start() F:\www\Zt\Dbshop\ThinkPHP\Common\functions.php 第 1263 行.
SQL: SHOW COLUMNS FROM `tb_tags` [ RunTime:0.0006s ]
SQL: SELECT * FROM `tb_tags`  [ RunTime:0.0002s ]
INFO: [ view_parse ] --START--
INFO: [ template_filter ] --START--
INFO: Run Behavior\ContentReplaceBehavior [ RunTime:0.000069s ]
INFO: [ template_filter ] --END-- [ RunTime:0.000163s ]
INFO: Run Behavior\ParseTemplateBehavior [ RunTime:0.021367s ]
INFO: [ view_parse ] --END-- [ RunTime:0.021490s ]
INFO: [ view_filter ] --START--
INFO: Run Behavior\WriteHtmlCacheBehavior [ RunTime:0.000216s ]
INFO: [ view_filter ] --END-- [ RunTime:0.000300s ]
INFO: [ app_end ] --START--
INFO: Run Behavior\ShowPageTraceBehavior [ RunTime:0.000449s ]
INFO: [ app_end ] --END-- [ RunTime:0.000538s ]

[ 2018-05-24T17:18:27+08:00 ] 127.0.0.1 /index.php/admin/goods/favicon.ico
INFO: [ app_init ] --START--
INFO: Run Behavior\BuildLiteBehavior [ RunTime:0.000075s ]
INFO: [ app_init ] --END-- [ RunTime:0.001540s ]

[ 2018-05-24T17:18:43+08:00 ] 127.0.0.1 /index.php/admin/goods/doadd.html
INFO: [ app_init ] --START--
INFO: Run Behavior\BuildLiteBehavior [ RunTime:0.000046s ]
INFO: [ app_init ] --END-- [ RunTime:0.000895s ]
INFO: [ app_begin ] --START--
INFO: Run Behavior\ReadHtmlCacheBehavior [ RunTime:0.000351s ]
INFO: [ app_begin ] --END-- [ RunTime:0.000451s ]
NOTIC: [8] A session had already been started - ignoring session_start() F:\www\Zt\Dbshop\ThinkPHP\Common\functions.php 第 1263 行.
NOTIC: [2] call_user_func() expects parameter 1 to be a valid callback, no array or string given F:\www\Zt\Dbshop\ThinkPHP\Library\Think\Upload.class.php 第 170 行.
SQL: SHOW COLUMNS FROM `tb_goods` [ RunTime:0.0006s ]
SQL: INSERT INTO `tb_goods` (`goods_name`,`goods_info`,`image`,`price`,`tag_id`,`createtime`,`updatetime`) VALUES ('wanfan','haochi','./Uploads/2018-05-24/5b06837350b9a.jpg','5000','1,2','2018-05-24 17:18:43','2018-05-24 17:18:43') [ RunTime:0.0019s ]
INFO: [ view_parse ] --START--
INFO: [ template_filter ] --START--
INFO: Run Behavior\ContentReplaceBehavior [ RunTime:0.000054s ]
INFO: [ template_filter ] --END-- [ RunTime:0.000149s ]
INFO: Run Behavior\ParseTemplateBehavior [ RunTime:0.008166s ]
INFO: [ view_parse ] --END-- [ RunTime:0.008269s ]
INFO: [ view_filter ] --START--
INFO: Run Behavior\WriteHtmlCacheBehavior [ RunTime:0.000713s ]
INFO: [ view_filter ] --END-- [ RunTime:0.000800s ]
INFO: [ app_end ] --START--
INFO: Run Behavior\ShowPageTraceBehavior [ RunTime:0.000827s ]
INFO: [ app_end ] --END-- [ RunTime:0.000917s ]

[ 2018-05-24T17:18:44+08:00 ] 127.0.0.1 /index.php/admin/goods/lists
INFO: [ app_init ] --START--
INFO: Run Behavior\BuildLiteBehavior [ RunTime:0.000019s ]
INFO: [ app_init ] --END-- [ RunTime:0.000436s ]
INFO: [ app_begin ] --START--
INFO: Run Behavior\ReadHtmlCacheBehavior [ RunTime:0.001119s ]
INFO: [ app_begin ] --END-- [ RunTime:0.001225s ]
NOTIC: [8] A session had already been started - ignoring session_start() F:\www\Zt\Dbshop\ThinkPHP\Common\functions.php 第 1263 行.
SQL: SHOW COLUMNS FROM `tb_goods` [ RunTime:0.0006s ]
SQL: SELECT * FROM `tb_goods` LIMIT 0,20   [ RunTime:0.0002s ]
SQL: SHOW COLUMNS FROM `tb_tags` [ RunTime:0.0004s ]
SQL: SELECT * FROM `tb_tags` WHERE `id` = 1 LIMIT 1   [ RunTime:0.0002s ]
SQL: SELECT * FROM `tb_tags` WHERE `id` = 2 LIMIT 1   [ RunTime:0.0002s ]
SQL: SELECT * FROM `tb_tags` WHERE `id` = 1 LIMIT 1   [ RunTime:0.0002s ]
SQL: SELECT * FROM `tb_tags` WHERE `id` = 2 LIMIT 1   [ RunTime:0.0002s ]
SQL: SELECT * FROM `tb_tags` WHERE `id` = 2 LIMIT 1   [ RunTime:0.0002s ]
SQL: SELECT * FROM `tb_tags` WHERE `id` = 1 LIMIT 1   [ RunTime:0.0002s ]
SQL: SELECT * FROM `tb_tags` WHERE `id` = 2 LIMIT 1   [ RunTime:0.0002s ]
INFO: [ view_parse ] --START--
INFO: [ template_filter ] --START--
INFO: Run Behavior\ContentReplaceBehavior [ RunTime:0.000077s ]
INFO: [ template_filter ] --END-- [ RunTime:0.000173s ]
NOTIC: [8] Undefined index: name F:\www\Zt\Dbshop\Application\Runtime\Cache\Admin\01ea1095153273d82c3a5707a91462bc.php 第 32 行.
NOTIC: [8] Undefined index: status F:\www\Zt\Dbshop\Application\Runtime\Cache\Admin\01ea1095153273d82c3a5707a91462bc.php 第 38 行.
NOTIC: [8] Undefined index: status F:\www\Zt\Dbshop\Application\Runtime\Cache\Admin\01ea1095153273d82c3a5707a91462bc.php 第 39 行.
NOTIC: [8] Undefined index: status F:\www\Zt\Dbshop\Application\Runtime\Cache\Admin\01ea1095153273d82c3a5707a91462bc.php 第 40 行.
NOTIC: [8] Undefined variable: page F:\www\Zt\Dbshop\Application\Runtime\Cache\Admin\01ea1095153273d82c3a5707a91462bc.php 第 91 行.
INFO: Run Behavior\ParseTemplateBehavior [ RunTime:0.012734s ]
INFO: [ view_parse ] --END-- [ RunTime:0.012831s ]
INFO: [ view_filter ] --START--
INFO: Run Behavior\WriteHtmlCacheBehavior [ RunTime:0.000693s ]
INFO: [ view_filter ] --END-- [ RunTime:0.000779s ]
INFO: [ app_end ] --START--
INFO: Run Behavior\ShowPageTraceBehavior [ RunTime:0.001223s ]
INFO: [ app_end ] --END-- [ RunTime:0.001331s ]

[ 2018-05-24T17:18:54+08:00 ] 127.0.0.1 /index.php/Admin/Goods/lists.html?v=4.0
INFO: [ app_init ] --START--
INFO: Run Behavior\BuildLiteBehavior [ RunTime:0.000023s ]
INFO: [ app_init ] --END-- [ RunTime:0.000511s ]
INFO: [ app_begin ] --START--
INFO: Run Behavior\ReadHtmlCacheBehavior [ RunTime:0.000507s ]
INFO: [ app_begin ] --END-- [ RunTime:0.000617s ]
NOTIC: [8] A session had already been started - ignoring session_start() F:\www\Zt\Dbshop\ThinkPHP\Common\functions.php 第 1263 行.
SQL: SHOW COLUMNS FROM `tb_goods` [ RunTime:0.0006s ]
SQL: SELECT * FROM `tb_goods` LIMIT 0,20   [ RunTime:0.0003s ]
SQL: SHOW COLUMNS FROM `tb_tags` [ RunTime:0.0004s ]
SQL: SELECT * FROM `tb_tags` WHERE `id` = 1 LIMIT 1   [ RunTime:0.0002s ]
SQL: SELECT * FROM `tb_tags` WHERE `id` = 2 LIMIT 1   [ RunTime:0.0002s ]
SQL: SELECT * FROM `tb_tags` WHERE `id` = 1 LIMIT 1   [ RunTime:0.0002s ]
SQL: SELECT * FROM `tb_tags` WHERE `id` = 2 LIMIT 1   [ RunTime:0.0003s ]
SQL: SELECT * FROM `tb_tags` WHERE `id` = 2 LIMIT 1   [ RunTime:0.0002s ]
SQL: SELECT * FROM `tb_tags` WHERE `id` = 1 LIMIT 1   [ RunTime:0.0009s ]
SQL: SELECT * FROM `tb_tags` WHERE `id` = 2 LIMIT 1   [ RunTime:0.0014s ]
INFO: [ view_parse ] --START--
INFO: [ template_filter ] --START--
INFO: Run Behavior\ContentReplaceBehavior [ RunTime:0.000090s ]
INFO: [ template_filter ] --END-- [ RunTime:0.000189s ]
NOTIC: [8] Undefined index: name F:\www\Zt\Dbshop\Application\Runtime\Cache\Admin\01ea1095153273d82c3a5707a91462bc.php 第 32 行.
NOTIC: [8] Undefined index: status F:\www\Zt\Dbshop\Application\Runtime\Cache\Admin\01ea1095153273d82c3a5707a91462bc.php 第 38 行.
NOTIC: [8] Undefined index: status F:\www\Zt\Dbshop\Application\Runtime\Cache\Admin\01ea1095153273d82c3a5707a91462bc.php 第 39 行.
NOTIC: [8] Undefined index: status F:\www\Zt\Dbshop\Application\Runtime\Cache\Admin\01ea1095153273d82c3a5707a91462bc.php 第 40 行.
NOTIC: [8] Undefined variable: page F:\www\Zt\Dbshop\Application\Runtime\Cache\Admin\01ea1095153273d82c3a5707a91462bc.php 第 91 行.
INFO: Run Behavior\ParseTemplateBehavior [ RunTime:0.012508s ]
INFO: [ view_parse ] --END-- [ RunTime:0.012823s ]
INFO: [ view_filter ] --START--
INFO: Run Behavior\WriteHtmlCacheBehavior [ RunTime:0.001556s ]
INFO: [ view_filter ] --END-- [ RunTime:0.001800s ]
INFO: [ app_end ] --START--
INFO: Run Behavior\ShowPageTraceBehavior [ RunTime:0.000581s ]
INFO: [ app_end ] --END-- [ RunTime:0.000694s ]

